ARM GAS  C:\Users\EDTRIC~1\AppData\Local\Temp\ccy7yPaI.s 			page 1


   1              		.cpu cortex-m0
   2              		.fpu softvfp
   3              		.eabi_attribute 20, 1
   4              		.eabi_attribute 21, 1
   5              		.eabi_attribute 23, 3
   6              		.eabi_attribute 24, 1
   7              		.eabi_attribute 25, 1
   8              		.eabi_attribute 26, 1
   9              		.eabi_attribute 30, 1
  10              		.eabi_attribute 34, 0
  11              		.eabi_attribute 18, 4
  12              		.code	16
  13              		.file	"cyfitter_cfg.c"
  14              		.text
  15              	.Ltext0:
  16              		.cfi_sections	.debug_frame
  17              		.section	.text.CYMEMZERO,"ax",%progbits
  18              		.align	2
  19              		.code	16
  20              		.thumb_func
  21              		.type	CYMEMZERO, %function
  22              	CYMEMZERO:
  23              	.LFB0:
  24              		.file 1 ".\\Generated_Source\\PSoC4\\cyfitter_cfg.c"
   1:.\Generated_Source\PSoC4/cyfitter_cfg.c **** /*******************************************************************************
   2:.\Generated_Source\PSoC4/cyfitter_cfg.c **** * FILENAME: cyfitter_cfg.c
   3:.\Generated_Source\PSoC4/cyfitter_cfg.c **** * 
   4:.\Generated_Source\PSoC4/cyfitter_cfg.c **** * PSoC Creator  3.2
   5:.\Generated_Source\PSoC4/cyfitter_cfg.c **** *
   6:.\Generated_Source\PSoC4/cyfitter_cfg.c **** * DESCRIPTION:
   7:.\Generated_Source\PSoC4/cyfitter_cfg.c **** * This file contains device initialization code.
   8:.\Generated_Source\PSoC4/cyfitter_cfg.c **** * Except for the user defined sections in CyClockStartupError(), this file should not be modified.
   9:.\Generated_Source\PSoC4/cyfitter_cfg.c **** * This file is automatically generated by PSoC Creator.
  10:.\Generated_Source\PSoC4/cyfitter_cfg.c **** *
  11:.\Generated_Source\PSoC4/cyfitter_cfg.c **** ********************************************************************************
  12:.\Generated_Source\PSoC4/cyfitter_cfg.c **** * Copyright (c) 2007-2015 Cypress Semiconductor.  All rights reserved.
  13:.\Generated_Source\PSoC4/cyfitter_cfg.c **** * You may use this file only in accordance with the license, terms, conditions, 
  14:.\Generated_Source\PSoC4/cyfitter_cfg.c **** * disclaimers, and limitations in the end user license agreement accompanying 
  15:.\Generated_Source\PSoC4/cyfitter_cfg.c **** * the software package with which this file was provided.
  16:.\Generated_Source\PSoC4/cyfitter_cfg.c **** ********************************************************************************/
  17:.\Generated_Source\PSoC4/cyfitter_cfg.c **** 
  18:.\Generated_Source\PSoC4/cyfitter_cfg.c **** #include <string.h>
  19:.\Generated_Source\PSoC4/cyfitter_cfg.c **** #include "cytypes.h"
  20:.\Generated_Source\PSoC4/cyfitter_cfg.c **** #include "cydevice_trm.h"
  21:.\Generated_Source\PSoC4/cyfitter_cfg.c **** #include "cyfitter.h"
  22:.\Generated_Source\PSoC4/cyfitter_cfg.c **** #include "CyLib.h"
  23:.\Generated_Source\PSoC4/cyfitter_cfg.c **** #include "CyLFClk.h"
  24:.\Generated_Source\PSoC4/cyfitter_cfg.c **** #include "cyfitter_cfg.h"
  25:.\Generated_Source\PSoC4/cyfitter_cfg.c **** 
  26:.\Generated_Source\PSoC4/cyfitter_cfg.c **** 
  27:.\Generated_Source\PSoC4/cyfitter_cfg.c **** #if defined(__GNUC__) || defined(__ARMCC_VERSION)
  28:.\Generated_Source\PSoC4/cyfitter_cfg.c ****     #define CYPACKED 
  29:.\Generated_Source\PSoC4/cyfitter_cfg.c ****     #define CYPACKED_ATTR __attribute__ ((packed))
  30:.\Generated_Source\PSoC4/cyfitter_cfg.c ****     #define CYALIGNED __attribute__ ((aligned))
  31:.\Generated_Source\PSoC4/cyfitter_cfg.c ****     #define CY_CFG_UNUSED __attribute__ ((unused))
  32:.\Generated_Source\PSoC4/cyfitter_cfg.c ****     #define CY_CFG_SECTION __attribute__ ((section(".psocinit")))
  33:.\Generated_Source\PSoC4/cyfitter_cfg.c ****     
ARM GAS  C:\Users\EDTRIC~1\AppData\Local\Temp\ccy7yPaI.s 			page 2


  34:.\Generated_Source\PSoC4/cyfitter_cfg.c ****     #if defined(__ARMCC_VERSION)
  35:.\Generated_Source\PSoC4/cyfitter_cfg.c ****         #define CY_CFG_MEMORY_BARRIER() __memory_changed()
  36:.\Generated_Source\PSoC4/cyfitter_cfg.c ****     #else
  37:.\Generated_Source\PSoC4/cyfitter_cfg.c ****         #define CY_CFG_MEMORY_BARRIER() __sync_synchronize()
  38:.\Generated_Source\PSoC4/cyfitter_cfg.c ****     #endif
  39:.\Generated_Source\PSoC4/cyfitter_cfg.c ****     
  40:.\Generated_Source\PSoC4/cyfitter_cfg.c **** #elif defined(__ICCARM__)
  41:.\Generated_Source\PSoC4/cyfitter_cfg.c ****     #include <intrinsics.h>
  42:.\Generated_Source\PSoC4/cyfitter_cfg.c **** 
  43:.\Generated_Source\PSoC4/cyfitter_cfg.c ****     #define CYPACKED __packed
  44:.\Generated_Source\PSoC4/cyfitter_cfg.c ****     #define CYPACKED_ATTR 
  45:.\Generated_Source\PSoC4/cyfitter_cfg.c ****     #define CYALIGNED _Pragma("data_alignment=4")
  46:.\Generated_Source\PSoC4/cyfitter_cfg.c ****     #define CY_CFG_UNUSED _Pragma("diag_suppress=Pe177")
  47:.\Generated_Source\PSoC4/cyfitter_cfg.c ****     #define CY_CFG_SECTION _Pragma("location=\".psocinit\"")
  48:.\Generated_Source\PSoC4/cyfitter_cfg.c ****     
  49:.\Generated_Source\PSoC4/cyfitter_cfg.c ****     #define CY_CFG_MEMORY_BARRIER() __DMB()
  50:.\Generated_Source\PSoC4/cyfitter_cfg.c ****     
  51:.\Generated_Source\PSoC4/cyfitter_cfg.c **** #else
  52:.\Generated_Source\PSoC4/cyfitter_cfg.c ****     #error Unsupported toolchain
  53:.\Generated_Source\PSoC4/cyfitter_cfg.c **** #endif
  54:.\Generated_Source\PSoC4/cyfitter_cfg.c **** 
  55:.\Generated_Source\PSoC4/cyfitter_cfg.c **** 
  56:.\Generated_Source\PSoC4/cyfitter_cfg.c **** CY_CFG_UNUSED
  57:.\Generated_Source\PSoC4/cyfitter_cfg.c **** static void CYMEMZERO(void *s, size_t n);
  58:.\Generated_Source\PSoC4/cyfitter_cfg.c **** CY_CFG_UNUSED
  59:.\Generated_Source\PSoC4/cyfitter_cfg.c **** static void CYMEMZERO(void *s, size_t n)
  60:.\Generated_Source\PSoC4/cyfitter_cfg.c **** {
  25              		.loc 1 60 0
  26              		.cfi_startproc
  27              	.LVL0:
  28 0000 08B5     		push	{r3, lr}
  29              		.cfi_def_cfa_offset 8
  30              		.cfi_offset 3, -8
  31              		.cfi_offset 14, -4
  32 0002 0A1C     		mov	r2, r1
  61:.\Generated_Source\PSoC4/cyfitter_cfg.c **** 	(void)memset(s, 0, n);
  33              		.loc 1 61 0
  34 0004 0021     		mov	r1, #0
  35              	.LVL1:
  36 0006 FFF7FEFF 		bl	memset
  37              	.LVL2:
  62:.\Generated_Source\PSoC4/cyfitter_cfg.c **** }
  38              		.loc 1 62 0
  39              		@ sp needed
  40 000a 08BD     		pop	{r3, pc}
  41              		.cfi_endproc
  42              	.LFE0:
  43              		.size	CYMEMZERO, .-CYMEMZERO
  44              		.section	.psocinit,"ax",%progbits
  45              		.align	2
  46              		.code	16
  47              		.thumb_func
  48              		.type	ClockSetup, %function
  49              	ClockSetup:
  50              	.LFB3:
  63:.\Generated_Source\PSoC4/cyfitter_cfg.c **** CY_CFG_UNUSED
  64:.\Generated_Source\PSoC4/cyfitter_cfg.c **** static void CYCONFIGCPY(void *dest, const void *src, size_t n);
ARM GAS  C:\Users\EDTRIC~1\AppData\Local\Temp\ccy7yPaI.s 			page 3


  65:.\Generated_Source\PSoC4/cyfitter_cfg.c **** CY_CFG_UNUSED
  66:.\Generated_Source\PSoC4/cyfitter_cfg.c **** static void CYCONFIGCPY(void *dest, const void *src, size_t n)
  67:.\Generated_Source\PSoC4/cyfitter_cfg.c **** {
  68:.\Generated_Source\PSoC4/cyfitter_cfg.c **** 	(void)memcpy(dest, src, n);
  69:.\Generated_Source\PSoC4/cyfitter_cfg.c **** }
  70:.\Generated_Source\PSoC4/cyfitter_cfg.c **** CY_CFG_UNUSED
  71:.\Generated_Source\PSoC4/cyfitter_cfg.c **** static void CYCONFIGCPYCODE(void *dest, const void *src, size_t n);
  72:.\Generated_Source\PSoC4/cyfitter_cfg.c **** CY_CFG_UNUSED
  73:.\Generated_Source\PSoC4/cyfitter_cfg.c **** static void CYCONFIGCPYCODE(void *dest, const void *src, size_t n)
  74:.\Generated_Source\PSoC4/cyfitter_cfg.c **** {
  75:.\Generated_Source\PSoC4/cyfitter_cfg.c **** 	(void)memcpy(dest, src, n);
  76:.\Generated_Source\PSoC4/cyfitter_cfg.c **** }
  77:.\Generated_Source\PSoC4/cyfitter_cfg.c **** 
  78:.\Generated_Source\PSoC4/cyfitter_cfg.c **** 
  79:.\Generated_Source\PSoC4/cyfitter_cfg.c **** 
  80:.\Generated_Source\PSoC4/cyfitter_cfg.c **** /* Clock startup error codes                                                   */
  81:.\Generated_Source\PSoC4/cyfitter_cfg.c **** #define CYCLOCKSTART_NO_ERROR    0u
  82:.\Generated_Source\PSoC4/cyfitter_cfg.c **** #define CYCLOCKSTART_XTAL_ERROR  1u
  83:.\Generated_Source\PSoC4/cyfitter_cfg.c **** #define CYCLOCKSTART_32KHZ_ERROR 2u
  84:.\Generated_Source\PSoC4/cyfitter_cfg.c **** #define CYCLOCKSTART_PLL_ERROR   3u
  85:.\Generated_Source\PSoC4/cyfitter_cfg.c **** 
  86:.\Generated_Source\PSoC4/cyfitter_cfg.c **** #ifdef CY_NEED_CYCLOCKSTARTUPERROR
  87:.\Generated_Source\PSoC4/cyfitter_cfg.c **** /*******************************************************************************
  88:.\Generated_Source\PSoC4/cyfitter_cfg.c **** * Function Name: CyClockStartupError
  89:.\Generated_Source\PSoC4/cyfitter_cfg.c **** ********************************************************************************
  90:.\Generated_Source\PSoC4/cyfitter_cfg.c **** * Summary:
  91:.\Generated_Source\PSoC4/cyfitter_cfg.c **** *  If an error is encountered during clock configuration (crystal startup error,
  92:.\Generated_Source\PSoC4/cyfitter_cfg.c **** *  PLL lock error, etc.), the system will end up here.  Unless reimplemented by
  93:.\Generated_Source\PSoC4/cyfitter_cfg.c **** *  the customer, this function will stop in an infinite loop.
  94:.\Generated_Source\PSoC4/cyfitter_cfg.c **** *
  95:.\Generated_Source\PSoC4/cyfitter_cfg.c **** * Parameters:
  96:.\Generated_Source\PSoC4/cyfitter_cfg.c **** *   void
  97:.\Generated_Source\PSoC4/cyfitter_cfg.c **** *
  98:.\Generated_Source\PSoC4/cyfitter_cfg.c **** * Return:
  99:.\Generated_Source\PSoC4/cyfitter_cfg.c **** *   void
 100:.\Generated_Source\PSoC4/cyfitter_cfg.c **** *
 101:.\Generated_Source\PSoC4/cyfitter_cfg.c **** *******************************************************************************/
 102:.\Generated_Source\PSoC4/cyfitter_cfg.c **** CY_CFG_UNUSED
 103:.\Generated_Source\PSoC4/cyfitter_cfg.c **** static void CyClockStartupError(uint8 errorCode);
 104:.\Generated_Source\PSoC4/cyfitter_cfg.c **** CY_CFG_UNUSED
 105:.\Generated_Source\PSoC4/cyfitter_cfg.c **** static void CyClockStartupError(uint8 errorCode)
 106:.\Generated_Source\PSoC4/cyfitter_cfg.c **** {
 107:.\Generated_Source\PSoC4/cyfitter_cfg.c ****     /* To remove the compiler warning if errorCode not used.                */
 108:.\Generated_Source\PSoC4/cyfitter_cfg.c ****     errorCode = errorCode;
 109:.\Generated_Source\PSoC4/cyfitter_cfg.c **** 
 110:.\Generated_Source\PSoC4/cyfitter_cfg.c ****     /* `#START CyClockStartupError` */
 111:.\Generated_Source\PSoC4/cyfitter_cfg.c **** 
 112:.\Generated_Source\PSoC4/cyfitter_cfg.c ****     /* If we have a clock startup error (bad MHz crystal, PLL lock, etc.),  */
 113:.\Generated_Source\PSoC4/cyfitter_cfg.c ****     /* we will end up here to allow the customer to implement something to  */
 114:.\Generated_Source\PSoC4/cyfitter_cfg.c ****     /* deal with the clock condition.                                       */
 115:.\Generated_Source\PSoC4/cyfitter_cfg.c **** 
 116:.\Generated_Source\PSoC4/cyfitter_cfg.c ****     /* `#END` */
 117:.\Generated_Source\PSoC4/cyfitter_cfg.c **** 
 118:.\Generated_Source\PSoC4/cyfitter_cfg.c ****     /* If nothing else, stop here since the clocks have not started         */
 119:.\Generated_Source\PSoC4/cyfitter_cfg.c ****     /* correctly.                                                           */
 120:.\Generated_Source\PSoC4/cyfitter_cfg.c ****     while(1) {}
 121:.\Generated_Source\PSoC4/cyfitter_cfg.c **** }
ARM GAS  C:\Users\EDTRIC~1\AppData\Local\Temp\ccy7yPaI.s 			page 4


 122:.\Generated_Source\PSoC4/cyfitter_cfg.c **** #endif
 123:.\Generated_Source\PSoC4/cyfitter_cfg.c **** 
 124:.\Generated_Source\PSoC4/cyfitter_cfg.c **** 
 125:.\Generated_Source\PSoC4/cyfitter_cfg.c **** 
 126:.\Generated_Source\PSoC4/cyfitter_cfg.c **** /*******************************************************************************
 127:.\Generated_Source\PSoC4/cyfitter_cfg.c **** * Function Name: ClockSetup
 128:.\Generated_Source\PSoC4/cyfitter_cfg.c **** ********************************************************************************
 129:.\Generated_Source\PSoC4/cyfitter_cfg.c **** *
 130:.\Generated_Source\PSoC4/cyfitter_cfg.c **** * Summary:
 131:.\Generated_Source\PSoC4/cyfitter_cfg.c **** *   Performs the initialization of all of the clocks in the device based on the
 132:.\Generated_Source\PSoC4/cyfitter_cfg.c **** *   settings in the Clock tab of the DWR.  This includes enabling the requested
 133:.\Generated_Source\PSoC4/cyfitter_cfg.c **** *   clocks and setting the necessary dividers to produce the desired frequency. 
 134:.\Generated_Source\PSoC4/cyfitter_cfg.c **** *
 135:.\Generated_Source\PSoC4/cyfitter_cfg.c **** * Parameters:
 136:.\Generated_Source\PSoC4/cyfitter_cfg.c **** *   void
 137:.\Generated_Source\PSoC4/cyfitter_cfg.c **** *
 138:.\Generated_Source\PSoC4/cyfitter_cfg.c **** * Return:
 139:.\Generated_Source\PSoC4/cyfitter_cfg.c **** *   void
 140:.\Generated_Source\PSoC4/cyfitter_cfg.c **** *
 141:.\Generated_Source\PSoC4/cyfitter_cfg.c **** *******************************************************************************/
 142:.\Generated_Source\PSoC4/cyfitter_cfg.c **** static void ClockSetup(void);
 143:.\Generated_Source\PSoC4/cyfitter_cfg.c **** CY_CFG_SECTION
 144:.\Generated_Source\PSoC4/cyfitter_cfg.c **** static void ClockSetup(void)
 145:.\Generated_Source\PSoC4/cyfitter_cfg.c **** {
  51              		.loc 1 145 0
  52              		.cfi_startproc
  53 0000 10B5     		push	{r4, lr}
  54              		.cfi_def_cfa_offset 8
  55              		.cfi_offset 4, -8
  56              		.cfi_offset 14, -4
 146:.\Generated_Source\PSoC4/cyfitter_cfg.c **** 	/* Enable HALF_EN before trimming for the flash accelerator. */
 147:.\Generated_Source\PSoC4/cyfitter_cfg.c **** 	CY_SET_REG32((void CYXDATA *)(CYREG_CLK_SELECT), (CY_GET_REG32((void *)CYREG_CLK_SELECT) | 0x00040
  57              		.loc 1 147 0
  58 0002 154C     		ldr	r4, .L3
  59 0004 2268     		ldr	r2, [r4]
  60 0006 8023     		mov	r3, #128
  61 0008 DB02     		lsl	r3, r3, #11
  62 000a 1343     		orr	r3, r2
  63 000c 2360     		str	r3, [r4]
 148:.\Generated_Source\PSoC4/cyfitter_cfg.c **** 
 149:.\Generated_Source\PSoC4/cyfitter_cfg.c **** 	/* Setup and trim IMO based on desired frequency. */
 150:.\Generated_Source\PSoC4/cyfitter_cfg.c **** 	CySysClkWriteImoFreq(24u);
  64              		.loc 1 150 0
  65 000e 1820     		mov	r0, #24
  66 0010 FFF7FEFF 		bl	CySysClkWriteImoFreq
  67              	.LVL3:
 151:.\Generated_Source\PSoC4/cyfitter_cfg.c **** 
 152:.\Generated_Source\PSoC4/cyfitter_cfg.c **** 	/* Disable HALF_EN since it is not required at this IMO frequency. */
 153:.\Generated_Source\PSoC4/cyfitter_cfg.c **** 	CY_SET_REG32((void CYXDATA *)(CYREG_CLK_SELECT), (CY_GET_REG32((void *)CYREG_CLK_SELECT) & 0xFFFBF
  68              		.loc 1 153 0
  69 0014 2268     		ldr	r2, [r4]
  70 0016 114B     		ldr	r3, .L3+4
  71 0018 1340     		and	r3, r2
  72 001a 2360     		str	r3, [r4]
 154:.\Generated_Source\PSoC4/cyfitter_cfg.c **** 	/* CYDEV_CLK_ILO_CONFIG Starting address: CYDEV_CLK_ILO_CONFIG */
 155:.\Generated_Source\PSoC4/cyfitter_cfg.c **** 	CY_SET_XTND_REG32((void CYFAR *)(CYREG_CLK_ILO_CONFIG), 0x80000006u);
  73              		.loc 1 155 0
ARM GAS  C:\Users\EDTRIC~1\AppData\Local\Temp\ccy7yPaI.s 			page 5


  74 001c 104A     		ldr	r2, .L3+8
  75 001e 114B     		ldr	r3, .L3+12
  76 0020 1A60     		str	r2, [r3]
 156:.\Generated_Source\PSoC4/cyfitter_cfg.c **** 
 157:.\Generated_Source\PSoC4/cyfitter_cfg.c **** 
 158:.\Generated_Source\PSoC4/cyfitter_cfg.c **** 	/* CYDEV_CLK_SELECT00 Starting address: CYDEV_CLK_SELECT00 */
 159:.\Generated_Source\PSoC4/cyfitter_cfg.c **** 	CY_SET_XTND_REG32((void CYFAR *)(CYREG_CLK_SELECT02), 0x00000010u);
  77              		.loc 1 159 0
  78 0022 1022     		mov	r2, #16
  79 0024 104B     		ldr	r3, .L3+16
  80 0026 1A60     		str	r2, [r3]
 160:.\Generated_Source\PSoC4/cyfitter_cfg.c **** 	CY_SET_XTND_REG32((void CYFAR *)(CYREG_CLK_SELECT03), 0x00000020u);
  81              		.loc 1 160 0
  82 0028 2022     		mov	r2, #32
  83 002a 104B     		ldr	r3, .L3+20
  84 002c 1A60     		str	r2, [r3]
 161:.\Generated_Source\PSoC4/cyfitter_cfg.c **** 
 162:.\Generated_Source\PSoC4/cyfitter_cfg.c **** 	/* CYDEV_CLK_IMO_CONFIG Starting address: CYDEV_CLK_IMO_CONFIG */
 163:.\Generated_Source\PSoC4/cyfitter_cfg.c **** 	CY_SET_XTND_REG32((void CYFAR *)(CYREG_CLK_IMO_CONFIG), 0x80000000u);
  85              		.loc 1 163 0
  86 002e 8022     		mov	r2, #128
  87 0030 1206     		lsl	r2, r2, #24
  88 0032 0F4B     		ldr	r3, .L3+24
  89 0034 1A60     		str	r2, [r3]
 164:.\Generated_Source\PSoC4/cyfitter_cfg.c **** 
 165:.\Generated_Source\PSoC4/cyfitter_cfg.c **** 	/* CYDEV_CLK_DIVIDER_A00 Starting address: CYDEV_CLK_DIVIDER_A00 */
 166:.\Generated_Source\PSoC4/cyfitter_cfg.c **** 	CY_SET_XTND_REG32((void CYFAR *)(CYREG_CLK_DIVIDER_A00), 0x8000000Eu);
  90              		.loc 1 166 0
  91 0036 0F4A     		ldr	r2, .L3+28
  92 0038 0F4B     		ldr	r3, .L3+32
  93 003a 1A60     		str	r2, [r3]
 167:.\Generated_Source\PSoC4/cyfitter_cfg.c **** 
 168:.\Generated_Source\PSoC4/cyfitter_cfg.c **** 	/* CYDEV_CLK_DIVIDER_B00 Starting address: CYDEV_CLK_DIVIDER_B00 */
 169:.\Generated_Source\PSoC4/cyfitter_cfg.c **** 	CY_SET_XTND_REG32((void CYFAR *)(CYREG_CLK_DIVIDER_B00), 0x80000010u);
  94              		.loc 1 169 0
  95 003c 0F4A     		ldr	r2, .L3+36
  96 003e 104B     		ldr	r3, .L3+40
  97 0040 1A60     		str	r2, [r3]
 170:.\Generated_Source\PSoC4/cyfitter_cfg.c **** 
 171:.\Generated_Source\PSoC4/cyfitter_cfg.c **** 	(void)CyIntSetVector(9u, &CySysWdtIsr);
  98              		.loc 1 171 0
  99 0042 0920     		mov	r0, #9
 100 0044 0F49     		ldr	r1, .L3+44
 101 0046 FFF7FEFF 		bl	CyIntSetVector
 102              	.LVL4:
 172:.\Generated_Source\PSoC4/cyfitter_cfg.c **** 	CyIntEnable(9u);
 103              		.loc 1 172 0
 104 004a 0920     		mov	r0, #9
 105 004c FFF7FEFF 		bl	CyIntEnable
 106              	.LVL5:
 173:.\Generated_Source\PSoC4/cyfitter_cfg.c **** 	CY_SET_XTND_REG32((void CYFAR *)(CYREG_WDT_CONFIG), 0x00000000u);
 107              		.loc 1 173 0
 108 0050 0022     		mov	r2, #0
 109 0052 0D4B     		ldr	r3, .L3+48
 110 0054 1A60     		str	r2, [r3]
 174:.\Generated_Source\PSoC4/cyfitter_cfg.c **** }
 111              		.loc 1 174 0
ARM GAS  C:\Users\EDTRIC~1\AppData\Local\Temp\ccy7yPaI.s 			page 6


 112              		@ sp needed
 113 0056 10BD     		pop	{r4, pc}
 114              	.L4:
 115              		.align	2
 116              	.L3:
 117 0058 00010B40 		.word	1074462976
 118 005c FFFFFBFF 		.word	-262145
 119 0060 06000080 		.word	-2147483642
 120 0064 04010B40 		.word	1074462980
 121 0068 08020240 		.word	1073873416
 122 006c 0C020240 		.word	1073873420
 123 0070 08010B40 		.word	1074462984
 124 0074 0E000080 		.word	-2147483634
 125 0078 00000240 		.word	1073872896
 126 007c 10000080 		.word	-2147483632
 127 0080 40000240 		.word	1073872960
 128 0084 00000000 		.word	CySysWdtIsr
 129 0088 0C020B40 		.word	1074463244
 130              		.cfi_endproc
 131              	.LFE3:
 132              		.size	ClockSetup, .-ClockSetup
 133              		.align	2
 134              		.global	cyfitter_cfg
 135              		.code	16
 136              		.thumb_func
 137              		.type	cyfitter_cfg, %function
 138              	cyfitter_cfg:
 139              	.LFB5:
 175:.\Generated_Source\PSoC4/cyfitter_cfg.c **** 
 176:.\Generated_Source\PSoC4/cyfitter_cfg.c **** 
 177:.\Generated_Source\PSoC4/cyfitter_cfg.c **** /* Analog API Functions */
 178:.\Generated_Source\PSoC4/cyfitter_cfg.c **** 
 179:.\Generated_Source\PSoC4/cyfitter_cfg.c **** 
 180:.\Generated_Source\PSoC4/cyfitter_cfg.c **** /*******************************************************************************
 181:.\Generated_Source\PSoC4/cyfitter_cfg.c **** * Function Name: AnalogSetDefault
 182:.\Generated_Source\PSoC4/cyfitter_cfg.c **** ********************************************************************************
 183:.\Generated_Source\PSoC4/cyfitter_cfg.c **** *
 184:.\Generated_Source\PSoC4/cyfitter_cfg.c **** * Summary:
 185:.\Generated_Source\PSoC4/cyfitter_cfg.c **** *  Sets up the analog portions of the chip to default values based on chip
 186:.\Generated_Source\PSoC4/cyfitter_cfg.c **** *  configuration options from the project.
 187:.\Generated_Source\PSoC4/cyfitter_cfg.c **** *
 188:.\Generated_Source\PSoC4/cyfitter_cfg.c **** * Parameters:
 189:.\Generated_Source\PSoC4/cyfitter_cfg.c **** *  void
 190:.\Generated_Source\PSoC4/cyfitter_cfg.c **** *
 191:.\Generated_Source\PSoC4/cyfitter_cfg.c **** * Return:
 192:.\Generated_Source\PSoC4/cyfitter_cfg.c **** *  void
 193:.\Generated_Source\PSoC4/cyfitter_cfg.c **** *
 194:.\Generated_Source\PSoC4/cyfitter_cfg.c **** *******************************************************************************/
 195:.\Generated_Source\PSoC4/cyfitter_cfg.c **** static void AnalogSetDefault(void);
 196:.\Generated_Source\PSoC4/cyfitter_cfg.c **** static void AnalogSetDefault(void)
 197:.\Generated_Source\PSoC4/cyfitter_cfg.c **** {
 198:.\Generated_Source\PSoC4/cyfitter_cfg.c **** }
 199:.\Generated_Source\PSoC4/cyfitter_cfg.c **** 
 200:.\Generated_Source\PSoC4/cyfitter_cfg.c **** #define CY_AMUX_UNUSED CYREG_CM0_ROM_DWT
 201:.\Generated_Source\PSoC4/cyfitter_cfg.c **** 
 202:.\Generated_Source\PSoC4/cyfitter_cfg.c **** 
 203:.\Generated_Source\PSoC4/cyfitter_cfg.c **** /*******************************************************************************
ARM GAS  C:\Users\EDTRIC~1\AppData\Local\Temp\ccy7yPaI.s 			page 7


 204:.\Generated_Source\PSoC4/cyfitter_cfg.c **** * Function Name: cyfitter_cfg
 205:.\Generated_Source\PSoC4/cyfitter_cfg.c **** ********************************************************************************
 206:.\Generated_Source\PSoC4/cyfitter_cfg.c **** * Summary:
 207:.\Generated_Source\PSoC4/cyfitter_cfg.c **** *  This function is called by the start-up code for the selected device. It
 208:.\Generated_Source\PSoC4/cyfitter_cfg.c **** *  performs all of the necessary device configuration based on the design
 209:.\Generated_Source\PSoC4/cyfitter_cfg.c **** *  settings.  This includes settings from the Design Wide Resources (DWR) such
 210:.\Generated_Source\PSoC4/cyfitter_cfg.c **** *  as Clocks and Pins as well as any component configuration that is necessary.
 211:.\Generated_Source\PSoC4/cyfitter_cfg.c **** *
 212:.\Generated_Source\PSoC4/cyfitter_cfg.c **** * Parameters:  
 213:.\Generated_Source\PSoC4/cyfitter_cfg.c **** *   void
 214:.\Generated_Source\PSoC4/cyfitter_cfg.c **** *
 215:.\Generated_Source\PSoC4/cyfitter_cfg.c **** * Return:
 216:.\Generated_Source\PSoC4/cyfitter_cfg.c **** *   void
 217:.\Generated_Source\PSoC4/cyfitter_cfg.c **** *
 218:.\Generated_Source\PSoC4/cyfitter_cfg.c **** *******************************************************************************/
 219:.\Generated_Source\PSoC4/cyfitter_cfg.c **** CY_CFG_SECTION
 220:.\Generated_Source\PSoC4/cyfitter_cfg.c **** void cyfitter_cfg(void)
 221:.\Generated_Source\PSoC4/cyfitter_cfg.c **** {
 140              		.loc 1 221 0
 141              		.cfi_startproc
 142 008c 38B5     		push	{r3, r4, r5, lr}
 143              		.cfi_def_cfa_offset 16
 144              		.cfi_offset 3, -16
 145              		.cfi_offset 4, -12
 146              		.cfi_offset 5, -8
 147              		.cfi_offset 14, -4
 222:.\Generated_Source\PSoC4/cyfitter_cfg.c **** 	/* Disable interrupts by default. Let user enable if/when they want. */
 223:.\Generated_Source\PSoC4/cyfitter_cfg.c **** 	CyGlobalIntDisable;
 148              		.loc 1 223 0
 149              	@ 223 ".\Generated_Source\PSoC4\cyfitter_cfg.c" 1
 150 008e 72B6     		CPSID   i
 151              	@ 0 "" 2
 152              	.LVL6:
 153              		.code	16
 154              	.LBB2:
 224:.\Generated_Source\PSoC4/cyfitter_cfg.c **** 
 225:.\Generated_Source\PSoC4/cyfitter_cfg.c **** 	{
 226:.\Generated_Source\PSoC4/cyfitter_cfg.c **** 
 227:.\Generated_Source\PSoC4/cyfitter_cfg.c **** 		CYPACKED typedef struct {
 228:.\Generated_Source\PSoC4/cyfitter_cfg.c **** 			void CYFAR *address;
 229:.\Generated_Source\PSoC4/cyfitter_cfg.c **** 			uint16 size;
 230:.\Generated_Source\PSoC4/cyfitter_cfg.c **** 		} CYPACKED_ATTR cfg_memset_t;
 231:.\Generated_Source\PSoC4/cyfitter_cfg.c **** 
 232:.\Generated_Source\PSoC4/cyfitter_cfg.c **** 		static const cfg_memset_t CYCODE cfg_memset_list [] = {
 233:.\Generated_Source\PSoC4/cyfitter_cfg.c **** 			/* address, size */
 234:.\Generated_Source\PSoC4/cyfitter_cfg.c **** 			{(void CYFAR *)(CYDEV_UDB_P0_U0_BASE), 1024u},
 235:.\Generated_Source\PSoC4/cyfitter_cfg.c **** 			{(void CYFAR *)(CYDEV_UDB_DSI0_BASE), 1024u},
 236:.\Generated_Source\PSoC4/cyfitter_cfg.c **** 		};
 237:.\Generated_Source\PSoC4/cyfitter_cfg.c **** 
 238:.\Generated_Source\PSoC4/cyfitter_cfg.c **** 		uint8 CYDATA i;
 239:.\Generated_Source\PSoC4/cyfitter_cfg.c **** 
 240:.\Generated_Source\PSoC4/cyfitter_cfg.c **** 		/* Zero out critical memory blocks before beginning configuration */
 241:.\Generated_Source\PSoC4/cyfitter_cfg.c **** 		for (i = 0u; i < (sizeof(cfg_memset_list)/sizeof(cfg_memset_list[0])); i++)
 155              		.loc 1 241 0
 156 0090 0024     		mov	r4, #0
 157              	.LBB3:
 242:.\Generated_Source\PSoC4/cyfitter_cfg.c **** 		{
ARM GAS  C:\Users\EDTRIC~1\AppData\Local\Temp\ccy7yPaI.s 			page 8


 243:.\Generated_Source\PSoC4/cyfitter_cfg.c **** 			const cfg_memset_t CYCODE * CYDATA ms = &cfg_memset_list[i];
 158              		.loc 1 243 0
 159 0092 244D     		ldr	r5, .L8
 160              	.LBE3:
 241:.\Generated_Source\PSoC4/cyfitter_cfg.c **** 		for (i = 0u; i < (sizeof(cfg_memset_list)/sizeof(cfg_memset_list[0])); i++)
 161              		.loc 1 241 0
 162 0094 0CE0     		b	.L6
 163              	.LVL7:
 164              	.L7:
 165              	.LBB4:
 166              		.loc 1 243 0 discriminator 2
 167 0096 6300     		lsl	r3, r4, #1
 168 0098 1B19     		add	r3, r3, r4
 169 009a 5B00     		lsl	r3, r3, #1
 170 009c EB18     		add	r3, r5, r3
 171              	.LVL8:
 244:.\Generated_Source\PSoC4/cyfitter_cfg.c **** 			CYMEMZERO(ms->address, (size_t)(uint32)(ms->size));
 172              		.loc 1 244 0 discriminator 2
 173 009e 9988     		ldrh	r1, [r3, #4]
 174 00a0 1A88     		ldrh	r2, [r3]
 175 00a2 5888     		ldrh	r0, [r3, #2]
 176 00a4 0004     		lsl	r0, r0, #16
 177 00a6 1043     		orr	r0, r2
 178 00a8 FFF7FEFF 		bl	CYMEMZERO
 179              	.LVL9:
 180              	.LBE4:
 241:.\Generated_Source\PSoC4/cyfitter_cfg.c **** 		for (i = 0u; i < (sizeof(cfg_memset_list)/sizeof(cfg_memset_list[0])); i++)
 181              		.loc 1 241 0 discriminator 2
 182 00ac 0134     		add	r4, r4, #1
 183              	.LVL10:
 184 00ae E4B2     		uxtb	r4, r4
 185              	.LVL11:
 186              	.L6:
 241:.\Generated_Source\PSoC4/cyfitter_cfg.c **** 		for (i = 0u; i < (sizeof(cfg_memset_list)/sizeof(cfg_memset_list[0])); i++)
 187              		.loc 1 241 0 is_stmt 0 discriminator 1
 188 00b0 012C     		cmp	r4, #1
 189 00b2 F0D9     		bls	.L7
 245:.\Generated_Source\PSoC4/cyfitter_cfg.c **** 		}
 246:.\Generated_Source\PSoC4/cyfitter_cfg.c **** 
 247:.\Generated_Source\PSoC4/cyfitter_cfg.c **** 		/* HSIOM Starting address: CYDEV_HSIOM_BASE */
 248:.\Generated_Source\PSoC4/cyfitter_cfg.c **** 		CY_SET_XTND_REG32((void CYFAR *)(CYDEV_HSIOM_BASE), 0x00900000u);
 190              		.loc 1 248 0 is_stmt 1
 191 00b4 9022     		mov	r2, #144
 192 00b6 1204     		lsl	r2, r2, #16
 193 00b8 1B4B     		ldr	r3, .L8+4
 194 00ba 1A60     		str	r2, [r3]
 249:.\Generated_Source\PSoC4/cyfitter_cfg.c **** 		CY_SET_XTND_REG32((void CYFAR *)(CYREG_HSIOM_PORT_SEL3), 0x0000EE00u);
 195              		.loc 1 249 0
 196 00bc EE22     		mov	r2, #238
 197 00be 1202     		lsl	r2, r2, #8
 198 00c0 1A4B     		ldr	r3, .L8+8
 199 00c2 1A60     		str	r2, [r3]
 250:.\Generated_Source\PSoC4/cyfitter_cfg.c **** 		CY_SET_XTND_REG32((void CYFAR *)(CYREG_HSIOM_PORT_SEL4), 0x000000EEu);
 200              		.loc 1 250 0
 201 00c4 EE22     		mov	r2, #238
 202 00c6 1A4B     		ldr	r3, .L8+12
 203 00c8 1A60     		str	r2, [r3]
ARM GAS  C:\Users\EDTRIC~1\AppData\Local\Temp\ccy7yPaI.s 			page 9


 251:.\Generated_Source\PSoC4/cyfitter_cfg.c **** 
 252:.\Generated_Source\PSoC4/cyfitter_cfg.c **** 		/* UDB_PA_0 Starting address: CYDEV_UDB_PA0_BASE */
 253:.\Generated_Source\PSoC4/cyfitter_cfg.c **** 		CY_SET_XTND_REG32((void CYFAR *)(CYDEV_UDB_PA0_BASE), 0x00990000u);
 204              		.loc 1 253 0
 205 00ca 9923     		mov	r3, #153
 206 00cc 1B04     		lsl	r3, r3, #16
 207 00ce 194A     		ldr	r2, .L8+16
 208 00d0 1360     		str	r3, [r2]
 254:.\Generated_Source\PSoC4/cyfitter_cfg.c **** 
 255:.\Generated_Source\PSoC4/cyfitter_cfg.c **** 		/* UDB_PA_3 Starting address: CYDEV_UDB_PA3_BASE */
 256:.\Generated_Source\PSoC4/cyfitter_cfg.c **** 		CY_SET_XTND_REG32((void CYFAR *)(CYDEV_UDB_PA3_BASE), 0x00990000u);
 209              		.loc 1 256 0
 210 00d2 194A     		ldr	r2, .L8+20
 211 00d4 1360     		str	r3, [r2]
 257:.\Generated_Source\PSoC4/cyfitter_cfg.c **** 
 258:.\Generated_Source\PSoC4/cyfitter_cfg.c **** 		/* Enable digital routing */
 259:.\Generated_Source\PSoC4/cyfitter_cfg.c **** 		CY_SET_XTND_REG8((void *)CYREG_UDB_UDBIF_BANK_CTL, CY_GET_XTND_REG8((void *)CYREG_UDB_UDBIF_BANK_
 212              		.loc 1 259 0
 213 00d6 194B     		ldr	r3, .L8+24
 214 00d8 1978     		ldrb	r1, [r3]
 215 00da 0222     		mov	r2, #2
 216 00dc 0A43     		orr	r2, r1
 217 00de 1A70     		strb	r2, [r3]
 260:.\Generated_Source\PSoC4/cyfitter_cfg.c **** 
 261:.\Generated_Source\PSoC4/cyfitter_cfg.c **** 		/* Enable UDB array */
 262:.\Generated_Source\PSoC4/cyfitter_cfg.c **** 		CY_SET_XTND_REG8((void *)CYREG_UDB_UDBIF_WAIT_CFG, (uint8)((CY_GET_XTND_REG8((void *)CYREG_UDB_UD
 218              		.loc 1 262 0
 219 00e0 174A     		ldr	r2, .L8+28
 220 00e2 1178     		ldrb	r1, [r2]
 221 00e4 3C20     		mov	r0, #60
 222 00e6 8143     		bic	r1, r0
 223 00e8 1420     		mov	r0, #20
 224 00ea 0143     		orr	r1, r0
 225 00ec 1170     		strb	r1, [r2]
 263:.\Generated_Source\PSoC4/cyfitter_cfg.c **** 		CY_SET_XTND_REG8((void *)CYREG_UDB_UDBIF_BANK_CTL, (uint8)(CY_GET_XTND_REG8((void *)CYREG_UDB_UDB
 226              		.loc 1 263 0
 227 00ee 1978     		ldrb	r1, [r3]
 228 00f0 1622     		mov	r2, #22
 229 00f2 0A43     		orr	r2, r1
 230 00f4 1A70     		strb	r2, [r3]
 231              	.LBE2:
 264:.\Generated_Source\PSoC4/cyfitter_cfg.c **** 	}
 265:.\Generated_Source\PSoC4/cyfitter_cfg.c **** 
 266:.\Generated_Source\PSoC4/cyfitter_cfg.c **** 	/* Perform second pass device configuration. These items must be configured in specific order afte
 267:.\Generated_Source\PSoC4/cyfitter_cfg.c **** 	/* IOPINS0_0 Starting address: CYDEV_PRT0_DR */
 268:.\Generated_Source\PSoC4/cyfitter_cfg.c **** 	CY_SET_XTND_REG32((void CYFAR *)(CYREG_PRT0_DR), 0x00000020u);
 232              		.loc 1 268 0
 233 00f6 2023     		mov	r3, #32
 234 00f8 124A     		ldr	r2, .L8+32
 235 00fa 1360     		str	r3, [r2]
 269:.\Generated_Source\PSoC4/cyfitter_cfg.c **** 	CY_SET_XTND_REG32((void CYFAR *)(CYREG_PRT0_PC), 0x00030000u);
 236              		.loc 1 269 0
 237 00fc C021     		mov	r1, #192
 238 00fe 8902     		lsl	r1, r1, #10
 239 0100 114A     		ldr	r2, .L8+36
 240 0102 1160     		str	r1, [r2]
 270:.\Generated_Source\PSoC4/cyfitter_cfg.c **** 	CY_SET_XTND_REG32((void CYFAR *)(CYREG_PRT0_PC2), 0x00000020u);
ARM GAS  C:\Users\EDTRIC~1\AppData\Local\Temp\ccy7yPaI.s 			page 10


 241              		.loc 1 270 0
 242 0104 114A     		ldr	r2, .L8+40
 243 0106 1360     		str	r3, [r2]
 271:.\Generated_Source\PSoC4/cyfitter_cfg.c **** 
 272:.\Generated_Source\PSoC4/cyfitter_cfg.c **** 	/* IOPINS0_3 Starting address: CYDEV_PRT3_DR */
 273:.\Generated_Source\PSoC4/cyfitter_cfg.c **** 	CY_SET_XTND_REG32((void CYFAR *)(CYREG_PRT3_PC), 0x00000D80u);
 244              		.loc 1 273 0
 245 0108 D822     		mov	r2, #216
 246 010a 1201     		lsl	r2, r2, #4
 247 010c 104B     		ldr	r3, .L8+44
 248 010e 1A60     		str	r2, [r3]
 274:.\Generated_Source\PSoC4/cyfitter_cfg.c **** 
 275:.\Generated_Source\PSoC4/cyfitter_cfg.c **** 	/* IOPINS0_4 Starting address: CYDEV_PRT4_DR */
 276:.\Generated_Source\PSoC4/cyfitter_cfg.c **** 	CY_SET_XTND_REG32((void CYFAR *)(CYREG_PRT4_DR), 0x00000003u);
 249              		.loc 1 276 0
 250 0110 0322     		mov	r2, #3
 251 0112 104B     		ldr	r3, .L8+48
 252 0114 1A60     		str	r2, [r3]
 277:.\Generated_Source\PSoC4/cyfitter_cfg.c **** 	CY_SET_XTND_REG32((void CYFAR *)(CYREG_PRT4_PC), 0x00000024u);
 253              		.loc 1 277 0
 254 0116 2422     		mov	r2, #36
 255 0118 0F4B     		ldr	r3, .L8+52
 256 011a 1A60     		str	r2, [r3]
 278:.\Generated_Source\PSoC4/cyfitter_cfg.c **** 
 279:.\Generated_Source\PSoC4/cyfitter_cfg.c **** 	/* Setup clocks based on selections from Clock DWR */
 280:.\Generated_Source\PSoC4/cyfitter_cfg.c **** 	ClockSetup();
 257              		.loc 1 280 0
 258 011c FFF770FF 		bl	ClockSetup
 259              	.LVL12:
 281:.\Generated_Source\PSoC4/cyfitter_cfg.c **** 
 282:.\Generated_Source\PSoC4/cyfitter_cfg.c **** 	/* Perform basic analog initialization to defaults */
 283:.\Generated_Source\PSoC4/cyfitter_cfg.c **** 	AnalogSetDefault();
 284:.\Generated_Source\PSoC4/cyfitter_cfg.c **** 
 285:.\Generated_Source\PSoC4/cyfitter_cfg.c **** }
 260              		.loc 1 285 0
 261              		@ sp needed
 262              	.LVL13:
 263 0120 38BD     		pop	{r3, r4, r5, pc}
 264              	.L9:
 265 0122 C046     		.align	2
 266              	.L8:
 267 0124 00000000 		.word	.LANCHOR0
 268 0128 00000140 		.word	1073807360
 269 012c 0C000140 		.word	1073807372
 270 0130 10000140 		.word	1073807376
 271 0134 00500F40 		.word	1074745344
 272 0138 30500F40 		.word	1074745392
 273 013c 00700F40 		.word	1074753536
 274 0140 01700F40 		.word	1074753537
 275 0144 00000440 		.word	1074003968
 276 0148 08000440 		.word	1074003976
 277 014c 18000440 		.word	1074003992
 278 0150 08030440 		.word	1074004744
 279 0154 00040440 		.word	1074004992
 280 0158 08040440 		.word	1074005000
 281              		.cfi_endproc
 282              	.LFE5:
ARM GAS  C:\Users\EDTRIC~1\AppData\Local\Temp\ccy7yPaI.s 			page 11


 283              		.size	cyfitter_cfg, .-cyfitter_cfg
 284              		.section	.rodata
 285              		.align	2
 286              		.set	.LANCHOR0,. + 0
 287              		.type	cfg_memset_list.4717, %object
 288              		.size	cfg_memset_list.4717, 12
 289              	cfg_memset_list.4717:
 290 0000 00300F40 		.word	1074737152
 291 0004 0004     		.short	1024
 292 0006 00400F40 		.4byte	1074741248
 293 000a 0004     		.short	1024
 294              		.text
 295              	.Letext0:
 296              		.file 2 "c:\\program files (x86)\\cypress\\psoc creator\\3.2\\psoc creator\\import\\gnu\\arm\\4.8.
 297              		.file 3 ".\\Generated_Source\\PSoC4\\cytypes.h"
 298              		.file 4 ".\\Generated_Source\\PSoC4\\CyLib.h"
 299              		.section	.debug_info,"",%progbits
 300              	.Ldebug_info0:
 301 0000 88020000 		.4byte	0x288
 302 0004 0400     		.2byte	0x4
 303 0006 00000000 		.4byte	.Ldebug_abbrev0
 304 000a 04       		.byte	0x4
 305 000b 01       		.uleb128 0x1
 306 000c 28010000 		.4byte	.LASF28
 307 0010 01       		.byte	0x1
 308 0011 BE010000 		.4byte	.LASF29
 309 0015 4A000000 		.4byte	.LASF30
 310 0019 18000000 		.4byte	.Ldebug_ranges0+0x18
 311 001d 00000000 		.4byte	0
 312 0021 00000000 		.4byte	.Ldebug_line0
 313 0025 02       		.uleb128 0x2
 314 0026 04       		.byte	0x4
 315 0027 05       		.byte	0x5
 316 0028 696E7400 		.ascii	"int\000"
 317 002c 03       		.uleb128 0x3
 318 002d 06000000 		.4byte	.LASF11
 319 0031 02       		.byte	0x2
 320 0032 D4       		.byte	0xd4
 321 0033 37000000 		.4byte	0x37
 322 0037 04       		.uleb128 0x4
 323 0038 04       		.byte	0x4
 324 0039 07       		.byte	0x7
 325 003a EF000000 		.4byte	.LASF0
 326 003e 04       		.uleb128 0x4
 327 003f 01       		.byte	0x1
 328 0040 06       		.byte	0x6
 329 0041 2A020000 		.4byte	.LASF1
 330 0045 04       		.uleb128 0x4
 331 0046 01       		.byte	0x1
 332 0047 08       		.byte	0x8
 333 0048 B9000000 		.4byte	.LASF2
 334 004c 04       		.uleb128 0x4
 335 004d 02       		.byte	0x2
 336 004e 05       		.byte	0x5
 337 004f 02020000 		.4byte	.LASF3
 338 0053 04       		.uleb128 0x4
 339 0054 02       		.byte	0x2
ARM GAS  C:\Users\EDTRIC~1\AppData\Local\Temp\ccy7yPaI.s 			page 12


 340 0055 07       		.byte	0x7
 341 0056 37000000 		.4byte	.LASF4
 342 005a 04       		.uleb128 0x4
 343 005b 04       		.byte	0x4
 344 005c 05       		.byte	0x5
 345 005d 21020000 		.4byte	.LASF5
 346 0061 04       		.uleb128 0x4
 347 0062 04       		.byte	0x4
 348 0063 07       		.byte	0x7
 349 0064 97000000 		.4byte	.LASF6
 350 0068 04       		.uleb128 0x4
 351 0069 08       		.byte	0x8
 352 006a 05       		.byte	0x5
 353 006b EF010000 		.4byte	.LASF7
 354 006f 04       		.uleb128 0x4
 355 0070 08       		.byte	0x8
 356 0071 07       		.byte	0x7
 357 0072 11010000 		.4byte	.LASF8
 358 0076 04       		.uleb128 0x4
 359 0077 04       		.byte	0x4
 360 0078 07       		.byte	0x7
 361 0079 E6010000 		.4byte	.LASF9
 362 007d 05       		.uleb128 0x5
 363 007e 04       		.byte	0x4
 364 007f 06       		.uleb128 0x6
 365 0080 04       		.byte	0x4
 366 0081 85000000 		.4byte	0x85
 367 0085 07       		.uleb128 0x7
 368 0086 04       		.uleb128 0x4
 369 0087 01       		.byte	0x1
 370 0088 08       		.byte	0x8
 371 0089 FD010000 		.4byte	.LASF10
 372 008d 03       		.uleb128 0x3
 373 008e A9000000 		.4byte	.LASF12
 374 0092 03       		.byte	0x3
 375 0093 B3       		.byte	0xb3
 376 0094 45000000 		.4byte	0x45
 377 0098 03       		.uleb128 0x3
 378 0099 E1000000 		.4byte	.LASF13
 379 009d 03       		.byte	0x3
 380 009e B4       		.byte	0xb4
 381 009f 53000000 		.4byte	0x53
 382 00a3 03       		.uleb128 0x3
 383 00a4 E8000000 		.4byte	.LASF14
 384 00a8 03       		.byte	0x3
 385 00a9 B5       		.byte	0xb5
 386 00aa 61000000 		.4byte	0x61
 387 00ae 04       		.uleb128 0x4
 388 00af 04       		.byte	0x4
 389 00b0 04       		.byte	0x4
 390 00b1 87000000 		.4byte	.LASF15
 391 00b5 04       		.uleb128 0x4
 392 00b6 08       		.byte	0x8
 393 00b7 04       		.byte	0x4
 394 00b8 CE000000 		.4byte	.LASF16
 395 00bc 08       		.uleb128 0x8
 396 00bd 92000000 		.4byte	.LASF17
ARM GAS  C:\Users\EDTRIC~1\AppData\Local\Temp\ccy7yPaI.s 			page 13


 397 00c1 03       		.byte	0x3
 398 00c2 5D01     		.2byte	0x15d
 399 00c4 C8000000 		.4byte	0xc8
 400 00c8 09       		.uleb128 0x9
 401 00c9 8D000000 		.4byte	0x8d
 402 00cd 08       		.uleb128 0x8
 403 00ce 00000000 		.4byte	.LASF18
 404 00d2 03       		.byte	0x3
 405 00d3 5F01     		.2byte	0x15f
 406 00d5 D9000000 		.4byte	0xd9
 407 00d9 09       		.uleb128 0x9
 408 00da A3000000 		.4byte	0xa3
 409 00de 08       		.uleb128 0x8
 410 00df A4010000 		.4byte	.LASF19
 411 00e3 03       		.byte	0x3
 412 00e4 6F01     		.2byte	0x16f
 413 00e6 7F000000 		.4byte	0x7f
 414 00ea 0A       		.uleb128 0xa
 415 00eb AF000000 		.4byte	.LASF20
 416 00ef 01       		.byte	0x1
 417 00f0 3B       		.byte	0x3b
 418 00f1 00000000 		.4byte	.LFB0
 419 00f5 0C000000 		.4byte	.LFE0-.LFB0
 420 00f9 01       		.uleb128 0x1
 421 00fa 9C       		.byte	0x9c
 422 00fb 37010000 		.4byte	0x137
 423 00ff 0B       		.uleb128 0xb
 424 0100 7300     		.ascii	"s\000"
 425 0102 01       		.byte	0x1
 426 0103 3B       		.byte	0x3b
 427 0104 7D000000 		.4byte	0x7d
 428 0108 00000000 		.4byte	.LLST0
 429 010c 0B       		.uleb128 0xb
 430 010d 6E00     		.ascii	"n\000"
 431 010f 01       		.byte	0x1
 432 0110 3B       		.byte	0x3b
 433 0111 2C000000 		.4byte	0x2c
 434 0115 21000000 		.4byte	.LLST1
 435 0119 0C       		.uleb128 0xc
 436 011a 0A000000 		.4byte	.LVL2
 437 011e 36020000 		.4byte	0x236
 438 0122 0D       		.uleb128 0xd
 439 0123 01       		.uleb128 0x1
 440 0124 52       		.byte	0x52
 441 0125 03       		.uleb128 0x3
 442 0126 F3       		.byte	0xf3
 443 0127 01       		.uleb128 0x1
 444 0128 51       		.byte	0x51
 445 0129 0D       		.uleb128 0xd
 446 012a 01       		.uleb128 0x1
 447 012b 51       		.byte	0x51
 448 012c 01       		.uleb128 0x1
 449 012d 30       		.byte	0x30
 450 012e 0D       		.uleb128 0xd
 451 012f 01       		.uleb128 0x1
 452 0130 50       		.byte	0x50
 453 0131 03       		.uleb128 0x3
ARM GAS  C:\Users\EDTRIC~1\AppData\Local\Temp\ccy7yPaI.s 			page 14


 454 0132 F3       		.byte	0xf3
 455 0133 01       		.uleb128 0x1
 456 0134 50       		.byte	0x50
 457 0135 00       		.byte	0
 458 0136 00       		.byte	0
 459 0137 0A       		.uleb128 0xa
 460 0138 2C000000 		.4byte	.LASF21
 461 013c 01       		.byte	0x1
 462 013d 90       		.byte	0x90
 463 013e 00000000 		.4byte	.LFB3
 464 0142 8C000000 		.4byte	.LFE3-.LFB3
 465 0146 01       		.uleb128 0x1
 466 0147 9C       		.byte	0x9c
 467 0148 82010000 		.4byte	0x182
 468 014c 0E       		.uleb128 0xe
 469 014d 14000000 		.4byte	.LVL3
 470 0151 53020000 		.4byte	0x253
 471 0155 5F010000 		.4byte	0x15f
 472 0159 0D       		.uleb128 0xd
 473 015a 01       		.uleb128 0x1
 474 015b 50       		.byte	0x50
 475 015c 01       		.uleb128 0x1
 476 015d 48       		.byte	0x48
 477 015e 00       		.byte	0
 478 015f 0E       		.uleb128 0xe
 479 0160 4A000000 		.4byte	.LVL4
 480 0164 64020000 		.4byte	0x264
 481 0168 72010000 		.4byte	0x172
 482 016c 0D       		.uleb128 0xd
 483 016d 01       		.uleb128 0x1
 484 016e 50       		.byte	0x50
 485 016f 01       		.uleb128 0x1
 486 0170 39       		.byte	0x39
 487 0171 00       		.byte	0
 488 0172 0C       		.uleb128 0xc
 489 0173 50000000 		.4byte	.LVL5
 490 0177 7E020000 		.4byte	0x27e
 491 017b 0D       		.uleb128 0xd
 492 017c 01       		.uleb128 0x1
 493 017d 50       		.byte	0x50
 494 017e 01       		.uleb128 0x1
 495 017f 39       		.byte	0x39
 496 0180 00       		.byte	0
 497 0181 00       		.byte	0
 498 0182 0F       		.uleb128 0xf
 499 0183 FC000000 		.4byte	.LASF31
 500 0187 01       		.byte	0x1
 501 0188 DC       		.byte	0xdc
 502 0189 8C000000 		.4byte	.LFB5
 503 018d D0000000 		.4byte	.LFE5-.LFB5
 504 0191 01       		.uleb128 0x1
 505 0192 9C       		.byte	0x9c
 506 0193 36020000 		.4byte	0x236
 507 0197 10       		.uleb128 0x10
 508 0198 90000000 		.4byte	.LBB2
 509 019c 66000000 		.4byte	.LBE2-.LBB2
 510 01a0 2C020000 		.4byte	0x22c
ARM GAS  C:\Users\EDTRIC~1\AppData\Local\Temp\ccy7yPaI.s 			page 15


 511 01a4 11       		.uleb128 0x11
 512 01a5 06       		.byte	0x6
 513 01a6 01       		.byte	0x1
 514 01a7 E3       		.byte	0xe3
 515 01a8 C5010000 		.4byte	0x1c5
 516 01ac 12       		.uleb128 0x12
 517 01ad 09010000 		.4byte	.LASF22
 518 01b1 01       		.byte	0x1
 519 01b2 E4       		.byte	0xe4
 520 01b3 7D000000 		.4byte	0x7d
 521 01b7 00       		.byte	0
 522 01b8 12       		.uleb128 0x12
 523 01b9 8D000000 		.4byte	.LASF23
 524 01bd 01       		.byte	0x1
 525 01be E5       		.byte	0xe5
 526 01bf 98000000 		.4byte	0x98
 527 01c3 04       		.byte	0x4
 528 01c4 00       		.byte	0
 529 01c5 03       		.uleb128 0x3
 530 01c6 B1010000 		.4byte	.LASF24
 531 01ca 01       		.byte	0x1
 532 01cb E6       		.byte	0xe6
 533 01cc A4010000 		.4byte	0x1a4
 534 01d0 13       		.uleb128 0x13
 535 01d1 C5010000 		.4byte	0x1c5
 536 01d5 E0010000 		.4byte	0x1e0
 537 01d9 14       		.uleb128 0x14
 538 01da 76000000 		.4byte	0x76
 539 01de 01       		.byte	0x1
 540 01df 00       		.byte	0
 541 01e0 15       		.uleb128 0x15
 542 01e1 1C000000 		.4byte	.LASF25
 543 01e5 01       		.byte	0x1
 544 01e6 E8       		.byte	0xe8
 545 01e7 F1010000 		.4byte	0x1f1
 546 01eb 05       		.uleb128 0x5
 547 01ec 03       		.byte	0x3
 548 01ed 00000000 		.4byte	cfg_memset_list.4717
 549 01f1 16       		.uleb128 0x16
 550 01f2 D0010000 		.4byte	0x1d0
 551 01f6 17       		.uleb128 0x17
 552 01f7 6900     		.ascii	"i\000"
 553 01f9 01       		.byte	0x1
 554 01fa EE       		.byte	0xee
 555 01fb 8D000000 		.4byte	0x8d
 556 01ff 4D000000 		.4byte	.LLST2
 557 0203 18       		.uleb128 0x18
 558 0204 00000000 		.4byte	.Ldebug_ranges0+0
 559 0208 17       		.uleb128 0x17
 560 0209 6D7300   		.ascii	"ms\000"
 561 020c 01       		.byte	0x1
 562 020d F3       		.byte	0xf3
 563 020e 16020000 		.4byte	0x216
 564 0212 84000000 		.4byte	.LLST3
 565 0216 06       		.uleb128 0x6
 566 0217 04       		.byte	0x4
 567 0218 1C020000 		.4byte	0x21c
ARM GAS  C:\Users\EDTRIC~1\AppData\Local\Temp\ccy7yPaI.s 			page 16


 568 021c 16       		.uleb128 0x16
 569 021d C5010000 		.4byte	0x1c5
 570 0221 19       		.uleb128 0x19
 571 0222 AC000000 		.4byte	.LVL9
 572 0226 EA000000 		.4byte	0xea
 573 022a 00       		.byte	0
 574 022b 00       		.byte	0
 575 022c 19       		.uleb128 0x19
 576 022d 20010000 		.4byte	.LVL12
 577 0231 37010000 		.4byte	0x137
 578 0235 00       		.byte	0
 579 0236 1A       		.uleb128 0x1a
 580 0237 C7000000 		.4byte	.LASF26
 581 023b 7D000000 		.4byte	0x7d
 582 023f 53020000 		.4byte	0x253
 583 0243 1B       		.uleb128 0x1b
 584 0244 7D000000 		.4byte	0x7d
 585 0248 1B       		.uleb128 0x1b
 586 0249 25000000 		.4byte	0x25
 587 024d 1B       		.uleb128 0x1b
 588 024e 76000000 		.4byte	0x76
 589 0252 00       		.byte	0
 590 0253 1C       		.uleb128 0x1c
 591 0254 0C020000 		.4byte	.LASF27
 592 0258 04       		.byte	0x4
 593 0259 31       		.byte	0x31
 594 025a 64020000 		.4byte	0x264
 595 025e 1B       		.uleb128 0x1b
 596 025f A3000000 		.4byte	0xa3
 597 0263 00       		.byte	0
 598 0264 1D       		.uleb128 0x1d
 599 0265 0D000000 		.4byte	.LASF32
 600 0269 04       		.byte	0x4
 601 026a 46       		.byte	0x46
 602 026b DE000000 		.4byte	0xde
 603 026f 7E020000 		.4byte	0x27e
 604 0273 1B       		.uleb128 0x1b
 605 0274 8D000000 		.4byte	0x8d
 606 0278 1B       		.uleb128 0x1b
 607 0279 DE000000 		.4byte	0xde
 608 027d 00       		.byte	0
 609 027e 1E       		.uleb128 0x1e
 610 027f D5000000 		.4byte	.LASF33
 611 0283 04       		.byte	0x4
 612 0284 4C       		.byte	0x4c
 613 0285 1B       		.uleb128 0x1b
 614 0286 8D000000 		.4byte	0x8d
 615 028a 00       		.byte	0
 616 028b 00       		.byte	0
 617              		.section	.debug_abbrev,"",%progbits
 618              	.Ldebug_abbrev0:
 619 0000 01       		.uleb128 0x1
 620 0001 11       		.uleb128 0x11
 621 0002 01       		.byte	0x1
 622 0003 25       		.uleb128 0x25
 623 0004 0E       		.uleb128 0xe
 624 0005 13       		.uleb128 0x13
ARM GAS  C:\Users\EDTRIC~1\AppData\Local\Temp\ccy7yPaI.s 			page 17


 625 0006 0B       		.uleb128 0xb
 626 0007 03       		.uleb128 0x3
 627 0008 0E       		.uleb128 0xe
 628 0009 1B       		.uleb128 0x1b
 629 000a 0E       		.uleb128 0xe
 630 000b 55       		.uleb128 0x55
 631 000c 17       		.uleb128 0x17
 632 000d 11       		.uleb128 0x11
 633 000e 01       		.uleb128 0x1
 634 000f 10       		.uleb128 0x10
 635 0010 17       		.uleb128 0x17
 636 0011 00       		.byte	0
 637 0012 00       		.byte	0
 638 0013 02       		.uleb128 0x2
 639 0014 24       		.uleb128 0x24
 640 0015 00       		.byte	0
 641 0016 0B       		.uleb128 0xb
 642 0017 0B       		.uleb128 0xb
 643 0018 3E       		.uleb128 0x3e
 644 0019 0B       		.uleb128 0xb
 645 001a 03       		.uleb128 0x3
 646 001b 08       		.uleb128 0x8
 647 001c 00       		.byte	0
 648 001d 00       		.byte	0
 649 001e 03       		.uleb128 0x3
 650 001f 16       		.uleb128 0x16
 651 0020 00       		.byte	0
 652 0021 03       		.uleb128 0x3
 653 0022 0E       		.uleb128 0xe
 654 0023 3A       		.uleb128 0x3a
 655 0024 0B       		.uleb128 0xb
 656 0025 3B       		.uleb128 0x3b
 657 0026 0B       		.uleb128 0xb
 658 0027 49       		.uleb128 0x49
 659 0028 13       		.uleb128 0x13
 660 0029 00       		.byte	0
 661 002a 00       		.byte	0
 662 002b 04       		.uleb128 0x4
 663 002c 24       		.uleb128 0x24
 664 002d 00       		.byte	0
 665 002e 0B       		.uleb128 0xb
 666 002f 0B       		.uleb128 0xb
 667 0030 3E       		.uleb128 0x3e
 668 0031 0B       		.uleb128 0xb
 669 0032 03       		.uleb128 0x3
 670 0033 0E       		.uleb128 0xe
 671 0034 00       		.byte	0
 672 0035 00       		.byte	0
 673 0036 05       		.uleb128 0x5
 674 0037 0F       		.uleb128 0xf
 675 0038 00       		.byte	0
 676 0039 0B       		.uleb128 0xb
 677 003a 0B       		.uleb128 0xb
 678 003b 00       		.byte	0
 679 003c 00       		.byte	0
 680 003d 06       		.uleb128 0x6
 681 003e 0F       		.uleb128 0xf
ARM GAS  C:\Users\EDTRIC~1\AppData\Local\Temp\ccy7yPaI.s 			page 18


 682 003f 00       		.byte	0
 683 0040 0B       		.uleb128 0xb
 684 0041 0B       		.uleb128 0xb
 685 0042 49       		.uleb128 0x49
 686 0043 13       		.uleb128 0x13
 687 0044 00       		.byte	0
 688 0045 00       		.byte	0
 689 0046 07       		.uleb128 0x7
 690 0047 15       		.uleb128 0x15
 691 0048 00       		.byte	0
 692 0049 27       		.uleb128 0x27
 693 004a 19       		.uleb128 0x19
 694 004b 00       		.byte	0
 695 004c 00       		.byte	0
 696 004d 08       		.uleb128 0x8
 697 004e 16       		.uleb128 0x16
 698 004f 00       		.byte	0
 699 0050 03       		.uleb128 0x3
 700 0051 0E       		.uleb128 0xe
 701 0052 3A       		.uleb128 0x3a
 702 0053 0B       		.uleb128 0xb
 703 0054 3B       		.uleb128 0x3b
 704 0055 05       		.uleb128 0x5
 705 0056 49       		.uleb128 0x49
 706 0057 13       		.uleb128 0x13
 707 0058 00       		.byte	0
 708 0059 00       		.byte	0
 709 005a 09       		.uleb128 0x9
 710 005b 35       		.uleb128 0x35
 711 005c 00       		.byte	0
 712 005d 49       		.uleb128 0x49
 713 005e 13       		.uleb128 0x13
 714 005f 00       		.byte	0
 715 0060 00       		.byte	0
 716 0061 0A       		.uleb128 0xa
 717 0062 2E       		.uleb128 0x2e
 718 0063 01       		.byte	0x1
 719 0064 03       		.uleb128 0x3
 720 0065 0E       		.uleb128 0xe
 721 0066 3A       		.uleb128 0x3a
 722 0067 0B       		.uleb128 0xb
 723 0068 3B       		.uleb128 0x3b
 724 0069 0B       		.uleb128 0xb
 725 006a 27       		.uleb128 0x27
 726 006b 19       		.uleb128 0x19
 727 006c 11       		.uleb128 0x11
 728 006d 01       		.uleb128 0x1
 729 006e 12       		.uleb128 0x12
 730 006f 06       		.uleb128 0x6
 731 0070 40       		.uleb128 0x40
 732 0071 18       		.uleb128 0x18
 733 0072 9742     		.uleb128 0x2117
 734 0074 19       		.uleb128 0x19
 735 0075 01       		.uleb128 0x1
 736 0076 13       		.uleb128 0x13
 737 0077 00       		.byte	0
 738 0078 00       		.byte	0
ARM GAS  C:\Users\EDTRIC~1\AppData\Local\Temp\ccy7yPaI.s 			page 19


 739 0079 0B       		.uleb128 0xb
 740 007a 05       		.uleb128 0x5
 741 007b 00       		.byte	0
 742 007c 03       		.uleb128 0x3
 743 007d 08       		.uleb128 0x8
 744 007e 3A       		.uleb128 0x3a
 745 007f 0B       		.uleb128 0xb
 746 0080 3B       		.uleb128 0x3b
 747 0081 0B       		.uleb128 0xb
 748 0082 49       		.uleb128 0x49
 749 0083 13       		.uleb128 0x13
 750 0084 02       		.uleb128 0x2
 751 0085 17       		.uleb128 0x17
 752 0086 00       		.byte	0
 753 0087 00       		.byte	0
 754 0088 0C       		.uleb128 0xc
 755 0089 898201   		.uleb128 0x4109
 756 008c 01       		.byte	0x1
 757 008d 11       		.uleb128 0x11
 758 008e 01       		.uleb128 0x1
 759 008f 31       		.uleb128 0x31
 760 0090 13       		.uleb128 0x13
 761 0091 00       		.byte	0
 762 0092 00       		.byte	0
 763 0093 0D       		.uleb128 0xd
 764 0094 8A8201   		.uleb128 0x410a
 765 0097 00       		.byte	0
 766 0098 02       		.uleb128 0x2
 767 0099 18       		.uleb128 0x18
 768 009a 9142     		.uleb128 0x2111
 769 009c 18       		.uleb128 0x18
 770 009d 00       		.byte	0
 771 009e 00       		.byte	0
 772 009f 0E       		.uleb128 0xe
 773 00a0 898201   		.uleb128 0x4109
 774 00a3 01       		.byte	0x1
 775 00a4 11       		.uleb128 0x11
 776 00a5 01       		.uleb128 0x1
 777 00a6 31       		.uleb128 0x31
 778 00a7 13       		.uleb128 0x13
 779 00a8 01       		.uleb128 0x1
 780 00a9 13       		.uleb128 0x13
 781 00aa 00       		.byte	0
 782 00ab 00       		.byte	0
 783 00ac 0F       		.uleb128 0xf
 784 00ad 2E       		.uleb128 0x2e
 785 00ae 01       		.byte	0x1
 786 00af 3F       		.uleb128 0x3f
 787 00b0 19       		.uleb128 0x19
 788 00b1 03       		.uleb128 0x3
 789 00b2 0E       		.uleb128 0xe
 790 00b3 3A       		.uleb128 0x3a
 791 00b4 0B       		.uleb128 0xb
 792 00b5 3B       		.uleb128 0x3b
 793 00b6 0B       		.uleb128 0xb
 794 00b7 27       		.uleb128 0x27
 795 00b8 19       		.uleb128 0x19
ARM GAS  C:\Users\EDTRIC~1\AppData\Local\Temp\ccy7yPaI.s 			page 20


 796 00b9 11       		.uleb128 0x11
 797 00ba 01       		.uleb128 0x1
 798 00bb 12       		.uleb128 0x12
 799 00bc 06       		.uleb128 0x6
 800 00bd 40       		.uleb128 0x40
 801 00be 18       		.uleb128 0x18
 802 00bf 9742     		.uleb128 0x2117
 803 00c1 19       		.uleb128 0x19
 804 00c2 01       		.uleb128 0x1
 805 00c3 13       		.uleb128 0x13
 806 00c4 00       		.byte	0
 807 00c5 00       		.byte	0
 808 00c6 10       		.uleb128 0x10
 809 00c7 0B       		.uleb128 0xb
 810 00c8 01       		.byte	0x1
 811 00c9 11       		.uleb128 0x11
 812 00ca 01       		.uleb128 0x1
 813 00cb 12       		.uleb128 0x12
 814 00cc 06       		.uleb128 0x6
 815 00cd 01       		.uleb128 0x1
 816 00ce 13       		.uleb128 0x13
 817 00cf 00       		.byte	0
 818 00d0 00       		.byte	0
 819 00d1 11       		.uleb128 0x11
 820 00d2 13       		.uleb128 0x13
 821 00d3 01       		.byte	0x1
 822 00d4 0B       		.uleb128 0xb
 823 00d5 0B       		.uleb128 0xb
 824 00d6 3A       		.uleb128 0x3a
 825 00d7 0B       		.uleb128 0xb
 826 00d8 3B       		.uleb128 0x3b
 827 00d9 0B       		.uleb128 0xb
 828 00da 01       		.uleb128 0x1
 829 00db 13       		.uleb128 0x13
 830 00dc 00       		.byte	0
 831 00dd 00       		.byte	0
 832 00de 12       		.uleb128 0x12
 833 00df 0D       		.uleb128 0xd
 834 00e0 00       		.byte	0
 835 00e1 03       		.uleb128 0x3
 836 00e2 0E       		.uleb128 0xe
 837 00e3 3A       		.uleb128 0x3a
 838 00e4 0B       		.uleb128 0xb
 839 00e5 3B       		.uleb128 0x3b
 840 00e6 0B       		.uleb128 0xb
 841 00e7 49       		.uleb128 0x49
 842 00e8 13       		.uleb128 0x13
 843 00e9 38       		.uleb128 0x38
 844 00ea 0B       		.uleb128 0xb
 845 00eb 00       		.byte	0
 846 00ec 00       		.byte	0
 847 00ed 13       		.uleb128 0x13
 848 00ee 01       		.uleb128 0x1
 849 00ef 01       		.byte	0x1
 850 00f0 49       		.uleb128 0x49
 851 00f1 13       		.uleb128 0x13
 852 00f2 01       		.uleb128 0x1
ARM GAS  C:\Users\EDTRIC~1\AppData\Local\Temp\ccy7yPaI.s 			page 21


 853 00f3 13       		.uleb128 0x13
 854 00f4 00       		.byte	0
 855 00f5 00       		.byte	0
 856 00f6 14       		.uleb128 0x14
 857 00f7 21       		.uleb128 0x21
 858 00f8 00       		.byte	0
 859 00f9 49       		.uleb128 0x49
 860 00fa 13       		.uleb128 0x13
 861 00fb 2F       		.uleb128 0x2f
 862 00fc 0B       		.uleb128 0xb
 863 00fd 00       		.byte	0
 864 00fe 00       		.byte	0
 865 00ff 15       		.uleb128 0x15
 866 0100 34       		.uleb128 0x34
 867 0101 00       		.byte	0
 868 0102 03       		.uleb128 0x3
 869 0103 0E       		.uleb128 0xe
 870 0104 3A       		.uleb128 0x3a
 871 0105 0B       		.uleb128 0xb
 872 0106 3B       		.uleb128 0x3b
 873 0107 0B       		.uleb128 0xb
 874 0108 49       		.uleb128 0x49
 875 0109 13       		.uleb128 0x13
 876 010a 02       		.uleb128 0x2
 877 010b 18       		.uleb128 0x18
 878 010c 00       		.byte	0
 879 010d 00       		.byte	0
 880 010e 16       		.uleb128 0x16
 881 010f 26       		.uleb128 0x26
 882 0110 00       		.byte	0
 883 0111 49       		.uleb128 0x49
 884 0112 13       		.uleb128 0x13
 885 0113 00       		.byte	0
 886 0114 00       		.byte	0
 887 0115 17       		.uleb128 0x17
 888 0116 34       		.uleb128 0x34
 889 0117 00       		.byte	0
 890 0118 03       		.uleb128 0x3
 891 0119 08       		.uleb128 0x8
 892 011a 3A       		.uleb128 0x3a
 893 011b 0B       		.uleb128 0xb
 894 011c 3B       		.uleb128 0x3b
 895 011d 0B       		.uleb128 0xb
 896 011e 49       		.uleb128 0x49
 897 011f 13       		.uleb128 0x13
 898 0120 02       		.uleb128 0x2
 899 0121 17       		.uleb128 0x17
 900 0122 00       		.byte	0
 901 0123 00       		.byte	0
 902 0124 18       		.uleb128 0x18
 903 0125 0B       		.uleb128 0xb
 904 0126 01       		.byte	0x1
 905 0127 55       		.uleb128 0x55
 906 0128 17       		.uleb128 0x17
 907 0129 00       		.byte	0
 908 012a 00       		.byte	0
 909 012b 19       		.uleb128 0x19
ARM GAS  C:\Users\EDTRIC~1\AppData\Local\Temp\ccy7yPaI.s 			page 22


 910 012c 898201   		.uleb128 0x4109
 911 012f 00       		.byte	0
 912 0130 11       		.uleb128 0x11
 913 0131 01       		.uleb128 0x1
 914 0132 31       		.uleb128 0x31
 915 0133 13       		.uleb128 0x13
 916 0134 00       		.byte	0
 917 0135 00       		.byte	0
 918 0136 1A       		.uleb128 0x1a
 919 0137 2E       		.uleb128 0x2e
 920 0138 01       		.byte	0x1
 921 0139 3F       		.uleb128 0x3f
 922 013a 19       		.uleb128 0x19
 923 013b 03       		.uleb128 0x3
 924 013c 0E       		.uleb128 0xe
 925 013d 27       		.uleb128 0x27
 926 013e 19       		.uleb128 0x19
 927 013f 49       		.uleb128 0x49
 928 0140 13       		.uleb128 0x13
 929 0141 34       		.uleb128 0x34
 930 0142 19       		.uleb128 0x19
 931 0143 3C       		.uleb128 0x3c
 932 0144 19       		.uleb128 0x19
 933 0145 01       		.uleb128 0x1
 934 0146 13       		.uleb128 0x13
 935 0147 00       		.byte	0
 936 0148 00       		.byte	0
 937 0149 1B       		.uleb128 0x1b
 938 014a 05       		.uleb128 0x5
 939 014b 00       		.byte	0
 940 014c 49       		.uleb128 0x49
 941 014d 13       		.uleb128 0x13
 942 014e 00       		.byte	0
 943 014f 00       		.byte	0
 944 0150 1C       		.uleb128 0x1c
 945 0151 2E       		.uleb128 0x2e
 946 0152 01       		.byte	0x1
 947 0153 3F       		.uleb128 0x3f
 948 0154 19       		.uleb128 0x19
 949 0155 03       		.uleb128 0x3
 950 0156 0E       		.uleb128 0xe
 951 0157 3A       		.uleb128 0x3a
 952 0158 0B       		.uleb128 0xb
 953 0159 3B       		.uleb128 0x3b
 954 015a 0B       		.uleb128 0xb
 955 015b 27       		.uleb128 0x27
 956 015c 19       		.uleb128 0x19
 957 015d 3C       		.uleb128 0x3c
 958 015e 19       		.uleb128 0x19
 959 015f 01       		.uleb128 0x1
 960 0160 13       		.uleb128 0x13
 961 0161 00       		.byte	0
 962 0162 00       		.byte	0
 963 0163 1D       		.uleb128 0x1d
 964 0164 2E       		.uleb128 0x2e
 965 0165 01       		.byte	0x1
 966 0166 3F       		.uleb128 0x3f
ARM GAS  C:\Users\EDTRIC~1\AppData\Local\Temp\ccy7yPaI.s 			page 23


 967 0167 19       		.uleb128 0x19
 968 0168 03       		.uleb128 0x3
 969 0169 0E       		.uleb128 0xe
 970 016a 3A       		.uleb128 0x3a
 971 016b 0B       		.uleb128 0xb
 972 016c 3B       		.uleb128 0x3b
 973 016d 0B       		.uleb128 0xb
 974 016e 27       		.uleb128 0x27
 975 016f 19       		.uleb128 0x19
 976 0170 49       		.uleb128 0x49
 977 0171 13       		.uleb128 0x13
 978 0172 3C       		.uleb128 0x3c
 979 0173 19       		.uleb128 0x19
 980 0174 01       		.uleb128 0x1
 981 0175 13       		.uleb128 0x13
 982 0176 00       		.byte	0
 983 0177 00       		.byte	0
 984 0178 1E       		.uleb128 0x1e
 985 0179 2E       		.uleb128 0x2e
 986 017a 01       		.byte	0x1
 987 017b 3F       		.uleb128 0x3f
 988 017c 19       		.uleb128 0x19
 989 017d 03       		.uleb128 0x3
 990 017e 0E       		.uleb128 0xe
 991 017f 3A       		.uleb128 0x3a
 992 0180 0B       		.uleb128 0xb
 993 0181 3B       		.uleb128 0x3b
 994 0182 0B       		.uleb128 0xb
 995 0183 27       		.uleb128 0x27
 996 0184 19       		.uleb128 0x19
 997 0185 3C       		.uleb128 0x3c
 998 0186 19       		.uleb128 0x19
 999 0187 00       		.byte	0
 1000 0188 00       		.byte	0
 1001 0189 00       		.byte	0
 1002              		.section	.debug_loc,"",%progbits
 1003              	.Ldebug_loc0:
 1004              	.LLST0:
 1005 0000 00000000 		.4byte	.LVL0
 1006 0004 09000000 		.4byte	.LVL2-1
 1007 0008 0100     		.2byte	0x1
 1008 000a 50       		.byte	0x50
 1009 000b 09000000 		.4byte	.LVL2-1
 1010 000f 0C000000 		.4byte	.LFE0
 1011 0013 0400     		.2byte	0x4
 1012 0015 F3       		.byte	0xf3
 1013 0016 01       		.uleb128 0x1
 1014 0017 50       		.byte	0x50
 1015 0018 9F       		.byte	0x9f
 1016 0019 00000000 		.4byte	0
 1017 001d 00000000 		.4byte	0
 1018              	.LLST1:
 1019 0021 00000000 		.4byte	.LVL0
 1020 0025 06000000 		.4byte	.LVL1
 1021 0029 0100     		.2byte	0x1
 1022 002b 51       		.byte	0x51
 1023 002c 06000000 		.4byte	.LVL1
ARM GAS  C:\Users\EDTRIC~1\AppData\Local\Temp\ccy7yPaI.s 			page 24


 1024 0030 09000000 		.4byte	.LVL2-1
 1025 0034 0100     		.2byte	0x1
 1026 0036 52       		.byte	0x52
 1027 0037 09000000 		.4byte	.LVL2-1
 1028 003b 0C000000 		.4byte	.LFE0
 1029 003f 0400     		.2byte	0x4
 1030 0041 F3       		.byte	0xf3
 1031 0042 01       		.uleb128 0x1
 1032 0043 51       		.byte	0x51
 1033 0044 9F       		.byte	0x9f
 1034 0045 00000000 		.4byte	0
 1035 0049 00000000 		.4byte	0
 1036              	.LLST2:
 1037 004d 90000000 		.4byte	.LVL6
 1038 0051 96000000 		.4byte	.LVL7
 1039 0055 0200     		.2byte	0x2
 1040 0057 30       		.byte	0x30
 1041 0058 9F       		.byte	0x9f
 1042 0059 96000000 		.4byte	.LVL7
 1043 005d AE000000 		.4byte	.LVL10
 1044 0061 0100     		.2byte	0x1
 1045 0063 54       		.byte	0x54
 1046 0064 AE000000 		.4byte	.LVL10
 1047 0068 B0000000 		.4byte	.LVL11
 1048 006c 0300     		.2byte	0x3
 1049 006e 74       		.byte	0x74
 1050 006f 7F       		.sleb128 -1
 1051 0070 9F       		.byte	0x9f
 1052 0071 B0000000 		.4byte	.LVL11
 1053 0075 20010000 		.4byte	.LVL13
 1054 0079 0100     		.2byte	0x1
 1055 007b 54       		.byte	0x54
 1056 007c 00000000 		.4byte	0
 1057 0080 00000000 		.4byte	0
 1058              	.LLST3:
 1059 0084 9E000000 		.4byte	.LVL8
 1060 0088 AB000000 		.4byte	.LVL9-1
 1061 008c 0100     		.2byte	0x1
 1062 008e 53       		.byte	0x53
 1063 008f AB000000 		.4byte	.LVL9-1
 1064 0093 AE000000 		.4byte	.LVL10
 1065 0097 0D00     		.2byte	0xd
 1066 0099 74       		.byte	0x74
 1067 009a 00       		.sleb128 0
 1068 009b 31       		.byte	0x31
 1069 009c 24       		.byte	0x24
 1070 009d 74       		.byte	0x74
 1071 009e 00       		.sleb128 0
 1072 009f 22       		.byte	0x22
 1073 00a0 31       		.byte	0x31
 1074 00a1 24       		.byte	0x24
 1075 00a2 75       		.byte	0x75
 1076 00a3 00       		.sleb128 0
 1077 00a4 22       		.byte	0x22
 1078 00a5 9F       		.byte	0x9f
 1079 00a6 AE000000 		.4byte	.LVL10
 1080 00aa B0000000 		.4byte	.LVL11
ARM GAS  C:\Users\EDTRIC~1\AppData\Local\Temp\ccy7yPaI.s 			page 25


 1081 00ae 0D00     		.2byte	0xd
 1082 00b0 74       		.byte	0x74
 1083 00b1 7F       		.sleb128 -1
 1084 00b2 74       		.byte	0x74
 1085 00b3 7F       		.sleb128 -1
 1086 00b4 31       		.byte	0x31
 1087 00b5 24       		.byte	0x24
 1088 00b6 22       		.byte	0x22
 1089 00b7 31       		.byte	0x31
 1090 00b8 24       		.byte	0x24
 1091 00b9 75       		.byte	0x75
 1092 00ba 00       		.sleb128 0
 1093 00bb 22       		.byte	0x22
 1094 00bc 9F       		.byte	0x9f
 1095 00bd 00000000 		.4byte	0
 1096 00c1 00000000 		.4byte	0
 1097              		.section	.debug_aranges,"",%progbits
 1098 0000 2C000000 		.4byte	0x2c
 1099 0004 0200     		.2byte	0x2
 1100 0006 00000000 		.4byte	.Ldebug_info0
 1101 000a 04       		.byte	0x4
 1102 000b 00       		.byte	0
 1103 000c 0000     		.2byte	0
 1104 000e 0000     		.2byte	0
 1105 0010 00000000 		.4byte	.LFB0
 1106 0014 0C000000 		.4byte	.LFE0-.LFB0
 1107 0018 00000000 		.4byte	.LFB3
 1108 001c 8C000000 		.4byte	.LFE3-.LFB3
 1109 0020 8C000000 		.4byte	.LFB5
 1110 0024 D0000000 		.4byte	.LFE5-.LFB5
 1111 0028 00000000 		.4byte	0
 1112 002c 00000000 		.4byte	0
 1113              		.section	.debug_ranges,"",%progbits
 1114              	.Ldebug_ranges0:
 1115 0000 92000000 		.4byte	.LBB3
 1116 0004 94000000 		.4byte	.LBE3
 1117 0008 96000000 		.4byte	.LBB4
 1118 000c AC000000 		.4byte	.LBE4
 1119 0010 00000000 		.4byte	0
 1120 0014 00000000 		.4byte	0
 1121 0018 00000000 		.4byte	.LFB0
 1122 001c 0C000000 		.4byte	.LFE0
 1123 0020 00000000 		.4byte	.LFB3
 1124 0024 8C000000 		.4byte	.LFE3
 1125 0028 8C000000 		.4byte	.LFB5
 1126 002c 5C010000 		.4byte	.LFE5
 1127 0030 00000000 		.4byte	0
 1128 0034 00000000 		.4byte	0
 1129              		.section	.debug_line,"",%progbits
 1130              	.Ldebug_line0:
 1131 0000 3C010000 		.section	.debug_str,"MS",%progbits,1
 1131      0200D800 
 1131      00000201 
 1131      FB0E0D00 
 1131      01010101 
 1132              	.LASF18:
 1133 0000 72656733 		.ascii	"reg32\000"
ARM GAS  C:\Users\EDTRIC~1\AppData\Local\Temp\ccy7yPaI.s 			page 26


 1133      3200
 1134              	.LASF11:
 1135 0006 73697A65 		.ascii	"size_t\000"
 1135      5F7400
 1136              	.LASF32:
 1137 000d 4379496E 		.ascii	"CyIntSetVector\000"
 1137      74536574 
 1137      56656374 
 1137      6F7200
 1138              	.LASF25:
 1139 001c 6366675F 		.ascii	"cfg_memset_list\000"
 1139      6D656D73 
 1139      65745F6C 
 1139      69737400 
 1140              	.LASF21:
 1141 002c 436C6F63 		.ascii	"ClockSetup\000"
 1141      6B536574 
 1141      757000
 1142              	.LASF4:
 1143 0037 73686F72 		.ascii	"short unsigned int\000"
 1143      7420756E 
 1143      7369676E 
 1143      65642069 
 1143      6E7400
 1144              	.LASF30:
 1145 004a 433A5C55 		.ascii	"C:\\Users\\edtriccorp\\Documents\\PSoC Creator\\LID"
 1145      73657273 
 1145      5C656474 
 1145      72696363 
 1145      6F72705C 
 1146 0078 41525C4C 		.ascii	"AR\\LIDAR.cydsn\000"
 1146      49444152 
 1146      2E637964 
 1146      736E00
 1147              	.LASF15:
 1148 0087 666C6F61 		.ascii	"float\000"
 1148      7400
 1149              	.LASF23:
 1150 008d 73697A65 		.ascii	"size\000"
 1150      00
 1151              	.LASF17:
 1152 0092 72656738 		.ascii	"reg8\000"
 1152      00
 1153              	.LASF6:
 1154 0097 6C6F6E67 		.ascii	"long unsigned int\000"
 1154      20756E73 
 1154      69676E65 
 1154      6420696E 
 1154      7400
 1155              	.LASF12:
 1156 00a9 75696E74 		.ascii	"uint8\000"
 1156      3800
 1157              	.LASF20:
 1158 00af 43594D45 		.ascii	"CYMEMZERO\000"
 1158      4D5A4552 
 1158      4F00
 1159              	.LASF2:
ARM GAS  C:\Users\EDTRIC~1\AppData\Local\Temp\ccy7yPaI.s 			page 27


 1160 00b9 756E7369 		.ascii	"unsigned char\000"
 1160      676E6564 
 1160      20636861 
 1160      7200
 1161              	.LASF26:
 1162 00c7 6D656D73 		.ascii	"memset\000"
 1162      657400
 1163              	.LASF16:
 1164 00ce 646F7562 		.ascii	"double\000"
 1164      6C6500
 1165              	.LASF33:
 1166 00d5 4379496E 		.ascii	"CyIntEnable\000"
 1166      74456E61 
 1166      626C6500 
 1167              	.LASF13:
 1168 00e1 75696E74 		.ascii	"uint16\000"
 1168      313600
 1169              	.LASF14:
 1170 00e8 75696E74 		.ascii	"uint32\000"
 1170      333200
 1171              	.LASF0:
 1172 00ef 756E7369 		.ascii	"unsigned int\000"
 1172      676E6564 
 1172      20696E74 
 1172      00
 1173              	.LASF31:
 1174 00fc 63796669 		.ascii	"cyfitter_cfg\000"
 1174      74746572 
 1174      5F636667 
 1174      00
 1175              	.LASF22:
 1176 0109 61646472 		.ascii	"address\000"
 1176      65737300 
 1177              	.LASF8:
 1178 0111 6C6F6E67 		.ascii	"long long unsigned int\000"
 1178      206C6F6E 
 1178      6720756E 
 1178      7369676E 
 1178      65642069 
 1179              	.LASF28:
 1180 0128 474E5520 		.ascii	"GNU C 4.8.4 20140526 (release) [ARM/embedded-4_8-br"
 1180      4320342E 
 1180      382E3420 
 1180      32303134 
 1180      30353236 
 1181 015b 616E6368 		.ascii	"anch revision 211358] -mcpu=cortex-m0 -mthumb -g -O"
 1181      20726576 
 1181      6973696F 
 1181      6E203231 
 1181      31333538 
 1182 018e 67202D66 		.ascii	"g -ffunction-sections\000"
 1182      66756E63 
 1182      74696F6E 
 1182      2D736563 
 1182      74696F6E 
 1183              	.LASF19:
 1184 01a4 63796973 		.ascii	"cyisraddress\000"
ARM GAS  C:\Users\EDTRIC~1\AppData\Local\Temp\ccy7yPaI.s 			page 28


 1184      72616464 
 1184      72657373 
 1184      00
 1185              	.LASF24:
 1186 01b1 6366675F 		.ascii	"cfg_memset_t\000"
 1186      6D656D73 
 1186      65745F74 
 1186      00
 1187              	.LASF29:
 1188 01be 2E5C4765 		.ascii	".\\Generated_Source\\PSoC4\\cyfitter_cfg.c\000"
 1188      6E657261 
 1188      7465645F 
 1188      536F7572 
 1188      63655C50 
 1189              	.LASF9:
 1190 01e6 73697A65 		.ascii	"sizetype\000"
 1190      74797065 
 1190      00
 1191              	.LASF7:
 1192 01ef 6C6F6E67 		.ascii	"long long int\000"
 1192      206C6F6E 
 1192      6720696E 
 1192      7400
 1193              	.LASF10:
 1194 01fd 63686172 		.ascii	"char\000"
 1194      00
 1195              	.LASF3:
 1196 0202 73686F72 		.ascii	"short int\000"
 1196      7420696E 
 1196      7400
 1197              	.LASF27:
 1198 020c 43795379 		.ascii	"CySysClkWriteImoFreq\000"
 1198      73436C6B 
 1198      57726974 
 1198      65496D6F 
 1198      46726571 
 1199              	.LASF5:
 1200 0221 6C6F6E67 		.ascii	"long int\000"
 1200      20696E74 
 1200      00
 1201              	.LASF1:
 1202 022a 7369676E 		.ascii	"signed char\000"
 1202      65642063 
 1202      68617200 
 1203              		.ident	"GCC: (GNU Tools for ARM Embedded Processors) 4.8.4 20140526 (release) [ARM/embedded-4_8-br
