ARM GAS  C:\Users\EDTRIC~1\AppData\Local\Temp\ccBjGgkl.s 			page 1


   1              		.cpu cortex-m0
   2              		.fpu softvfp
   3              		.eabi_attribute 20, 1
   4              		.eabi_attribute 21, 1
   5              		.eabi_attribute 23, 3
   6              		.eabi_attribute 24, 1
   7              		.eabi_attribute 25, 1
   8              		.eabi_attribute 26, 1
   9              		.eabi_attribute 30, 1
  10              		.eabi_attribute 34, 0
  11              		.eabi_attribute 18, 4
  12              		.code	16
  13              		.file	"I2C_1_I2C.c"
  14              		.text
  15              	.Ltext0:
  16              		.cfi_sections	.debug_frame
  17              		.section	.text.I2C_1_I2CInit,"ax",%progbits
  18              		.align	2
  19              		.global	I2C_1_I2CInit
  20              		.code	16
  21              		.thumb_func
  22              		.type	I2C_1_I2CInit, %function
  23              	I2C_1_I2CInit:
  24              	.LFB0:
  25              		.file 1 ".\\Generated_Source\\PSoC4\\I2C_1_I2C.c"
   1:.\Generated_Source\PSoC4/I2C_1_I2C.c **** /*******************************************************************************
   2:.\Generated_Source\PSoC4/I2C_1_I2C.c **** * File Name: I2C_1_I2C.c
   3:.\Generated_Source\PSoC4/I2C_1_I2C.c **** * Version 3.0
   4:.\Generated_Source\PSoC4/I2C_1_I2C.c **** *
   5:.\Generated_Source\PSoC4/I2C_1_I2C.c **** * Description:
   6:.\Generated_Source\PSoC4/I2C_1_I2C.c **** *  This file provides the source code to the API for the SCB Component in
   7:.\Generated_Source\PSoC4/I2C_1_I2C.c **** *  I2C mode.
   8:.\Generated_Source\PSoC4/I2C_1_I2C.c **** *
   9:.\Generated_Source\PSoC4/I2C_1_I2C.c **** * Note:
  10:.\Generated_Source\PSoC4/I2C_1_I2C.c **** *
  11:.\Generated_Source\PSoC4/I2C_1_I2C.c **** *******************************************************************************
  12:.\Generated_Source\PSoC4/I2C_1_I2C.c **** * Copyright 2013-2015, Cypress Semiconductor Corporation.  All rights reserved.
  13:.\Generated_Source\PSoC4/I2C_1_I2C.c **** * You may use this file only in accordance with the license, terms, conditions,
  14:.\Generated_Source\PSoC4/I2C_1_I2C.c **** * disclaimers, and limitations in the end user license agreement accompanying
  15:.\Generated_Source\PSoC4/I2C_1_I2C.c **** * the software package with which this file was provided.
  16:.\Generated_Source\PSoC4/I2C_1_I2C.c **** *******************************************************************************/
  17:.\Generated_Source\PSoC4/I2C_1_I2C.c **** 
  18:.\Generated_Source\PSoC4/I2C_1_I2C.c **** #include "I2C_1_PVT.h"
  19:.\Generated_Source\PSoC4/I2C_1_I2C.c **** #include "I2C_1_I2C_PVT.h"
  20:.\Generated_Source\PSoC4/I2C_1_I2C.c **** 
  21:.\Generated_Source\PSoC4/I2C_1_I2C.c **** 
  22:.\Generated_Source\PSoC4/I2C_1_I2C.c **** /***************************************
  23:.\Generated_Source\PSoC4/I2C_1_I2C.c **** *      I2C Private Vars
  24:.\Generated_Source\PSoC4/I2C_1_I2C.c **** ***************************************/
  25:.\Generated_Source\PSoC4/I2C_1_I2C.c **** 
  26:.\Generated_Source\PSoC4/I2C_1_I2C.c **** volatile uint8 I2C_1_state;  /* Current state of I2C FSM */
  27:.\Generated_Source\PSoC4/I2C_1_I2C.c **** 
  28:.\Generated_Source\PSoC4/I2C_1_I2C.c **** #if(I2C_1_SCB_MODE_UNCONFIG_CONST_CFG)
  29:.\Generated_Source\PSoC4/I2C_1_I2C.c **** 
  30:.\Generated_Source\PSoC4/I2C_1_I2C.c ****     /***************************************
  31:.\Generated_Source\PSoC4/I2C_1_I2C.c ****     *  Configuration Structure Initialization
  32:.\Generated_Source\PSoC4/I2C_1_I2C.c ****     ***************************************/
ARM GAS  C:\Users\EDTRIC~1\AppData\Local\Temp\ccBjGgkl.s 			page 2


  33:.\Generated_Source\PSoC4/I2C_1_I2C.c **** 
  34:.\Generated_Source\PSoC4/I2C_1_I2C.c ****     /* Constant configuration of I2C */
  35:.\Generated_Source\PSoC4/I2C_1_I2C.c ****     const I2C_1_I2C_INIT_STRUCT I2C_1_configI2C =
  36:.\Generated_Source\PSoC4/I2C_1_I2C.c ****     {
  37:.\Generated_Source\PSoC4/I2C_1_I2C.c ****         I2C_1_I2C_MODE,
  38:.\Generated_Source\PSoC4/I2C_1_I2C.c ****         I2C_1_I2C_OVS_FACTOR_LOW,
  39:.\Generated_Source\PSoC4/I2C_1_I2C.c ****         I2C_1_I2C_OVS_FACTOR_HIGH,
  40:.\Generated_Source\PSoC4/I2C_1_I2C.c ****         I2C_1_I2C_MEDIAN_FILTER_ENABLE,
  41:.\Generated_Source\PSoC4/I2C_1_I2C.c ****         I2C_1_I2C_SLAVE_ADDRESS,
  42:.\Generated_Source\PSoC4/I2C_1_I2C.c ****         I2C_1_I2C_SLAVE_ADDRESS_MASK,
  43:.\Generated_Source\PSoC4/I2C_1_I2C.c ****         I2C_1_I2C_ACCEPT_ADDRESS,
  44:.\Generated_Source\PSoC4/I2C_1_I2C.c ****         I2C_1_I2C_WAKE_ENABLE,
  45:.\Generated_Source\PSoC4/I2C_1_I2C.c ****         I2C_1_I2C_BYTE_MODE_ENABLE,
  46:.\Generated_Source\PSoC4/I2C_1_I2C.c ****         I2C_1_I2C_DATA_RATE,
  47:.\Generated_Source\PSoC4/I2C_1_I2C.c ****         I2C_1_I2C_ACCEPT_GENERAL_CALL,
  48:.\Generated_Source\PSoC4/I2C_1_I2C.c ****     };
  49:.\Generated_Source\PSoC4/I2C_1_I2C.c **** 
  50:.\Generated_Source\PSoC4/I2C_1_I2C.c ****     /*******************************************************************************
  51:.\Generated_Source\PSoC4/I2C_1_I2C.c ****     * Function Name: I2C_1_I2CInit
  52:.\Generated_Source\PSoC4/I2C_1_I2C.c ****     ********************************************************************************
  53:.\Generated_Source\PSoC4/I2C_1_I2C.c ****     *
  54:.\Generated_Source\PSoC4/I2C_1_I2C.c ****     * Summary:
  55:.\Generated_Source\PSoC4/I2C_1_I2C.c ****     *  Configures the SCB for I2C operation.
  56:.\Generated_Source\PSoC4/I2C_1_I2C.c ****     *
  57:.\Generated_Source\PSoC4/I2C_1_I2C.c ****     * Parameters:
  58:.\Generated_Source\PSoC4/I2C_1_I2C.c ****     *  config:  Pointer to a structure that contains the following ordered list of
  59:.\Generated_Source\PSoC4/I2C_1_I2C.c ****     *           fields. These fields match the selections available in the
  60:.\Generated_Source\PSoC4/I2C_1_I2C.c ****     *           customizer.
  61:.\Generated_Source\PSoC4/I2C_1_I2C.c ****     *
  62:.\Generated_Source\PSoC4/I2C_1_I2C.c ****     * Return:
  63:.\Generated_Source\PSoC4/I2C_1_I2C.c ****     *  None
  64:.\Generated_Source\PSoC4/I2C_1_I2C.c ****     *
  65:.\Generated_Source\PSoC4/I2C_1_I2C.c ****     *******************************************************************************/
  66:.\Generated_Source\PSoC4/I2C_1_I2C.c ****     void I2C_1_I2CInit(const I2C_1_I2C_INIT_STRUCT *config)
  67:.\Generated_Source\PSoC4/I2C_1_I2C.c ****     {
  68:.\Generated_Source\PSoC4/I2C_1_I2C.c ****         uint32 medianFilter;
  69:.\Generated_Source\PSoC4/I2C_1_I2C.c ****         uint32 locEnableWake;
  70:.\Generated_Source\PSoC4/I2C_1_I2C.c **** 
  71:.\Generated_Source\PSoC4/I2C_1_I2C.c ****         if(NULL == config)
  72:.\Generated_Source\PSoC4/I2C_1_I2C.c ****         {
  73:.\Generated_Source\PSoC4/I2C_1_I2C.c ****             CYASSERT(0u != 0u); /* Halt execution due to bad function parameter */
  74:.\Generated_Source\PSoC4/I2C_1_I2C.c ****         }
  75:.\Generated_Source\PSoC4/I2C_1_I2C.c ****         else
  76:.\Generated_Source\PSoC4/I2C_1_I2C.c ****         {
  77:.\Generated_Source\PSoC4/I2C_1_I2C.c ****             /* Configure pins */
  78:.\Generated_Source\PSoC4/I2C_1_I2C.c ****             I2C_1_SetPins(I2C_1_SCB_MODE_I2C, I2C_1_DUMMY_PARAM,
  79:.\Generated_Source\PSoC4/I2C_1_I2C.c ****                                      I2C_1_DUMMY_PARAM);
  80:.\Generated_Source\PSoC4/I2C_1_I2C.c **** 
  81:.\Generated_Source\PSoC4/I2C_1_I2C.c ****             /* Store internal configuration */
  82:.\Generated_Source\PSoC4/I2C_1_I2C.c ****             I2C_1_scbMode       = (uint8) I2C_1_SCB_MODE_I2C;
  83:.\Generated_Source\PSoC4/I2C_1_I2C.c ****             I2C_1_scbEnableWake = (uint8) config->enableWake;
  84:.\Generated_Source\PSoC4/I2C_1_I2C.c ****             I2C_1_scbEnableIntr = (uint8) I2C_1_SCB_IRQ_INTERNAL;
  85:.\Generated_Source\PSoC4/I2C_1_I2C.c **** 
  86:.\Generated_Source\PSoC4/I2C_1_I2C.c ****             I2C_1_mode          = (uint8) config->mode;
  87:.\Generated_Source\PSoC4/I2C_1_I2C.c ****             I2C_1_acceptAddr    = (uint8) config->acceptAddr;
  88:.\Generated_Source\PSoC4/I2C_1_I2C.c **** 
  89:.\Generated_Source\PSoC4/I2C_1_I2C.c ****         #if (I2C_1_CY_SCBIP_V0)
ARM GAS  C:\Users\EDTRIC~1\AppData\Local\Temp\ccBjGgkl.s 			page 3


  90:.\Generated_Source\PSoC4/I2C_1_I2C.c ****             /* Adjust SDA filter settings. Ticket ID#150521 */
  91:.\Generated_Source\PSoC4/I2C_1_I2C.c ****             I2C_1_SET_I2C_CFG_SDA_FILT_TRIM(I2C_1_EC_AM_I2C_CFG_SDA_FILT_TRIM);
  92:.\Generated_Source\PSoC4/I2C_1_I2C.c ****         #endif /* (I2C_1_CY_SCBIP_V0) */
  93:.\Generated_Source\PSoC4/I2C_1_I2C.c **** 
  94:.\Generated_Source\PSoC4/I2C_1_I2C.c ****             /* Adjust AF and DF filter settings. Ticket ID#176179 */
  95:.\Generated_Source\PSoC4/I2C_1_I2C.c ****             if (((I2C_1_I2C_MODE_SLAVE != config->mode) &&
  96:.\Generated_Source\PSoC4/I2C_1_I2C.c ****                  (config->dataRate <= I2C_1_I2C_DATA_RATE_FS_MODE_MAX)) ||
  97:.\Generated_Source\PSoC4/I2C_1_I2C.c ****                  (I2C_1_I2C_MODE_SLAVE == config->mode))
  98:.\Generated_Source\PSoC4/I2C_1_I2C.c ****             {
  99:.\Generated_Source\PSoC4/I2C_1_I2C.c ****                 /* AF = 1, DF = 0 */
 100:.\Generated_Source\PSoC4/I2C_1_I2C.c ****                 I2C_1_I2C_CFG_ANALOG_FITER_ENABLE;
 101:.\Generated_Source\PSoC4/I2C_1_I2C.c ****                 medianFilter = I2C_1_DIGITAL_FILTER_DISABLE;
 102:.\Generated_Source\PSoC4/I2C_1_I2C.c ****             }
 103:.\Generated_Source\PSoC4/I2C_1_I2C.c ****             else
 104:.\Generated_Source\PSoC4/I2C_1_I2C.c ****             {
 105:.\Generated_Source\PSoC4/I2C_1_I2C.c ****                 /* AF = 0, DF = 1 */
 106:.\Generated_Source\PSoC4/I2C_1_I2C.c ****                 I2C_1_I2C_CFG_ANALOG_FITER_DISABLE;
 107:.\Generated_Source\PSoC4/I2C_1_I2C.c ****                 medianFilter = I2C_1_DIGITAL_FILTER_ENABLE;
 108:.\Generated_Source\PSoC4/I2C_1_I2C.c ****             }
 109:.\Generated_Source\PSoC4/I2C_1_I2C.c **** 
 110:.\Generated_Source\PSoC4/I2C_1_I2C.c ****         #if (!I2C_1_CY_SCBIP_V0)
 111:.\Generated_Source\PSoC4/I2C_1_I2C.c ****             locEnableWake = (I2C_1_I2C_MULTI_MASTER_SLAVE) ? (0u) : (config->enableWake);
 112:.\Generated_Source\PSoC4/I2C_1_I2C.c ****         #else
 113:.\Generated_Source\PSoC4/I2C_1_I2C.c ****             locEnableWake = config->enableWake;
 114:.\Generated_Source\PSoC4/I2C_1_I2C.c ****         #endif /* (!I2C_1_CY_SCBIP_V0) */
 115:.\Generated_Source\PSoC4/I2C_1_I2C.c **** 
 116:.\Generated_Source\PSoC4/I2C_1_I2C.c ****             /* Configure I2C interface */
 117:.\Generated_Source\PSoC4/I2C_1_I2C.c ****             I2C_1_CTRL_REG     = I2C_1_GET_CTRL_BYTE_MODE  (config->enableByteMode) |
 118:.\Generated_Source\PSoC4/I2C_1_I2C.c ****                                             I2C_1_GET_CTRL_ADDR_ACCEPT(config->acceptAddr)     |
 119:.\Generated_Source\PSoC4/I2C_1_I2C.c ****                                             I2C_1_GET_CTRL_EC_AM_MODE (locEnableWake);
 120:.\Generated_Source\PSoC4/I2C_1_I2C.c **** 
 121:.\Generated_Source\PSoC4/I2C_1_I2C.c ****             I2C_1_I2C_CTRL_REG = I2C_1_GET_I2C_CTRL_HIGH_PHASE_OVS(config->oversampleHigh) |
 122:.\Generated_Source\PSoC4/I2C_1_I2C.c ****                     I2C_1_GET_I2C_CTRL_LOW_PHASE_OVS (config->oversampleLow)                       
 123:.\Generated_Source\PSoC4/I2C_1_I2C.c ****                     I2C_1_GET_I2C_CTRL_S_GENERAL_IGNORE((uint32)(0u == config->acceptGeneralAddr)) 
 124:.\Generated_Source\PSoC4/I2C_1_I2C.c ****                     I2C_1_GET_I2C_CTRL_SL_MSTR_MODE  (config->mode);
 125:.\Generated_Source\PSoC4/I2C_1_I2C.c **** 
 126:.\Generated_Source\PSoC4/I2C_1_I2C.c ****             /* Configure RX direction */
 127:.\Generated_Source\PSoC4/I2C_1_I2C.c ****             I2C_1_RX_CTRL_REG      = I2C_1_GET_RX_CTRL_MEDIAN(medianFilter) |
 128:.\Generated_Source\PSoC4/I2C_1_I2C.c ****                                                 I2C_1_I2C_RX_CTRL;
 129:.\Generated_Source\PSoC4/I2C_1_I2C.c ****             I2C_1_RX_FIFO_CTRL_REG = I2C_1_CLEAR_REG;
 130:.\Generated_Source\PSoC4/I2C_1_I2C.c **** 
 131:.\Generated_Source\PSoC4/I2C_1_I2C.c ****             /* Set default address and mask */
 132:.\Generated_Source\PSoC4/I2C_1_I2C.c ****             I2C_1_RX_MATCH_REG    = ((I2C_1_I2C_SLAVE) ?
 133:.\Generated_Source\PSoC4/I2C_1_I2C.c ****                                                 (I2C_1_GET_I2C_8BIT_ADDRESS(config->slaveAddr) |
 134:.\Generated_Source\PSoC4/I2C_1_I2C.c ****                                                  I2C_1_GET_RX_MATCH_MASK(config->slaveAddrMask)) :
 135:.\Generated_Source\PSoC4/I2C_1_I2C.c ****                                                 (I2C_1_CLEAR_REG));
 136:.\Generated_Source\PSoC4/I2C_1_I2C.c **** 
 137:.\Generated_Source\PSoC4/I2C_1_I2C.c **** 
 138:.\Generated_Source\PSoC4/I2C_1_I2C.c ****             /* Configure TX direction */
 139:.\Generated_Source\PSoC4/I2C_1_I2C.c ****             I2C_1_TX_CTRL_REG      = I2C_1_I2C_TX_CTRL;
 140:.\Generated_Source\PSoC4/I2C_1_I2C.c ****             I2C_1_TX_FIFO_CTRL_REG = I2C_1_CLEAR_REG;
 141:.\Generated_Source\PSoC4/I2C_1_I2C.c **** 
 142:.\Generated_Source\PSoC4/I2C_1_I2C.c ****             /* Configure interrupt with I2C handler but do not enable it */
 143:.\Generated_Source\PSoC4/I2C_1_I2C.c ****             CyIntDisable    (I2C_1_ISR_NUMBER);
 144:.\Generated_Source\PSoC4/I2C_1_I2C.c ****             CyIntSetPriority(I2C_1_ISR_NUMBER, I2C_1_ISR_PRIORITY);
 145:.\Generated_Source\PSoC4/I2C_1_I2C.c ****             (void) CyIntSetVector(I2C_1_ISR_NUMBER, &I2C_1_I2C_ISR);
 146:.\Generated_Source\PSoC4/I2C_1_I2C.c **** 
ARM GAS  C:\Users\EDTRIC~1\AppData\Local\Temp\ccBjGgkl.s 			page 4


 147:.\Generated_Source\PSoC4/I2C_1_I2C.c ****             /* Configure interrupt sources */
 148:.\Generated_Source\PSoC4/I2C_1_I2C.c ****         #if(!I2C_1_CY_SCBIP_V1)
 149:.\Generated_Source\PSoC4/I2C_1_I2C.c ****             I2C_1_INTR_SPI_EC_MASK_REG = I2C_1_NO_INTR_SOURCES;
 150:.\Generated_Source\PSoC4/I2C_1_I2C.c ****         #endif /* (!I2C_1_CY_SCBIP_V1) */
 151:.\Generated_Source\PSoC4/I2C_1_I2C.c **** 
 152:.\Generated_Source\PSoC4/I2C_1_I2C.c ****             I2C_1_INTR_I2C_EC_MASK_REG = I2C_1_NO_INTR_SOURCES;
 153:.\Generated_Source\PSoC4/I2C_1_I2C.c ****             I2C_1_INTR_RX_MASK_REG     = I2C_1_NO_INTR_SOURCES;
 154:.\Generated_Source\PSoC4/I2C_1_I2C.c ****             I2C_1_INTR_TX_MASK_REG     = I2C_1_NO_INTR_SOURCES;
 155:.\Generated_Source\PSoC4/I2C_1_I2C.c **** 
 156:.\Generated_Source\PSoC4/I2C_1_I2C.c ****             I2C_1_INTR_SLAVE_MASK_REG  = ((I2C_1_I2C_SLAVE) ?
 157:.\Generated_Source\PSoC4/I2C_1_I2C.c ****                             (I2C_1_GET_INTR_SLAVE_I2C_GENERAL(config->acceptGeneralAddr) |
 158:.\Generated_Source\PSoC4/I2C_1_I2C.c ****                              I2C_1_I2C_INTR_SLAVE_MASK) : (I2C_1_CLEAR_REG));
 159:.\Generated_Source\PSoC4/I2C_1_I2C.c **** 
 160:.\Generated_Source\PSoC4/I2C_1_I2C.c ****             I2C_1_INTR_MASTER_MASK_REG = ((I2C_1_I2C_MASTER) ?
 161:.\Generated_Source\PSoC4/I2C_1_I2C.c ****                                                      (I2C_1_I2C_INTR_MASTER_MASK) :
 162:.\Generated_Source\PSoC4/I2C_1_I2C.c ****                                                      (I2C_1_CLEAR_REG));
 163:.\Generated_Source\PSoC4/I2C_1_I2C.c **** 
 164:.\Generated_Source\PSoC4/I2C_1_I2C.c ****             /* Configure global variables */
 165:.\Generated_Source\PSoC4/I2C_1_I2C.c ****             I2C_1_state = I2C_1_I2C_FSM_IDLE;
 166:.\Generated_Source\PSoC4/I2C_1_I2C.c **** 
 167:.\Generated_Source\PSoC4/I2C_1_I2C.c ****             /* Internal slave variables */
 168:.\Generated_Source\PSoC4/I2C_1_I2C.c ****             I2C_1_slStatus        = 0u;
 169:.\Generated_Source\PSoC4/I2C_1_I2C.c ****             I2C_1_slRdBufIndex    = 0u;
 170:.\Generated_Source\PSoC4/I2C_1_I2C.c ****             I2C_1_slWrBufIndex    = 0u;
 171:.\Generated_Source\PSoC4/I2C_1_I2C.c ****             I2C_1_slOverFlowCount = 0u;
 172:.\Generated_Source\PSoC4/I2C_1_I2C.c **** 
 173:.\Generated_Source\PSoC4/I2C_1_I2C.c ****             /* Internal master variables */
 174:.\Generated_Source\PSoC4/I2C_1_I2C.c ****             I2C_1_mstrStatus     = 0u;
 175:.\Generated_Source\PSoC4/I2C_1_I2C.c ****             I2C_1_mstrRdBufIndex = 0u;
 176:.\Generated_Source\PSoC4/I2C_1_I2C.c ****             I2C_1_mstrWrBufIndex = 0u;
 177:.\Generated_Source\PSoC4/I2C_1_I2C.c ****         }
 178:.\Generated_Source\PSoC4/I2C_1_I2C.c ****     }
 179:.\Generated_Source\PSoC4/I2C_1_I2C.c **** 
 180:.\Generated_Source\PSoC4/I2C_1_I2C.c **** #else
 181:.\Generated_Source\PSoC4/I2C_1_I2C.c **** 
 182:.\Generated_Source\PSoC4/I2C_1_I2C.c ****     /*******************************************************************************
 183:.\Generated_Source\PSoC4/I2C_1_I2C.c ****     * Function Name: I2C_1_I2CInit
 184:.\Generated_Source\PSoC4/I2C_1_I2C.c ****     ********************************************************************************
 185:.\Generated_Source\PSoC4/I2C_1_I2C.c ****     *
 186:.\Generated_Source\PSoC4/I2C_1_I2C.c ****     * Summary:
 187:.\Generated_Source\PSoC4/I2C_1_I2C.c ****     *  Configures the SCB for the I2C operation.
 188:.\Generated_Source\PSoC4/I2C_1_I2C.c ****     *
 189:.\Generated_Source\PSoC4/I2C_1_I2C.c ****     * Parameters:
 190:.\Generated_Source\PSoC4/I2C_1_I2C.c ****     *  None
 191:.\Generated_Source\PSoC4/I2C_1_I2C.c ****     *
 192:.\Generated_Source\PSoC4/I2C_1_I2C.c ****     * Return:
 193:.\Generated_Source\PSoC4/I2C_1_I2C.c ****     *  None
 194:.\Generated_Source\PSoC4/I2C_1_I2C.c ****     *
 195:.\Generated_Source\PSoC4/I2C_1_I2C.c ****     *******************************************************************************/
 196:.\Generated_Source\PSoC4/I2C_1_I2C.c ****     void I2C_1_I2CInit(void)
 197:.\Generated_Source\PSoC4/I2C_1_I2C.c ****     {
  26              		.loc 1 197 0
  27              		.cfi_startproc
  28 0000 10B5     		push	{r4, lr}
  29              		.cfi_def_cfa_offset 8
  30              		.cfi_offset 4, -8
  31              		.cfi_offset 14, -4
ARM GAS  C:\Users\EDTRIC~1\AppData\Local\Temp\ccBjGgkl.s 			page 5


 198:.\Generated_Source\PSoC4/I2C_1_I2C.c ****     #if(I2C_1_CY_SCBIP_V0)
 199:.\Generated_Source\PSoC4/I2C_1_I2C.c ****         /* Adjust SDA filter settings. Ticket ID#150521 */
 200:.\Generated_Source\PSoC4/I2C_1_I2C.c ****         I2C_1_SET_I2C_CFG_SDA_FILT_TRIM(I2C_1_EC_AM_I2C_CFG_SDA_FILT_TRIM);
  32              		.loc 1 200 0
  33 0002 1C4B     		ldr	r3, .L2
  34 0004 1968     		ldr	r1, [r3]
  35 0006 0C22     		mov	r2, #12
  36 0008 0A43     		orr	r2, r1
  37 000a 1A60     		str	r2, [r3]
 201:.\Generated_Source\PSoC4/I2C_1_I2C.c ****     #endif /* (I2C_1_CY_SCBIP_V0) */
 202:.\Generated_Source\PSoC4/I2C_1_I2C.c **** 
 203:.\Generated_Source\PSoC4/I2C_1_I2C.c ****         /* Adjust AF and DF filter settings. Ticket ID#176179 */
 204:.\Generated_Source\PSoC4/I2C_1_I2C.c ****         I2C_1_I2C_CFG_ANALOG_FITER_ENABLE_ADJ;
 205:.\Generated_Source\PSoC4/I2C_1_I2C.c **** 
 206:.\Generated_Source\PSoC4/I2C_1_I2C.c ****         /* Configure I2C interface */
 207:.\Generated_Source\PSoC4/I2C_1_I2C.c ****         I2C_1_CTRL_REG     = I2C_1_I2C_DEFAULT_CTRL;
  38              		.loc 1 207 0
  39 000c 0024     		mov	r4, #0
  40 000e 1A4B     		ldr	r3, .L2+4
  41 0010 1C60     		str	r4, [r3]
 208:.\Generated_Source\PSoC4/I2C_1_I2C.c ****         I2C_1_I2C_CTRL_REG = I2C_1_I2C_DEFAULT_I2C_CTRL;
  42              		.loc 1 208 0
  43 0012 1A4A     		ldr	r2, .L2+8
  44 0014 1A4B     		ldr	r3, .L2+12
  45 0016 1A60     		str	r2, [r3]
 209:.\Generated_Source\PSoC4/I2C_1_I2C.c **** 
 210:.\Generated_Source\PSoC4/I2C_1_I2C.c ****         /* Configure RX direction */
 211:.\Generated_Source\PSoC4/I2C_1_I2C.c ****         I2C_1_RX_CTRL_REG      = I2C_1_I2C_DEFAULT_RX_CTRL;
  46              		.loc 1 211 0
  47 0018 1A4B     		ldr	r3, .L2+16
  48 001a 1B4A     		ldr	r2, .L2+20
  49 001c 1360     		str	r3, [r2]
 212:.\Generated_Source\PSoC4/I2C_1_I2C.c ****         I2C_1_RX_FIFO_CTRL_REG = I2C_1_I2C_DEFAULT_RX_FIFO_CTRL;
  50              		.loc 1 212 0
  51 001e 1B4A     		ldr	r2, .L2+24
  52 0020 1460     		str	r4, [r2]
 213:.\Generated_Source\PSoC4/I2C_1_I2C.c **** 
 214:.\Generated_Source\PSoC4/I2C_1_I2C.c ****         /* Set default address and mask */
 215:.\Generated_Source\PSoC4/I2C_1_I2C.c ****         I2C_1_RX_MATCH_REG     = I2C_1_I2C_DEFAULT_RX_MATCH;
  53              		.loc 1 215 0
  54 0022 1B4A     		ldr	r2, .L2+28
  55 0024 1460     		str	r4, [r2]
 216:.\Generated_Source\PSoC4/I2C_1_I2C.c **** 
 217:.\Generated_Source\PSoC4/I2C_1_I2C.c ****         /* Configure TX direction */
 218:.\Generated_Source\PSoC4/I2C_1_I2C.c ****         I2C_1_TX_CTRL_REG      = I2C_1_I2C_DEFAULT_TX_CTRL;
  56              		.loc 1 218 0
  57 0026 1B4A     		ldr	r2, .L2+32
  58 0028 1360     		str	r3, [r2]
 219:.\Generated_Source\PSoC4/I2C_1_I2C.c ****         I2C_1_TX_FIFO_CTRL_REG = I2C_1_I2C_DEFAULT_TX_FIFO_CTRL;
  59              		.loc 1 219 0
  60 002a 1B4B     		ldr	r3, .L2+36
  61 002c 1C60     		str	r4, [r3]
 220:.\Generated_Source\PSoC4/I2C_1_I2C.c **** 
 221:.\Generated_Source\PSoC4/I2C_1_I2C.c ****         /* Configure interrupt with I2C handler but do not enable it */
 222:.\Generated_Source\PSoC4/I2C_1_I2C.c ****         CyIntDisable    (I2C_1_ISR_NUMBER);
  62              		.loc 1 222 0
  63 002e 0A20     		mov	r0, #10
ARM GAS  C:\Users\EDTRIC~1\AppData\Local\Temp\ccBjGgkl.s 			page 6


  64 0030 FFF7FEFF 		bl	CyIntDisable
  65              	.LVL0:
 223:.\Generated_Source\PSoC4/I2C_1_I2C.c ****         CyIntSetPriority(I2C_1_ISR_NUMBER, I2C_1_ISR_PRIORITY);
  66              		.loc 1 223 0
  67 0034 0A20     		mov	r0, #10
  68 0036 0321     		mov	r1, #3
  69 0038 FFF7FEFF 		bl	CyIntSetPriority
  70              	.LVL1:
 224:.\Generated_Source\PSoC4/I2C_1_I2C.c ****     #if(!I2C_1_I2C_EXTERN_INTR_HANDLER)
 225:.\Generated_Source\PSoC4/I2C_1_I2C.c ****         (void) CyIntSetVector(I2C_1_ISR_NUMBER, &I2C_1_I2C_ISR);
  71              		.loc 1 225 0
  72 003c 0A20     		mov	r0, #10
  73 003e 1749     		ldr	r1, .L2+40
  74 0040 FFF7FEFF 		bl	CyIntSetVector
  75              	.LVL2:
 226:.\Generated_Source\PSoC4/I2C_1_I2C.c ****     #endif /* (I2C_1_I2C_EXTERN_INTR_HANDLER) */
 227:.\Generated_Source\PSoC4/I2C_1_I2C.c **** 
 228:.\Generated_Source\PSoC4/I2C_1_I2C.c ****         /* Configure interrupt sources */
 229:.\Generated_Source\PSoC4/I2C_1_I2C.c ****     #if(!I2C_1_CY_SCBIP_V1)
 230:.\Generated_Source\PSoC4/I2C_1_I2C.c ****         I2C_1_INTR_SPI_EC_MASK_REG = I2C_1_I2C_DEFAULT_INTR_SPI_EC_MASK;
  76              		.loc 1 230 0
  77 0044 164B     		ldr	r3, .L2+44
  78 0046 1C60     		str	r4, [r3]
 231:.\Generated_Source\PSoC4/I2C_1_I2C.c ****     #endif /* (!I2C_1_CY_SCBIP_V1) */
 232:.\Generated_Source\PSoC4/I2C_1_I2C.c **** 
 233:.\Generated_Source\PSoC4/I2C_1_I2C.c ****         I2C_1_INTR_I2C_EC_MASK_REG = I2C_1_I2C_DEFAULT_INTR_I2C_EC_MASK;
  79              		.loc 1 233 0
  80 0048 164B     		ldr	r3, .L2+48
  81 004a 1C60     		str	r4, [r3]
 234:.\Generated_Source\PSoC4/I2C_1_I2C.c ****         I2C_1_INTR_SLAVE_MASK_REG  = I2C_1_I2C_DEFAULT_INTR_SLAVE_MASK;
  82              		.loc 1 234 0
  83 004c 164B     		ldr	r3, .L2+52
  84 004e 1C60     		str	r4, [r3]
 235:.\Generated_Source\PSoC4/I2C_1_I2C.c ****         I2C_1_INTR_MASTER_MASK_REG = I2C_1_I2C_DEFAULT_INTR_MASTER_MASK;
  85              		.loc 1 235 0
  86 0050 1422     		mov	r2, #20
  87 0052 FF32     		add	r2, r2, #255
  88 0054 154B     		ldr	r3, .L2+56
  89 0056 1A60     		str	r2, [r3]
 236:.\Generated_Source\PSoC4/I2C_1_I2C.c ****         I2C_1_INTR_RX_MASK_REG     = I2C_1_I2C_DEFAULT_INTR_RX_MASK;
  90              		.loc 1 236 0
  91 0058 154B     		ldr	r3, .L2+60
  92 005a 1C60     		str	r4, [r3]
 237:.\Generated_Source\PSoC4/I2C_1_I2C.c ****         I2C_1_INTR_TX_MASK_REG     = I2C_1_I2C_DEFAULT_INTR_TX_MASK;
  93              		.loc 1 237 0
  94 005c 154B     		ldr	r3, .L2+64
  95 005e 1C60     		str	r4, [r3]
 238:.\Generated_Source\PSoC4/I2C_1_I2C.c **** 
 239:.\Generated_Source\PSoC4/I2C_1_I2C.c ****         /* Configure global variables */
 240:.\Generated_Source\PSoC4/I2C_1_I2C.c ****         I2C_1_state = I2C_1_I2C_FSM_IDLE;
  96              		.loc 1 240 0
  97 0060 1022     		mov	r2, #16
  98 0062 154B     		ldr	r3, .L2+68
  99 0064 1A70     		strb	r2, [r3]
 241:.\Generated_Source\PSoC4/I2C_1_I2C.c **** 
 242:.\Generated_Source\PSoC4/I2C_1_I2C.c ****     #if(I2C_1_I2C_SLAVE)
 243:.\Generated_Source\PSoC4/I2C_1_I2C.c ****         /* Internal slave variable */
ARM GAS  C:\Users\EDTRIC~1\AppData\Local\Temp\ccBjGgkl.s 			page 7


 244:.\Generated_Source\PSoC4/I2C_1_I2C.c ****         I2C_1_slStatus        = 0u;
 245:.\Generated_Source\PSoC4/I2C_1_I2C.c ****         I2C_1_slRdBufIndex    = 0u;
 246:.\Generated_Source\PSoC4/I2C_1_I2C.c ****         I2C_1_slWrBufIndex    = 0u;
 247:.\Generated_Source\PSoC4/I2C_1_I2C.c ****         I2C_1_slOverFlowCount = 0u;
 248:.\Generated_Source\PSoC4/I2C_1_I2C.c ****     #endif /* (I2C_1_I2C_SLAVE) */
 249:.\Generated_Source\PSoC4/I2C_1_I2C.c **** 
 250:.\Generated_Source\PSoC4/I2C_1_I2C.c ****     #if(I2C_1_I2C_MASTER)
 251:.\Generated_Source\PSoC4/I2C_1_I2C.c ****     /* Internal master variable */
 252:.\Generated_Source\PSoC4/I2C_1_I2C.c ****         I2C_1_mstrStatus     = 0u;
 100              		.loc 1 252 0
 101 0066 154B     		ldr	r3, .L2+72
 102 0068 1C80     		strh	r4, [r3]
 253:.\Generated_Source\PSoC4/I2C_1_I2C.c ****         I2C_1_mstrRdBufIndex = 0u;
 103              		.loc 1 253 0
 104 006a 154B     		ldr	r3, .L2+76
 105 006c 1C60     		str	r4, [r3]
 254:.\Generated_Source\PSoC4/I2C_1_I2C.c ****         I2C_1_mstrWrBufIndex = 0u;
 106              		.loc 1 254 0
 107 006e 154B     		ldr	r3, .L2+80
 108 0070 1C60     		str	r4, [r3]
 255:.\Generated_Source\PSoC4/I2C_1_I2C.c ****     #endif /* (I2C_1_I2C_MASTER) */
 256:.\Generated_Source\PSoC4/I2C_1_I2C.c ****     }
 109              		.loc 1 256 0
 110              		@ sp needed
 111 0072 10BD     		pop	{r4, pc}
 112              	.L3:
 113              		.align	2
 114              	.L2:
 115 0074 70000640 		.word	1074135152
 116 0078 00000640 		.word	1074135040
 117 007c 77080080 		.word	-2147481481
 118 0080 60000640 		.word	1074135136
 119 0084 07010080 		.word	-2147483385
 120 0088 00030640 		.word	1074135808
 121 008c 04030640 		.word	1074135812
 122 0090 10030640 		.word	1074135824
 123 0094 00020640 		.word	1074135552
 124 0098 04020640 		.word	1074135556
 125 009c 00000000 		.word	I2C_1_I2C_ISR
 126 00a0 C80E0640 		.word	1074138824
 127 00a4 880E0640 		.word	1074138760
 128 00a8 480F0640 		.word	1074138952
 129 00ac 080F0640 		.word	1074138888
 130 00b0 C80F0640 		.word	1074139080
 131 00b4 880F0640 		.word	1074139016
 132 00b8 00000000 		.word	I2C_1_state
 133 00bc 00000000 		.word	I2C_1_mstrStatus
 134 00c0 00000000 		.word	I2C_1_mstrRdBufIndex
 135 00c4 00000000 		.word	I2C_1_mstrWrBufIndex
 136              		.cfi_endproc
 137              	.LFE0:
 138              		.size	I2C_1_I2CInit, .-I2C_1_I2CInit
 139              		.section	.text.I2C_1_I2CStop,"ax",%progbits
 140              		.align	2
 141              		.global	I2C_1_I2CStop
 142              		.code	16
 143              		.thumb_func
ARM GAS  C:\Users\EDTRIC~1\AppData\Local\Temp\ccBjGgkl.s 			page 8


 144              		.type	I2C_1_I2CStop, %function
 145              	I2C_1_I2CStop:
 146              	.LFB1:
 257:.\Generated_Source\PSoC4/I2C_1_I2C.c **** #endif /* (I2C_1_SCB_MODE_UNCONFIG_CONST_CFG) */
 258:.\Generated_Source\PSoC4/I2C_1_I2C.c **** 
 259:.\Generated_Source\PSoC4/I2C_1_I2C.c **** 
 260:.\Generated_Source\PSoC4/I2C_1_I2C.c **** /*******************************************************************************
 261:.\Generated_Source\PSoC4/I2C_1_I2C.c **** * Function Name: I2C_1_I2CStop
 262:.\Generated_Source\PSoC4/I2C_1_I2C.c **** ********************************************************************************
 263:.\Generated_Source\PSoC4/I2C_1_I2C.c **** *
 264:.\Generated_Source\PSoC4/I2C_1_I2C.c **** * Summary:
 265:.\Generated_Source\PSoC4/I2C_1_I2C.c **** *  Resets the I2C FSM into the default state.
 266:.\Generated_Source\PSoC4/I2C_1_I2C.c **** *
 267:.\Generated_Source\PSoC4/I2C_1_I2C.c **** * Parameters:
 268:.\Generated_Source\PSoC4/I2C_1_I2C.c **** *  None
 269:.\Generated_Source\PSoC4/I2C_1_I2C.c **** *
 270:.\Generated_Source\PSoC4/I2C_1_I2C.c **** * Return:
 271:.\Generated_Source\PSoC4/I2C_1_I2C.c **** *  None
 272:.\Generated_Source\PSoC4/I2C_1_I2C.c **** *
 273:.\Generated_Source\PSoC4/I2C_1_I2C.c **** *******************************************************************************/
 274:.\Generated_Source\PSoC4/I2C_1_I2C.c **** void I2C_1_I2CStop(void)
 275:.\Generated_Source\PSoC4/I2C_1_I2C.c **** {
 147              		.loc 1 275 0
 148              		.cfi_startproc
 276:.\Generated_Source\PSoC4/I2C_1_I2C.c ****     I2C_1_state = I2C_1_I2C_FSM_IDLE;
 149              		.loc 1 276 0
 150 0000 1022     		mov	r2, #16
 151 0002 014B     		ldr	r3, .L5
 152 0004 1A70     		strb	r2, [r3]
 277:.\Generated_Source\PSoC4/I2C_1_I2C.c **** }
 153              		.loc 1 277 0
 154              		@ sp needed
 155 0006 7047     		bx	lr
 156              	.L6:
 157              		.align	2
 158              	.L5:
 159 0008 00000000 		.word	I2C_1_state
 160              		.cfi_endproc
 161              	.LFE1:
 162              		.size	I2C_1_I2CStop, .-I2C_1_I2CStop
 163              		.comm	I2C_1_state,1,1
 164              		.text
 165              	.Letext0:
 166              		.file 2 "Generated_Source\\PSoC4/cytypes.h"
 167              		.file 3 ".\\Generated_Source\\PSoC4\\I2C_1_I2C_PVT.h"
 168              		.file 4 "Generated_Source\\PSoC4/CyLib.h"
 169              		.section	.debug_info,"",%progbits
 170              	.Ldebug_info0:
 171 0000 A4010000 		.4byte	0x1a4
 172 0004 0400     		.2byte	0x4
 173 0006 00000000 		.4byte	.Ldebug_abbrev0
 174 000a 04       		.byte	0x4
 175 000b 01       		.uleb128 0x1
 176 000c 29010000 		.4byte	.LASF25
 177 0010 01       		.byte	0x1
 178 0011 0F020000 		.4byte	.LASF26
 179 0015 4B000000 		.4byte	.LASF27
ARM GAS  C:\Users\EDTRIC~1\AppData\Local\Temp\ccBjGgkl.s 			page 9


 180 0019 00000000 		.4byte	.Ldebug_ranges0+0
 181 001d 00000000 		.4byte	0
 182 0021 00000000 		.4byte	.Ldebug_line0
 183 0025 02       		.uleb128 0x2
 184 0026 01       		.byte	0x1
 185 0027 06       		.byte	0x6
 186 0028 03020000 		.4byte	.LASF0
 187 002c 02       		.uleb128 0x2
 188 002d 01       		.byte	0x1
 189 002e 08       		.byte	0x8
 190 002f 8E000000 		.4byte	.LASF1
 191 0033 02       		.uleb128 0x2
 192 0034 02       		.byte	0x2
 193 0035 05       		.byte	0x5
 194 0036 DB010000 		.4byte	.LASF2
 195 003a 02       		.uleb128 0x2
 196 003b 02       		.byte	0x2
 197 003c 07       		.byte	0x7
 198 003d 38000000 		.4byte	.LASF3
 199 0041 02       		.uleb128 0x2
 200 0042 04       		.byte	0x4
 201 0043 05       		.byte	0x5
 202 0044 FA010000 		.4byte	.LASF4
 203 0048 02       		.uleb128 0x2
 204 0049 04       		.byte	0x4
 205 004a 07       		.byte	0x7
 206 004b AA000000 		.4byte	.LASF5
 207 004f 02       		.uleb128 0x2
 208 0050 08       		.byte	0x8
 209 0051 05       		.byte	0x5
 210 0052 BB010000 		.4byte	.LASF6
 211 0056 02       		.uleb128 0x2
 212 0057 08       		.byte	0x8
 213 0058 07       		.byte	0x7
 214 0059 01010000 		.4byte	.LASF7
 215 005d 03       		.uleb128 0x3
 216 005e 04       		.byte	0x4
 217 005f 05       		.byte	0x5
 218 0060 696E7400 		.ascii	"int\000"
 219 0064 02       		.uleb128 0x2
 220 0065 04       		.byte	0x4
 221 0066 07       		.byte	0x7
 222 0067 F4000000 		.4byte	.LASF8
 223 006b 04       		.uleb128 0x4
 224 006c BC000000 		.4byte	.LASF9
 225 0070 02       		.byte	0x2
 226 0071 B3       		.byte	0xb3
 227 0072 2C000000 		.4byte	0x2c
 228 0076 04       		.uleb128 0x4
 229 0077 DA000000 		.4byte	.LASF10
 230 007b 02       		.byte	0x2
 231 007c B4       		.byte	0xb4
 232 007d 3A000000 		.4byte	0x3a
 233 0081 04       		.uleb128 0x4
 234 0082 E1000000 		.4byte	.LASF11
 235 0086 02       		.byte	0x2
 236 0087 B5       		.byte	0xb5
ARM GAS  C:\Users\EDTRIC~1\AppData\Local\Temp\ccBjGgkl.s 			page 10


 237 0088 48000000 		.4byte	0x48
 238 008c 02       		.uleb128 0x2
 239 008d 04       		.byte	0x4
 240 008e 04       		.byte	0x4
 241 008f 88000000 		.4byte	.LASF12
 242 0093 02       		.uleb128 0x2
 243 0094 08       		.byte	0x8
 244 0095 04       		.byte	0x4
 245 0096 D3000000 		.4byte	.LASF13
 246 009a 02       		.uleb128 0x2
 247 009b 01       		.byte	0x1
 248 009c 08       		.byte	0x8
 249 009d C9010000 		.4byte	.LASF14
 250 00a1 05       		.uleb128 0x5
 251 00a2 6B000000 		.4byte	0x6b
 252 00a6 05       		.uleb128 0x5
 253 00a7 76000000 		.4byte	0x76
 254 00ab 06       		.uleb128 0x6
 255 00ac 0E000000 		.4byte	.LASF15
 256 00b0 02       		.byte	0x2
 257 00b1 5F01     		.2byte	0x15f
 258 00b3 B7000000 		.4byte	0xb7
 259 00b7 05       		.uleb128 0x5
 260 00b8 81000000 		.4byte	0x81
 261 00bc 06       		.uleb128 0x6
 262 00bd A5010000 		.4byte	.LASF16
 263 00c1 02       		.byte	0x2
 264 00c2 6F01     		.2byte	0x16f
 265 00c4 C8000000 		.4byte	0xc8
 266 00c8 07       		.uleb128 0x7
 267 00c9 04       		.byte	0x4
 268 00ca CE000000 		.4byte	0xce
 269 00ce 08       		.uleb128 0x8
 270 00cf 02       		.uleb128 0x2
 271 00d0 04       		.byte	0x4
 272 00d1 07       		.byte	0x7
 273 00d2 B2010000 		.4byte	.LASF17
 274 00d6 09       		.uleb128 0x9
 275 00d7 00000000 		.4byte	.LASF28
 276 00db 01       		.byte	0x1
 277 00dc C4       		.byte	0xc4
 278 00dd 00000000 		.4byte	.LFB0
 279 00e1 C8000000 		.4byte	.LFE0-.LFB0
 280 00e5 01       		.uleb128 0x1
 281 00e6 9C       		.byte	0x9c
 282 00e7 26010000 		.4byte	0x126
 283 00eb 0A       		.uleb128 0xa
 284 00ec 34000000 		.4byte	.LVL0
 285 00f0 6A010000 		.4byte	0x16a
 286 00f4 FE000000 		.4byte	0xfe
 287 00f8 0B       		.uleb128 0xb
 288 00f9 01       		.uleb128 0x1
 289 00fa 50       		.byte	0x50
 290 00fb 01       		.uleb128 0x1
 291 00fc 3A       		.byte	0x3a
 292 00fd 00       		.byte	0
 293 00fe 0A       		.uleb128 0xa
ARM GAS  C:\Users\EDTRIC~1\AppData\Local\Temp\ccBjGgkl.s 			page 11


 294 00ff 3C000000 		.4byte	.LVL1
 295 0103 7B010000 		.4byte	0x17b
 296 0107 16010000 		.4byte	0x116
 297 010b 0B       		.uleb128 0xb
 298 010c 01       		.uleb128 0x1
 299 010d 51       		.byte	0x51
 300 010e 01       		.uleb128 0x1
 301 010f 33       		.byte	0x33
 302 0110 0B       		.uleb128 0xb
 303 0111 01       		.uleb128 0x1
 304 0112 50       		.byte	0x50
 305 0113 01       		.uleb128 0x1
 306 0114 3A       		.byte	0x3a
 307 0115 00       		.byte	0
 308 0116 0C       		.uleb128 0xc
 309 0117 44000000 		.4byte	.LVL2
 310 011b 91010000 		.4byte	0x191
 311 011f 0B       		.uleb128 0xb
 312 0120 01       		.uleb128 0x1
 313 0121 50       		.byte	0x50
 314 0122 01       		.uleb128 0x1
 315 0123 3A       		.byte	0x3a
 316 0124 00       		.byte	0
 317 0125 00       		.byte	0
 318 0126 0D       		.uleb128 0xd
 319 0127 9C000000 		.4byte	.LASF29
 320 012b 01       		.byte	0x1
 321 012c 1201     		.2byte	0x112
 322 012e 00000000 		.4byte	.LFB1
 323 0132 0C000000 		.4byte	.LFE1-.LFB1
 324 0136 01       		.uleb128 0x1
 325 0137 9C       		.byte	0x9c
 326 0138 0E       		.uleb128 0xe
 327 0139 E8000000 		.4byte	.LASF18
 328 013d 01       		.byte	0x1
 329 013e 1A       		.byte	0x1a
 330 013f A1000000 		.4byte	0xa1
 331 0143 05       		.uleb128 0x5
 332 0144 03       		.byte	0x3
 333 0145 00000000 		.4byte	I2C_1_state
 334 0149 0F       		.uleb128 0xf
 335 014a C2000000 		.4byte	.LASF19
 336 014e 03       		.byte	0x3
 337 014f 30       		.byte	0x30
 338 0150 A6000000 		.4byte	0xa6
 339 0154 0F       		.uleb128 0xf
 340 0155 14000000 		.4byte	.LASF20
 341 0159 03       		.byte	0x3
 342 015a 36       		.byte	0x36
 343 015b B7000000 		.4byte	0xb7
 344 015f 0F       		.uleb128 0xf
 345 0160 E5010000 		.4byte	.LASF21
 346 0164 03       		.byte	0x3
 347 0165 3B       		.byte	0x3b
 348 0166 B7000000 		.4byte	0xb7
 349 016a 10       		.uleb128 0x10
 350 016b CE010000 		.4byte	.LASF22
ARM GAS  C:\Users\EDTRIC~1\AppData\Local\Temp\ccBjGgkl.s 			page 12


 351 016f 04       		.byte	0x4
 352 0170 4E       		.byte	0x4e
 353 0171 7B010000 		.4byte	0x17b
 354 0175 11       		.uleb128 0x11
 355 0176 6B000000 		.4byte	0x6b
 356 017a 00       		.byte	0
 357 017b 10       		.uleb128 0x10
 358 017c 18010000 		.4byte	.LASF23
 359 0180 04       		.byte	0x4
 360 0181 49       		.byte	0x49
 361 0182 91010000 		.4byte	0x191
 362 0186 11       		.uleb128 0x11
 363 0187 6B000000 		.4byte	0x6b
 364 018b 11       		.uleb128 0x11
 365 018c 6B000000 		.4byte	0x6b
 366 0190 00       		.byte	0
 367 0191 12       		.uleb128 0x12
 368 0192 29000000 		.4byte	.LASF24
 369 0196 04       		.byte	0x4
 370 0197 46       		.byte	0x46
 371 0198 BC000000 		.4byte	0xbc
 372 019c 11       		.uleb128 0x11
 373 019d 6B000000 		.4byte	0x6b
 374 01a1 11       		.uleb128 0x11
 375 01a2 BC000000 		.4byte	0xbc
 376 01a6 00       		.byte	0
 377 01a7 00       		.byte	0
 378              		.section	.debug_abbrev,"",%progbits
 379              	.Ldebug_abbrev0:
 380 0000 01       		.uleb128 0x1
 381 0001 11       		.uleb128 0x11
 382 0002 01       		.byte	0x1
 383 0003 25       		.uleb128 0x25
 384 0004 0E       		.uleb128 0xe
 385 0005 13       		.uleb128 0x13
 386 0006 0B       		.uleb128 0xb
 387 0007 03       		.uleb128 0x3
 388 0008 0E       		.uleb128 0xe
 389 0009 1B       		.uleb128 0x1b
 390 000a 0E       		.uleb128 0xe
 391 000b 55       		.uleb128 0x55
 392 000c 17       		.uleb128 0x17
 393 000d 11       		.uleb128 0x11
 394 000e 01       		.uleb128 0x1
 395 000f 10       		.uleb128 0x10
 396 0010 17       		.uleb128 0x17
 397 0011 00       		.byte	0
 398 0012 00       		.byte	0
 399 0013 02       		.uleb128 0x2
 400 0014 24       		.uleb128 0x24
 401 0015 00       		.byte	0
 402 0016 0B       		.uleb128 0xb
 403 0017 0B       		.uleb128 0xb
 404 0018 3E       		.uleb128 0x3e
 405 0019 0B       		.uleb128 0xb
 406 001a 03       		.uleb128 0x3
 407 001b 0E       		.uleb128 0xe
ARM GAS  C:\Users\EDTRIC~1\AppData\Local\Temp\ccBjGgkl.s 			page 13


 408 001c 00       		.byte	0
 409 001d 00       		.byte	0
 410 001e 03       		.uleb128 0x3
 411 001f 24       		.uleb128 0x24
 412 0020 00       		.byte	0
 413 0021 0B       		.uleb128 0xb
 414 0022 0B       		.uleb128 0xb
 415 0023 3E       		.uleb128 0x3e
 416 0024 0B       		.uleb128 0xb
 417 0025 03       		.uleb128 0x3
 418 0026 08       		.uleb128 0x8
 419 0027 00       		.byte	0
 420 0028 00       		.byte	0
 421 0029 04       		.uleb128 0x4
 422 002a 16       		.uleb128 0x16
 423 002b 00       		.byte	0
 424 002c 03       		.uleb128 0x3
 425 002d 0E       		.uleb128 0xe
 426 002e 3A       		.uleb128 0x3a
 427 002f 0B       		.uleb128 0xb
 428 0030 3B       		.uleb128 0x3b
 429 0031 0B       		.uleb128 0xb
 430 0032 49       		.uleb128 0x49
 431 0033 13       		.uleb128 0x13
 432 0034 00       		.byte	0
 433 0035 00       		.byte	0
 434 0036 05       		.uleb128 0x5
 435 0037 35       		.uleb128 0x35
 436 0038 00       		.byte	0
 437 0039 49       		.uleb128 0x49
 438 003a 13       		.uleb128 0x13
 439 003b 00       		.byte	0
 440 003c 00       		.byte	0
 441 003d 06       		.uleb128 0x6
 442 003e 16       		.uleb128 0x16
 443 003f 00       		.byte	0
 444 0040 03       		.uleb128 0x3
 445 0041 0E       		.uleb128 0xe
 446 0042 3A       		.uleb128 0x3a
 447 0043 0B       		.uleb128 0xb
 448 0044 3B       		.uleb128 0x3b
 449 0045 05       		.uleb128 0x5
 450 0046 49       		.uleb128 0x49
 451 0047 13       		.uleb128 0x13
 452 0048 00       		.byte	0
 453 0049 00       		.byte	0
 454 004a 07       		.uleb128 0x7
 455 004b 0F       		.uleb128 0xf
 456 004c 00       		.byte	0
 457 004d 0B       		.uleb128 0xb
 458 004e 0B       		.uleb128 0xb
 459 004f 49       		.uleb128 0x49
 460 0050 13       		.uleb128 0x13
 461 0051 00       		.byte	0
 462 0052 00       		.byte	0
 463 0053 08       		.uleb128 0x8
 464 0054 15       		.uleb128 0x15
ARM GAS  C:\Users\EDTRIC~1\AppData\Local\Temp\ccBjGgkl.s 			page 14


 465 0055 00       		.byte	0
 466 0056 27       		.uleb128 0x27
 467 0057 19       		.uleb128 0x19
 468 0058 00       		.byte	0
 469 0059 00       		.byte	0
 470 005a 09       		.uleb128 0x9
 471 005b 2E       		.uleb128 0x2e
 472 005c 01       		.byte	0x1
 473 005d 3F       		.uleb128 0x3f
 474 005e 19       		.uleb128 0x19
 475 005f 03       		.uleb128 0x3
 476 0060 0E       		.uleb128 0xe
 477 0061 3A       		.uleb128 0x3a
 478 0062 0B       		.uleb128 0xb
 479 0063 3B       		.uleb128 0x3b
 480 0064 0B       		.uleb128 0xb
 481 0065 27       		.uleb128 0x27
 482 0066 19       		.uleb128 0x19
 483 0067 11       		.uleb128 0x11
 484 0068 01       		.uleb128 0x1
 485 0069 12       		.uleb128 0x12
 486 006a 06       		.uleb128 0x6
 487 006b 40       		.uleb128 0x40
 488 006c 18       		.uleb128 0x18
 489 006d 9742     		.uleb128 0x2117
 490 006f 19       		.uleb128 0x19
 491 0070 01       		.uleb128 0x1
 492 0071 13       		.uleb128 0x13
 493 0072 00       		.byte	0
 494 0073 00       		.byte	0
 495 0074 0A       		.uleb128 0xa
 496 0075 898201   		.uleb128 0x4109
 497 0078 01       		.byte	0x1
 498 0079 11       		.uleb128 0x11
 499 007a 01       		.uleb128 0x1
 500 007b 31       		.uleb128 0x31
 501 007c 13       		.uleb128 0x13
 502 007d 01       		.uleb128 0x1
 503 007e 13       		.uleb128 0x13
 504 007f 00       		.byte	0
 505 0080 00       		.byte	0
 506 0081 0B       		.uleb128 0xb
 507 0082 8A8201   		.uleb128 0x410a
 508 0085 00       		.byte	0
 509 0086 02       		.uleb128 0x2
 510 0087 18       		.uleb128 0x18
 511 0088 9142     		.uleb128 0x2111
 512 008a 18       		.uleb128 0x18
 513 008b 00       		.byte	0
 514 008c 00       		.byte	0
 515 008d 0C       		.uleb128 0xc
 516 008e 898201   		.uleb128 0x4109
 517 0091 01       		.byte	0x1
 518 0092 11       		.uleb128 0x11
 519 0093 01       		.uleb128 0x1
 520 0094 31       		.uleb128 0x31
 521 0095 13       		.uleb128 0x13
ARM GAS  C:\Users\EDTRIC~1\AppData\Local\Temp\ccBjGgkl.s 			page 15


 522 0096 00       		.byte	0
 523 0097 00       		.byte	0
 524 0098 0D       		.uleb128 0xd
 525 0099 2E       		.uleb128 0x2e
 526 009a 00       		.byte	0
 527 009b 3F       		.uleb128 0x3f
 528 009c 19       		.uleb128 0x19
 529 009d 03       		.uleb128 0x3
 530 009e 0E       		.uleb128 0xe
 531 009f 3A       		.uleb128 0x3a
 532 00a0 0B       		.uleb128 0xb
 533 00a1 3B       		.uleb128 0x3b
 534 00a2 05       		.uleb128 0x5
 535 00a3 27       		.uleb128 0x27
 536 00a4 19       		.uleb128 0x19
 537 00a5 11       		.uleb128 0x11
 538 00a6 01       		.uleb128 0x1
 539 00a7 12       		.uleb128 0x12
 540 00a8 06       		.uleb128 0x6
 541 00a9 40       		.uleb128 0x40
 542 00aa 18       		.uleb128 0x18
 543 00ab 9742     		.uleb128 0x2117
 544 00ad 19       		.uleb128 0x19
 545 00ae 00       		.byte	0
 546 00af 00       		.byte	0
 547 00b0 0E       		.uleb128 0xe
 548 00b1 34       		.uleb128 0x34
 549 00b2 00       		.byte	0
 550 00b3 03       		.uleb128 0x3
 551 00b4 0E       		.uleb128 0xe
 552 00b5 3A       		.uleb128 0x3a
 553 00b6 0B       		.uleb128 0xb
 554 00b7 3B       		.uleb128 0x3b
 555 00b8 0B       		.uleb128 0xb
 556 00b9 49       		.uleb128 0x49
 557 00ba 13       		.uleb128 0x13
 558 00bb 3F       		.uleb128 0x3f
 559 00bc 19       		.uleb128 0x19
 560 00bd 02       		.uleb128 0x2
 561 00be 18       		.uleb128 0x18
 562 00bf 00       		.byte	0
 563 00c0 00       		.byte	0
 564 00c1 0F       		.uleb128 0xf
 565 00c2 34       		.uleb128 0x34
 566 00c3 00       		.byte	0
 567 00c4 03       		.uleb128 0x3
 568 00c5 0E       		.uleb128 0xe
 569 00c6 3A       		.uleb128 0x3a
 570 00c7 0B       		.uleb128 0xb
 571 00c8 3B       		.uleb128 0x3b
 572 00c9 0B       		.uleb128 0xb
 573 00ca 49       		.uleb128 0x49
 574 00cb 13       		.uleb128 0x13
 575 00cc 3F       		.uleb128 0x3f
 576 00cd 19       		.uleb128 0x19
 577 00ce 3C       		.uleb128 0x3c
 578 00cf 19       		.uleb128 0x19
ARM GAS  C:\Users\EDTRIC~1\AppData\Local\Temp\ccBjGgkl.s 			page 16


 579 00d0 00       		.byte	0
 580 00d1 00       		.byte	0
 581 00d2 10       		.uleb128 0x10
 582 00d3 2E       		.uleb128 0x2e
 583 00d4 01       		.byte	0x1
 584 00d5 3F       		.uleb128 0x3f
 585 00d6 19       		.uleb128 0x19
 586 00d7 03       		.uleb128 0x3
 587 00d8 0E       		.uleb128 0xe
 588 00d9 3A       		.uleb128 0x3a
 589 00da 0B       		.uleb128 0xb
 590 00db 3B       		.uleb128 0x3b
 591 00dc 0B       		.uleb128 0xb
 592 00dd 27       		.uleb128 0x27
 593 00de 19       		.uleb128 0x19
 594 00df 3C       		.uleb128 0x3c
 595 00e0 19       		.uleb128 0x19
 596 00e1 01       		.uleb128 0x1
 597 00e2 13       		.uleb128 0x13
 598 00e3 00       		.byte	0
 599 00e4 00       		.byte	0
 600 00e5 11       		.uleb128 0x11
 601 00e6 05       		.uleb128 0x5
 602 00e7 00       		.byte	0
 603 00e8 49       		.uleb128 0x49
 604 00e9 13       		.uleb128 0x13
 605 00ea 00       		.byte	0
 606 00eb 00       		.byte	0
 607 00ec 12       		.uleb128 0x12
 608 00ed 2E       		.uleb128 0x2e
 609 00ee 01       		.byte	0x1
 610 00ef 3F       		.uleb128 0x3f
 611 00f0 19       		.uleb128 0x19
 612 00f1 03       		.uleb128 0x3
 613 00f2 0E       		.uleb128 0xe
 614 00f3 3A       		.uleb128 0x3a
 615 00f4 0B       		.uleb128 0xb
 616 00f5 3B       		.uleb128 0x3b
 617 00f6 0B       		.uleb128 0xb
 618 00f7 27       		.uleb128 0x27
 619 00f8 19       		.uleb128 0x19
 620 00f9 49       		.uleb128 0x49
 621 00fa 13       		.uleb128 0x13
 622 00fb 3C       		.uleb128 0x3c
 623 00fc 19       		.uleb128 0x19
 624 00fd 00       		.byte	0
 625 00fe 00       		.byte	0
 626 00ff 00       		.byte	0
 627              		.section	.debug_aranges,"",%progbits
 628 0000 24000000 		.4byte	0x24
 629 0004 0200     		.2byte	0x2
 630 0006 00000000 		.4byte	.Ldebug_info0
 631 000a 04       		.byte	0x4
 632 000b 00       		.byte	0
 633 000c 0000     		.2byte	0
 634 000e 0000     		.2byte	0
 635 0010 00000000 		.4byte	.LFB0
ARM GAS  C:\Users\EDTRIC~1\AppData\Local\Temp\ccBjGgkl.s 			page 17


 636 0014 C8000000 		.4byte	.LFE0-.LFB0
 637 0018 00000000 		.4byte	.LFB1
 638 001c 0C000000 		.4byte	.LFE1-.LFB1
 639 0020 00000000 		.4byte	0
 640 0024 00000000 		.4byte	0
 641              		.section	.debug_ranges,"",%progbits
 642              	.Ldebug_ranges0:
 643 0000 00000000 		.4byte	.LFB0
 644 0004 C8000000 		.4byte	.LFE0
 645 0008 00000000 		.4byte	.LFB1
 646 000c 0C000000 		.4byte	.LFE1
 647 0010 00000000 		.4byte	0
 648 0014 00000000 		.4byte	0
 649              		.section	.debug_line,"",%progbits
 650              	.Ldebug_line0:
 651 0000 BD000000 		.section	.debug_str,"MS",%progbits,1
 651      02007D00 
 651      00000201 
 651      FB0E0D00 
 651      01010101 
 652              	.LASF28:
 653 0000 4932435F 		.ascii	"I2C_1_I2CInit\000"
 653      315F4932 
 653      43496E69 
 653      7400
 654              	.LASF15:
 655 000e 72656733 		.ascii	"reg32\000"
 655      3200
 656              	.LASF20:
 657 0014 4932435F 		.ascii	"I2C_1_mstrRdBufIndex\000"
 657      315F6D73 
 657      74725264 
 657      42756649 
 657      6E646578 
 658              	.LASF24:
 659 0029 4379496E 		.ascii	"CyIntSetVector\000"
 659      74536574 
 659      56656374 
 659      6F7200
 660              	.LASF3:
 661 0038 73686F72 		.ascii	"short unsigned int\000"
 661      7420756E 
 661      7369676E 
 661      65642069 
 661      6E7400
 662              	.LASF27:
 663 004b 433A5C55 		.ascii	"C:\\Users\\edtriccorp\\Documents\\PSoC Creator\\LID"
 663      73657273 
 663      5C656474 
 663      72696363 
 663      6F72705C 
 664 0079 41525C4C 		.ascii	"AR\\LIDAR.cydsn\000"
 664      49444152 
 664      2E637964 
 664      736E00
 665              	.LASF12:
 666 0088 666C6F61 		.ascii	"float\000"
ARM GAS  C:\Users\EDTRIC~1\AppData\Local\Temp\ccBjGgkl.s 			page 18


 666      7400
 667              	.LASF1:
 668 008e 756E7369 		.ascii	"unsigned char\000"
 668      676E6564 
 668      20636861 
 668      7200
 669              	.LASF29:
 670 009c 4932435F 		.ascii	"I2C_1_I2CStop\000"
 670      315F4932 
 670      4353746F 
 670      7000
 671              	.LASF5:
 672 00aa 6C6F6E67 		.ascii	"long unsigned int\000"
 672      20756E73 
 672      69676E65 
 672      6420696E 
 672      7400
 673              	.LASF9:
 674 00bc 75696E74 		.ascii	"uint8\000"
 674      3800
 675              	.LASF19:
 676 00c2 4932435F 		.ascii	"I2C_1_mstrStatus\000"
 676      315F6D73 
 676      74725374 
 676      61747573 
 676      00
 677              	.LASF13:
 678 00d3 646F7562 		.ascii	"double\000"
 678      6C6500
 679              	.LASF10:
 680 00da 75696E74 		.ascii	"uint16\000"
 680      313600
 681              	.LASF11:
 682 00e1 75696E74 		.ascii	"uint32\000"
 682      333200
 683              	.LASF18:
 684 00e8 4932435F 		.ascii	"I2C_1_state\000"
 684      315F7374 
 684      61746500 
 685              	.LASF8:
 686 00f4 756E7369 		.ascii	"unsigned int\000"
 686      676E6564 
 686      20696E74 
 686      00
 687              	.LASF7:
 688 0101 6C6F6E67 		.ascii	"long long unsigned int\000"
 688      206C6F6E 
 688      6720756E 
 688      7369676E 
 688      65642069 
 689              	.LASF23:
 690 0118 4379496E 		.ascii	"CyIntSetPriority\000"
 690      74536574 
 690      5072696F 
 690      72697479 
 690      00
 691              	.LASF25:
ARM GAS  C:\Users\EDTRIC~1\AppData\Local\Temp\ccBjGgkl.s 			page 19


 692 0129 474E5520 		.ascii	"GNU C 4.8.4 20140526 (release) [ARM/embedded-4_8-br"
 692      4320342E 
 692      382E3420 
 692      32303134 
 692      30353236 
 693 015c 616E6368 		.ascii	"anch revision 211358] -mcpu=cortex-m0 -mthumb -g -O"
 693      20726576 
 693      6973696F 
 693      6E203231 
 693      31333538 
 694 018f 67202D66 		.ascii	"g -ffunction-sections\000"
 694      66756E63 
 694      74696F6E 
 694      2D736563 
 694      74696F6E 
 695              	.LASF16:
 696 01a5 63796973 		.ascii	"cyisraddress\000"
 696      72616464 
 696      72657373 
 696      00
 697              	.LASF17:
 698 01b2 73697A65 		.ascii	"sizetype\000"
 698      74797065 
 698      00
 699              	.LASF6:
 700 01bb 6C6F6E67 		.ascii	"long long int\000"
 700      206C6F6E 
 700      6720696E 
 700      7400
 701              	.LASF14:
 702 01c9 63686172 		.ascii	"char\000"
 702      00
 703              	.LASF22:
 704 01ce 4379496E 		.ascii	"CyIntDisable\000"
 704      74446973 
 704      61626C65 
 704      00
 705              	.LASF2:
 706 01db 73686F72 		.ascii	"short int\000"
 706      7420696E 
 706      7400
 707              	.LASF21:
 708 01e5 4932435F 		.ascii	"I2C_1_mstrWrBufIndex\000"
 708      315F6D73 
 708      74725772 
 708      42756649 
 708      6E646578 
 709              	.LASF4:
 710 01fa 6C6F6E67 		.ascii	"long int\000"
 710      20696E74 
 710      00
 711              	.LASF0:
 712 0203 7369676E 		.ascii	"signed char\000"
 712      65642063 
 712      68617200 
 713              	.LASF26:
 714 020f 2E5C4765 		.ascii	".\\Generated_Source\\PSoC4\\I2C_1_I2C.c\000"
ARM GAS  C:\Users\EDTRIC~1\AppData\Local\Temp\ccBjGgkl.s 			page 20


 714      6E657261 
 714      7465645F 
 714      536F7572 
 714      63655C50 
 715              		.ident	"GCC: (GNU Tools for ARM Embedded Processors) 4.8.4 20140526 (release) [ARM/embedded-4_8-br
