ARM GAS  C:\Users\EDTRIC~1\AppData\Local\Temp\cc1Bgh9b.s 			page 1


   1              		.cpu cortex-m0
   2              		.fpu softvfp
   3              		.eabi_attribute 20, 1
   4              		.eabi_attribute 21, 1
   5              		.eabi_attribute 23, 3
   6              		.eabi_attribute 24, 1
   7              		.eabi_attribute 25, 1
   8              		.eabi_attribute 26, 1
   9              		.eabi_attribute 30, 1
  10              		.eabi_attribute 34, 0
  11              		.eabi_attribute 18, 4
  12              		.code	16
  13              		.file	"main.c"
  14              		.text
  15              	.Ltext0:
  16              		.cfi_sections	.debug_frame
  17              		.section	.text.main,"ax",%progbits
  18              		.align	2
  19              		.global	main
  20              		.code	16
  21              		.thumb_func
  22              		.type	main, %function
  23              	main:
  24              	.LFB33:
  25              		.file 1 ".\\main.c"
   1:.\main.c      **** /* ========================================
   2:.\main.c      ****  *
   3:.\main.c      ****  * Copyright YOUR COMPANY, THE YEAR
   4:.\main.c      ****  * All Rights Reserved
   5:.\main.c      ****  * UNPUBLISHED, LICENSED SOFTWARE.
   6:.\main.c      ****  *
   7:.\main.c      ****  * CONFIDENTIAL AND PROPRIETARY INFORMATION
   8:.\main.c      ****  * WHICH IS THE PROPERTY OF your company.
   9:.\main.c      ****  *
  10:.\main.c      ****  * ========================================
  11:.\main.c      **** */
  12:.\main.c      **** #include <project.h>
  13:.\main.c      **** #include <stdlib.h>
  14:.\main.c      **** #include <stdio.h>
  15:.\main.c      ****     
  16:.\main.c      **** #define LIDARLite_ADDRESS   0x62u
  17:.\main.c      **** #define RegisterMeasure     0x00u
  18:.\main.c      **** #define MeasureValue        0x04u
  19:.\main.c      **** #define RegisterHighLowB    0x8Fu
  20:.\main.c      **** 
  21:.\main.c      **** int main()
  22:.\main.c      **** {
  26              		.loc 1 22 0
  27              		.cfi_startproc
  28 0000 70B5     		push	{r4, r5, r6, lr}
  29              		.cfi_def_cfa_offset 16
  30              		.cfi_offset 4, -16
  31              		.cfi_offset 5, -12
  32              		.cfi_offset 6, -8
  33              		.cfi_offset 14, -4
  34 0002 86B0     		sub	sp, sp, #24
  35              		.cfi_def_cfa_offset 40
ARM GAS  C:\Users\EDTRIC~1\AppData\Local\Temp\cc1Bgh9b.s 			page 2


  23:.\main.c      ****     CyGlobalIntEnable;
  36              		.loc 1 23 0
  37              	@ 23 ".\main.c" 1
  38 0004 62B6     		CPSIE   i
  39              	@ 0 "" 2
  24:.\main.c      ****     
  25:.\main.c      ****     uint8 nackack;
  26:.\main.c      ****     uint8 buff[2] = { RegisterMeasure , MeasureValue };
  40              		.loc 1 26 0
  41              		.code	16
  42 0006 05AB     		add	r3, sp, #20
  43 0008 0022     		mov	r2, #0
  44 000a 1A70     		strb	r2, [r3]
  45 000c 0422     		mov	r2, #4
  46 000e 5A70     		strb	r2, [r3, #1]
  27:.\main.c      ****     uint8 readbuff[1] = { RegisterHighLowB };
  47              		.loc 1 27 0
  48 0010 8F22     		mov	r2, #143
  49 0012 04AB     		add	r3, sp, #16
  50 0014 1A70     		strb	r2, [r3]
  28:.\main.c      ****     uint8 distArray[2];
  29:.\main.c      ****     uint16 distValue;
  30:.\main.c      ****     char distance[5];
  31:.\main.c      ****     
  32:.\main.c      ****     UART_Start();
  51              		.loc 1 32 0
  52 0016 FFF7FEFF 		bl	UART_Start
  53              	.LVL0:
  33:.\main.c      ****     I2C_Start();
  54              		.loc 1 33 0
  55 001a FFF7FEFF 		bl	I2C_Start
  56              	.LVL1:
  34:.\main.c      ****     
  35:.\main.c      ****     CyDelay(100);
  57              		.loc 1 35 0
  58 001e 6420     		mov	r0, #100
  59 0020 FFF7FEFF 		bl	CyDelay
  60              	.LVL2:
  36:.\main.c      **** 
  37:.\main.c      ****     for(;;)
  38:.\main.c      ****     {
  39:.\main.c      ****         nackack = 100;
  61              		.loc 1 39 0
  62 0024 6424     		mov	r4, #100
  40:.\main.c      ****         while( nackack != 0 )
  41:.\main.c      ****         {
  42:.\main.c      ****             nackack = I2C_I2CMasterWriteBuf( LIDARLite_ADDRESS , buff , 2 , I2C_I2C_MODE_REPEAT_STA
  43:.\main.c      ****             CyDelay(1);
  44:.\main.c      ****         }
  45:.\main.c      ****         
  46:.\main.c      ****         CyDelay(20);
  47:.\main.c      ****         
  48:.\main.c      ****         nackack = 100;
  49:.\main.c      ****         while( nackack != 0 )
  50:.\main.c      ****         {
  51:.\main.c      ****             nackack = I2C_I2CMasterWriteBuf( LIDARLite_ADDRESS , readbuff , 1 , I2C_I2C_MODE_REPEAT
  52:.\main.c      ****             CyDelay(1);
ARM GAS  C:\Users\EDTRIC~1\AppData\Local\Temp\cc1Bgh9b.s 			page 3


  53:.\main.c      ****         }
  54:.\main.c      ****         
  55:.\main.c      ****         nackack = 100;
  56:.\main.c      ****         while( nackack != 0 )
  57:.\main.c      ****         {
  58:.\main.c      ****             nackack = I2C_I2CMasterReadBuf( LIDARLite_ADDRESS , distArray , 2 , I2C_I2C_MODE_REPEAT
  59:.\main.c      ****             CyDelay(1);
  60:.\main.c      ****         }
  61:.\main.c      ****         
  62:.\main.c      ****         distValue = ( distArray[0] << 8 ) + distArray[1];
  63:.\main.c      ****         
  64:.\main.c      ****         sprintf( distance , "%d" , distValue );
  63              		.loc 1 64 0
  64 0026 204E     		ldr	r6, .L10
  65:.\main.c      ****         UART_UartPutString( distance );
  66:.\main.c      ****         UART_UartPutString( "\r\n" );
  65              		.loc 1 66 0
  66 0028 204D     		ldr	r5, .L10+4
  67 002a 09E0     		b	.L9
  68              	.LVL3:
  69              	.L3:
  42:.\main.c      ****             nackack = I2C_I2CMasterWriteBuf( LIDARLite_ADDRESS , buff , 2 , I2C_I2C_MODE_REPEAT_STA
  70              		.loc 1 42 0
  71 002c 6220     		mov	r0, #98
  72 002e 05A9     		add	r1, sp, #20
  73 0030 0222     		mov	r2, #2
  74 0032 0123     		mov	r3, #1
  75 0034 FFF7FEFF 		bl	I2C_I2CMasterWriteBuf
  76              	.LVL4:
  77 0038 C4B2     		uxtb	r4, r0
  78              	.LVL5:
  43:.\main.c      ****             CyDelay(1);
  79              		.loc 1 43 0
  80 003a 0120     		mov	r0, #1
  81              	.LVL6:
  82 003c FFF7FEFF 		bl	CyDelay
  83              	.LVL7:
  84              	.L9:
  40:.\main.c      ****         while( nackack != 0 )
  85              		.loc 1 40 0 discriminator 1
  86 0040 002C     		cmp	r4, #0
  87 0042 F3D1     		bne	.L3
  46:.\main.c      ****         CyDelay(20);
  88              		.loc 1 46 0
  89 0044 1420     		mov	r0, #20
  90 0046 FFF7FEFF 		bl	CyDelay
  91              	.LVL8:
  48:.\main.c      ****         nackack = 100;
  92              		.loc 1 48 0
  93 004a 6424     		mov	r4, #100
  49:.\main.c      ****         while( nackack != 0 )
  94              		.loc 1 49 0
  95 004c 09E0     		b	.L4
  96              	.LVL9:
  97              	.L5:
  51:.\main.c      ****             nackack = I2C_I2CMasterWriteBuf( LIDARLite_ADDRESS , readbuff , 1 , I2C_I2C_MODE_REPEAT
  98              		.loc 1 51 0
ARM GAS  C:\Users\EDTRIC~1\AppData\Local\Temp\cc1Bgh9b.s 			page 4


  99 004e 6220     		mov	r0, #98
 100 0050 04A9     		add	r1, sp, #16
 101 0052 0122     		mov	r2, #1
 102 0054 0123     		mov	r3, #1
 103 0056 FFF7FEFF 		bl	I2C_I2CMasterWriteBuf
 104              	.LVL10:
 105 005a C4B2     		uxtb	r4, r0
 106              	.LVL11:
  52:.\main.c      ****             CyDelay(1);
 107              		.loc 1 52 0
 108 005c 0120     		mov	r0, #1
 109              	.LVL12:
 110 005e FFF7FEFF 		bl	CyDelay
 111              	.LVL13:
 112              	.L4:
  49:.\main.c      ****         while( nackack != 0 )
 113              		.loc 1 49 0 discriminator 1
 114 0062 002C     		cmp	r4, #0
 115 0064 F3D1     		bne	.L5
 116 0066 6424     		mov	r4, #100
 117              	.LVL14:
 118 0068 09E0     		b	.L6
 119              	.LVL15:
 120              	.L7:
  58:.\main.c      ****             nackack = I2C_I2CMasterReadBuf( LIDARLite_ADDRESS , distArray , 2 , I2C_I2C_MODE_REPEAT
 121              		.loc 1 58 0
 122 006a 6220     		mov	r0, #98
 123 006c 03A9     		add	r1, sp, #12
 124 006e 0222     		mov	r2, #2
 125 0070 0123     		mov	r3, #1
 126 0072 FFF7FEFF 		bl	I2C_I2CMasterReadBuf
 127              	.LVL16:
 128 0076 C4B2     		uxtb	r4, r0
 129              	.LVL17:
  59:.\main.c      ****             CyDelay(1);
 130              		.loc 1 59 0
 131 0078 0120     		mov	r0, #1
 132              	.LVL18:
 133 007a FFF7FEFF 		bl	CyDelay
 134              	.LVL19:
 135              	.L6:
  56:.\main.c      ****         while( nackack != 0 )
 136              		.loc 1 56 0 discriminator 1
 137 007e 002C     		cmp	r4, #0
 138 0080 F3D1     		bne	.L7
  62:.\main.c      ****         distValue = ( distArray[0] << 8 ) + distArray[1];
 139              		.loc 1 62 0
 140 0082 03AB     		add	r3, sp, #12
 141 0084 1A78     		ldrb	r2, [r3]
 142 0086 5B78     		ldrb	r3, [r3, #1]
 143 0088 1202     		lsl	r2, r2, #8
 144 008a 9A18     		add	r2, r3, r2
 145 008c 92B2     		uxth	r2, r2
 146              	.LVL20:
  64:.\main.c      ****         sprintf( distance , "%d" , distValue );
 147              		.loc 1 64 0
 148 008e 01A8     		add	r0, sp, #4
ARM GAS  C:\Users\EDTRIC~1\AppData\Local\Temp\cc1Bgh9b.s 			page 5


 149 0090 311C     		mov	r1, r6
 150 0092 FFF7FEFF 		bl	sprintf
 151              	.LVL21:
  65:.\main.c      ****         UART_UartPutString( distance );
 152              		.loc 1 65 0
 153 0096 01A8     		add	r0, sp, #4
 154 0098 FFF7FEFF 		bl	UART_UartPutString
 155              	.LVL22:
 156              		.loc 1 66 0
 157 009c 281C     		mov	r0, r5
 158 009e FFF7FEFF 		bl	UART_UartPutString
 159              	.LVL23:
  39:.\main.c      ****         nackack = 100;
 160              		.loc 1 39 0
 161 00a2 6424     		mov	r4, #100
 162              	.LVL24:
  67:.\main.c      ****     }
 163              		.loc 1 67 0
 164 00a4 CCE7     		b	.L9
 165              	.L11:
 166 00a6 C046     		.align	2
 167              	.L10:
 168 00a8 00000000 		.word	.LC0
 169 00ac 04000000 		.word	.LC2
 170              		.cfi_endproc
 171              	.LFE33:
 172              		.size	main, .-main
 173              		.section	.rodata.str1.4,"aMS",%progbits,1
 174              		.align	2
 175              	.LC0:
 176 0000 256400   		.ascii	"%d\000"
 177 0003 00       		.space	1
 178              	.LC2:
 179 0004 0D0A00   		.ascii	"\015\012\000"
 180 0007 00       		.text
 181              	.Letext0:
 182              		.file 2 "Generated_Source\\PSoC4/cytypes.h"
 183              		.file 3 "Generated_Source\\PSoC4/UART.h"
 184              		.file 4 "Generated_Source\\PSoC4/I2C.h"
 185              		.file 5 "Generated_Source\\PSoC4/I2C_I2C.h"
 186              		.file 6 "c:\\program files (x86)\\cypress\\psoc creator\\3.2\\psoc creator\\import\\gnu\\arm\\4.8.
 187              		.file 7 "Generated_Source\\PSoC4/CyLib.h"
 188              		.file 8 "Generated_Source\\PSoC4/UART_SPI_UART.h"
 189              		.section	.debug_info,"",%progbits
 190              	.Ldebug_info0:
 191 0000 22030000 		.4byte	0x322
 192 0004 0400     		.2byte	0x4
 193 0006 00000000 		.4byte	.Ldebug_abbrev0
 194 000a 04       		.byte	0x4
 195 000b 01       		.uleb128 0x1
 196 000c 37010000 		.4byte	.LASF30
 197 0010 01       		.byte	0x1
 198 0011 EB000000 		.4byte	.LASF31
 199 0015 62000000 		.4byte	.LASF32
 200 0019 00000000 		.4byte	.Ldebug_ranges0+0
 201 001d 00000000 		.4byte	0
 202 0021 00000000 		.4byte	.Ldebug_line0
ARM GAS  C:\Users\EDTRIC~1\AppData\Local\Temp\cc1Bgh9b.s 			page 6


 203 0025 02       		.uleb128 0x2
 204 0026 01       		.byte	0x1
 205 0027 06       		.byte	0x6
 206 0028 48000000 		.4byte	.LASF0
 207 002c 02       		.uleb128 0x2
 208 002d 01       		.byte	0x1
 209 002e 08       		.byte	0x8
 210 002f 54000000 		.4byte	.LASF1
 211 0033 02       		.uleb128 0x2
 212 0034 02       		.byte	0x2
 213 0035 05       		.byte	0x5
 214 0036 CF010000 		.4byte	.LASF2
 215 003a 02       		.uleb128 0x2
 216 003b 02       		.byte	0x2
 217 003c 07       		.byte	0x7
 218 003d CD000000 		.4byte	.LASF3
 219 0041 02       		.uleb128 0x2
 220 0042 04       		.byte	0x4
 221 0043 05       		.byte	0x5
 222 0044 DF010000 		.4byte	.LASF4
 223 0048 02       		.uleb128 0x2
 224 0049 04       		.byte	0x4
 225 004a 07       		.byte	0x7
 226 004b A5000000 		.4byte	.LASF5
 227 004f 02       		.uleb128 0x2
 228 0050 08       		.byte	0x8
 229 0051 05       		.byte	0x5
 230 0052 BC010000 		.4byte	.LASF6
 231 0056 02       		.uleb128 0x2
 232 0057 08       		.byte	0x8
 233 0058 07       		.byte	0x7
 234 0059 20010000 		.4byte	.LASF7
 235 005d 03       		.uleb128 0x3
 236 005e 04       		.byte	0x4
 237 005f 05       		.byte	0x5
 238 0060 696E7400 		.ascii	"int\000"
 239 0064 02       		.uleb128 0x2
 240 0065 04       		.byte	0x4
 241 0066 07       		.byte	0x7
 242 0067 13010000 		.4byte	.LASF8
 243 006b 04       		.uleb128 0x4
 244 006c D9010000 		.4byte	.LASF9
 245 0070 02       		.byte	0x2
 246 0071 B3       		.byte	0xb3
 247 0072 2C000000 		.4byte	0x2c
 248 0076 04       		.uleb128 0x4
 249 0077 05010000 		.4byte	.LASF10
 250 007b 02       		.byte	0x2
 251 007c B4       		.byte	0xb4
 252 007d 3A000000 		.4byte	0x3a
 253 0081 04       		.uleb128 0x4
 254 0082 0C010000 		.4byte	.LASF11
 255 0086 02       		.byte	0x2
 256 0087 B5       		.byte	0xb5
 257 0088 48000000 		.4byte	0x48
 258 008c 02       		.uleb128 0x2
 259 008d 04       		.byte	0x4
ARM GAS  C:\Users\EDTRIC~1\AppData\Local\Temp\cc1Bgh9b.s 			page 7


 260 008e 04       		.byte	0x4
 261 008f 42000000 		.4byte	.LASF12
 262 0093 02       		.uleb128 0x2
 263 0094 08       		.byte	0x8
 264 0095 04       		.byte	0x4
 265 0096 F9000000 		.4byte	.LASF13
 266 009a 04       		.uleb128 0x4
 267 009b 9F000000 		.4byte	.LASF14
 268 009f 02       		.byte	0x2
 269 00a0 C4       		.byte	0xc4
 270 00a1 A5000000 		.4byte	0xa5
 271 00a5 02       		.uleb128 0x2
 272 00a6 01       		.byte	0x1
 273 00a7 08       		.byte	0x8
 274 00a8 CA010000 		.4byte	.LASF15
 275 00ac 02       		.uleb128 0x2
 276 00ad 04       		.byte	0x4
 277 00ae 07       		.byte	0x7
 278 00af B3010000 		.4byte	.LASF16
 279 00b3 05       		.uleb128 0x5
 280 00b4 04       		.byte	0x4
 281 00b5 A5000000 		.4byte	0xa5
 282 00b9 05       		.uleb128 0x5
 283 00ba 04       		.byte	0x4
 284 00bb BF000000 		.4byte	0xbf
 285 00bf 06       		.uleb128 0x6
 286 00c0 A5000000 		.4byte	0xa5
 287 00c4 05       		.uleb128 0x5
 288 00c5 04       		.byte	0x4
 289 00c6 6B000000 		.4byte	0x6b
 290 00ca 07       		.uleb128 0x7
 291 00cb 00010000 		.4byte	.LASF33
 292 00cf 01       		.byte	0x1
 293 00d0 15       		.byte	0x15
 294 00d1 5D000000 		.4byte	0x5d
 295 00d5 00000000 		.4byte	.LFB33
 296 00d9 B0000000 		.4byte	.LFE33-.LFB33
 297 00dd 01       		.uleb128 0x1
 298 00de 9C       		.byte	0x9c
 299 00df 56020000 		.4byte	0x256
 300 00e3 08       		.uleb128 0x8
 301 00e4 0A000000 		.4byte	.LASF17
 302 00e8 01       		.byte	0x1
 303 00e9 19       		.byte	0x19
 304 00ea 6B000000 		.4byte	0x6b
 305 00ee 00000000 		.4byte	.LLST0
 306 00f2 09       		.uleb128 0x9
 307 00f3 F4000000 		.4byte	.LASF18
 308 00f7 01       		.byte	0x1
 309 00f8 1A       		.byte	0x1a
 310 00f9 56020000 		.4byte	0x256
 311 00fd 02       		.uleb128 0x2
 312 00fe 91       		.byte	0x91
 313 00ff 6C       		.sleb128 -20
 314 0100 09       		.uleb128 0x9
 315 0101 E8010000 		.4byte	.LASF19
 316 0105 01       		.byte	0x1
ARM GAS  C:\Users\EDTRIC~1\AppData\Local\Temp\cc1Bgh9b.s 			page 8


 317 0106 1B       		.byte	0x1b
 318 0107 66020000 		.4byte	0x266
 319 010b 02       		.uleb128 0x2
 320 010c 91       		.byte	0x91
 321 010d 68       		.sleb128 -24
 322 010e 09       		.uleb128 0x9
 323 010f 12000000 		.4byte	.LASF20
 324 0113 01       		.byte	0x1
 325 0114 1C       		.byte	0x1c
 326 0115 56020000 		.4byte	0x256
 327 0119 02       		.uleb128 0x2
 328 011a 91       		.byte	0x91
 329 011b 64       		.sleb128 -28
 330 011c 08       		.uleb128 0x8
 331 011d 00000000 		.4byte	.LASF21
 332 0121 01       		.byte	0x1
 333 0122 1D       		.byte	0x1d
 334 0123 76000000 		.4byte	0x76
 335 0127 78000000 		.4byte	.LLST1
 336 012b 09       		.uleb128 0x9
 337 012c 39000000 		.4byte	.LASF22
 338 0130 01       		.byte	0x1
 339 0131 1E       		.byte	0x1e
 340 0132 76020000 		.4byte	0x276
 341 0136 02       		.uleb128 0x2
 342 0137 91       		.byte	0x91
 343 0138 5C       		.sleb128 -36
 344 0139 0A       		.uleb128 0xa
 345 013a 1A000000 		.4byte	.LVL0
 346 013e 86020000 		.4byte	0x286
 347 0142 0A       		.uleb128 0xa
 348 0143 1E000000 		.4byte	.LVL1
 349 0147 8D020000 		.4byte	0x28d
 350 014b 0B       		.uleb128 0xb
 351 014c 24000000 		.4byte	.LVL2
 352 0150 94020000 		.4byte	0x294
 353 0154 5F010000 		.4byte	0x15f
 354 0158 0C       		.uleb128 0xc
 355 0159 01       		.uleb128 0x1
 356 015a 50       		.byte	0x50
 357 015b 02       		.uleb128 0x2
 358 015c 08       		.byte	0x8
 359 015d 64       		.byte	0x64
 360 015e 00       		.byte	0
 361 015f 0B       		.uleb128 0xb
 362 0160 38000000 		.4byte	.LVL4
 363 0164 A5020000 		.4byte	0x2a5
 364 0168 83010000 		.4byte	0x183
 365 016c 0C       		.uleb128 0xc
 366 016d 01       		.uleb128 0x1
 367 016e 53       		.byte	0x53
 368 016f 01       		.uleb128 0x1
 369 0170 31       		.byte	0x31
 370 0171 0C       		.uleb128 0xc
 371 0172 01       		.uleb128 0x1
 372 0173 52       		.byte	0x52
 373 0174 01       		.uleb128 0x1
ARM GAS  C:\Users\EDTRIC~1\AppData\Local\Temp\cc1Bgh9b.s 			page 9


 374 0175 32       		.byte	0x32
 375 0176 0C       		.uleb128 0xc
 376 0177 01       		.uleb128 0x1
 377 0178 51       		.byte	0x51
 378 0179 02       		.uleb128 0x2
 379 017a 91       		.byte	0x91
 380 017b 6C       		.sleb128 -20
 381 017c 0C       		.uleb128 0xc
 382 017d 01       		.uleb128 0x1
 383 017e 50       		.byte	0x50
 384 017f 02       		.uleb128 0x2
 385 0180 08       		.byte	0x8
 386 0181 62       		.byte	0x62
 387 0182 00       		.byte	0
 388 0183 0B       		.uleb128 0xb
 389 0184 40000000 		.4byte	.LVL7
 390 0188 94020000 		.4byte	0x294
 391 018c 96010000 		.4byte	0x196
 392 0190 0C       		.uleb128 0xc
 393 0191 01       		.uleb128 0x1
 394 0192 50       		.byte	0x50
 395 0193 01       		.uleb128 0x1
 396 0194 31       		.byte	0x31
 397 0195 00       		.byte	0
 398 0196 0B       		.uleb128 0xb
 399 0197 4A000000 		.4byte	.LVL8
 400 019b 94020000 		.4byte	0x294
 401 019f A9010000 		.4byte	0x1a9
 402 01a3 0C       		.uleb128 0xc
 403 01a4 01       		.uleb128 0x1
 404 01a5 50       		.byte	0x50
 405 01a6 01       		.uleb128 0x1
 406 01a7 44       		.byte	0x44
 407 01a8 00       		.byte	0
 408 01a9 0B       		.uleb128 0xb
 409 01aa 5A000000 		.4byte	.LVL10
 410 01ae A5020000 		.4byte	0x2a5
 411 01b2 CD010000 		.4byte	0x1cd
 412 01b6 0C       		.uleb128 0xc
 413 01b7 01       		.uleb128 0x1
 414 01b8 53       		.byte	0x53
 415 01b9 01       		.uleb128 0x1
 416 01ba 31       		.byte	0x31
 417 01bb 0C       		.uleb128 0xc
 418 01bc 01       		.uleb128 0x1
 419 01bd 52       		.byte	0x52
 420 01be 01       		.uleb128 0x1
 421 01bf 31       		.byte	0x31
 422 01c0 0C       		.uleb128 0xc
 423 01c1 01       		.uleb128 0x1
 424 01c2 51       		.byte	0x51
 425 01c3 02       		.uleb128 0x2
 426 01c4 91       		.byte	0x91
 427 01c5 68       		.sleb128 -24
 428 01c6 0C       		.uleb128 0xc
 429 01c7 01       		.uleb128 0x1
 430 01c8 50       		.byte	0x50
ARM GAS  C:\Users\EDTRIC~1\AppData\Local\Temp\cc1Bgh9b.s 			page 10


 431 01c9 02       		.uleb128 0x2
 432 01ca 08       		.byte	0x8
 433 01cb 62       		.byte	0x62
 434 01cc 00       		.byte	0
 435 01cd 0B       		.uleb128 0xb
 436 01ce 62000000 		.4byte	.LVL13
 437 01d2 94020000 		.4byte	0x294
 438 01d6 E0010000 		.4byte	0x1e0
 439 01da 0C       		.uleb128 0xc
 440 01db 01       		.uleb128 0x1
 441 01dc 50       		.byte	0x50
 442 01dd 01       		.uleb128 0x1
 443 01de 31       		.byte	0x31
 444 01df 00       		.byte	0
 445 01e0 0B       		.uleb128 0xb
 446 01e1 76000000 		.4byte	.LVL16
 447 01e5 C9020000 		.4byte	0x2c9
 448 01e9 04020000 		.4byte	0x204
 449 01ed 0C       		.uleb128 0xc
 450 01ee 01       		.uleb128 0x1
 451 01ef 53       		.byte	0x53
 452 01f0 01       		.uleb128 0x1
 453 01f1 31       		.byte	0x31
 454 01f2 0C       		.uleb128 0xc
 455 01f3 01       		.uleb128 0x1
 456 01f4 52       		.byte	0x52
 457 01f5 01       		.uleb128 0x1
 458 01f6 32       		.byte	0x32
 459 01f7 0C       		.uleb128 0xc
 460 01f8 01       		.uleb128 0x1
 461 01f9 51       		.byte	0x51
 462 01fa 02       		.uleb128 0x2
 463 01fb 91       		.byte	0x91
 464 01fc 64       		.sleb128 -28
 465 01fd 0C       		.uleb128 0xc
 466 01fe 01       		.uleb128 0x1
 467 01ff 50       		.byte	0x50
 468 0200 02       		.uleb128 0x2
 469 0201 08       		.byte	0x8
 470 0202 62       		.byte	0x62
 471 0203 00       		.byte	0
 472 0204 0B       		.uleb128 0xb
 473 0205 7E000000 		.4byte	.LVL19
 474 0209 94020000 		.4byte	0x294
 475 020d 17020000 		.4byte	0x217
 476 0211 0C       		.uleb128 0xc
 477 0212 01       		.uleb128 0x1
 478 0213 50       		.byte	0x50
 479 0214 01       		.uleb128 0x1
 480 0215 31       		.byte	0x31
 481 0216 00       		.byte	0
 482 0217 0B       		.uleb128 0xb
 483 0218 96000000 		.4byte	.LVL21
 484 021c ED020000 		.4byte	0x2ed
 485 0220 31020000 		.4byte	0x231
 486 0224 0C       		.uleb128 0xc
 487 0225 01       		.uleb128 0x1
ARM GAS  C:\Users\EDTRIC~1\AppData\Local\Temp\cc1Bgh9b.s 			page 11


 488 0226 51       		.byte	0x51
 489 0227 02       		.uleb128 0x2
 490 0228 76       		.byte	0x76
 491 0229 00       		.sleb128 0
 492 022a 0C       		.uleb128 0xc
 493 022b 01       		.uleb128 0x1
 494 022c 50       		.byte	0x50
 495 022d 02       		.uleb128 0x2
 496 022e 91       		.byte	0x91
 497 022f 5C       		.sleb128 -36
 498 0230 00       		.byte	0
 499 0231 0B       		.uleb128 0xb
 500 0232 9C000000 		.4byte	.LVL22
 501 0236 08030000 		.4byte	0x308
 502 023a 45020000 		.4byte	0x245
 503 023e 0C       		.uleb128 0xc
 504 023f 01       		.uleb128 0x1
 505 0240 50       		.byte	0x50
 506 0241 02       		.uleb128 0x2
 507 0242 91       		.byte	0x91
 508 0243 5C       		.sleb128 -36
 509 0244 00       		.byte	0
 510 0245 0D       		.uleb128 0xd
 511 0246 A2000000 		.4byte	.LVL23
 512 024a 08030000 		.4byte	0x308
 513 024e 0C       		.uleb128 0xc
 514 024f 01       		.uleb128 0x1
 515 0250 50       		.byte	0x50
 516 0251 02       		.uleb128 0x2
 517 0252 75       		.byte	0x75
 518 0253 00       		.sleb128 0
 519 0254 00       		.byte	0
 520 0255 00       		.byte	0
 521 0256 0E       		.uleb128 0xe
 522 0257 6B000000 		.4byte	0x6b
 523 025b 66020000 		.4byte	0x266
 524 025f 0F       		.uleb128 0xf
 525 0260 AC000000 		.4byte	0xac
 526 0264 01       		.byte	0x1
 527 0265 00       		.byte	0
 528 0266 0E       		.uleb128 0xe
 529 0267 6B000000 		.4byte	0x6b
 530 026b 76020000 		.4byte	0x276
 531 026f 0F       		.uleb128 0xf
 532 0270 AC000000 		.4byte	0xac
 533 0274 00       		.byte	0
 534 0275 00       		.byte	0
 535 0276 0E       		.uleb128 0xe
 536 0277 A5000000 		.4byte	0xa5
 537 027b 86020000 		.4byte	0x286
 538 027f 0F       		.uleb128 0xf
 539 0280 AC000000 		.4byte	0xac
 540 0284 04       		.byte	0x4
 541 0285 00       		.byte	0
 542 0286 10       		.uleb128 0x10
 543 0287 E0000000 		.4byte	.LASF23
 544 028b 03       		.byte	0x3
ARM GAS  C:\Users\EDTRIC~1\AppData\Local\Temp\cc1Bgh9b.s 			page 12


 545 028c 68       		.byte	0x68
 546 028d 10       		.uleb128 0x10
 547 028e 1C000000 		.4byte	.LASF24
 548 0292 04       		.byte	0x4
 549 0293 68       		.byte	0x68
 550 0294 11       		.uleb128 0x11
 551 0295 0E020000 		.4byte	.LASF28
 552 0299 07       		.byte	0x7
 553 029a 57       		.byte	0x57
 554 029b A5020000 		.4byte	0x2a5
 555 029f 12       		.uleb128 0x12
 556 02a0 81000000 		.4byte	0x81
 557 02a4 00       		.byte	0
 558 02a5 13       		.uleb128 0x13
 559 02a6 B7000000 		.4byte	.LASF25
 560 02aa 05       		.byte	0x5
 561 02ab C4       		.byte	0xc4
 562 02ac 81000000 		.4byte	0x81
 563 02b0 C9020000 		.4byte	0x2c9
 564 02b4 12       		.uleb128 0x12
 565 02b5 81000000 		.4byte	0x81
 566 02b9 12       		.uleb128 0x12
 567 02ba C4000000 		.4byte	0xc4
 568 02be 12       		.uleb128 0x12
 569 02bf 81000000 		.4byte	0x81
 570 02c3 12       		.uleb128 0x12
 571 02c4 81000000 		.4byte	0x81
 572 02c8 00       		.byte	0
 573 02c9 13       		.uleb128 0x13
 574 02ca F1010000 		.4byte	.LASF26
 575 02ce 05       		.byte	0x5
 576 02cf C5       		.byte	0xc5
 577 02d0 81000000 		.4byte	0x81
 578 02d4 ED020000 		.4byte	0x2ed
 579 02d8 12       		.uleb128 0x12
 580 02d9 81000000 		.4byte	0x81
 581 02dd 12       		.uleb128 0x12
 582 02de C4000000 		.4byte	0xc4
 583 02e2 12       		.uleb128 0x12
 584 02e3 81000000 		.4byte	0x81
 585 02e7 12       		.uleb128 0x12
 586 02e8 81000000 		.4byte	0x81
 587 02ec 00       		.byte	0
 588 02ed 13       		.uleb128 0x13
 589 02ee 06020000 		.4byte	.LASF27
 590 02f2 06       		.byte	0x6
 591 02f3 D9       		.byte	0xd9
 592 02f4 5D000000 		.4byte	0x5d
 593 02f8 08030000 		.4byte	0x308
 594 02fc 12       		.uleb128 0x12
 595 02fd B3000000 		.4byte	0xb3
 596 0301 12       		.uleb128 0x12
 597 0302 B9000000 		.4byte	0xb9
 598 0306 14       		.uleb128 0x14
 599 0307 00       		.byte	0
 600 0308 15       		.uleb128 0x15
 601 0309 26000000 		.4byte	.LASF29
ARM GAS  C:\Users\EDTRIC~1\AppData\Local\Temp\cc1Bgh9b.s 			page 13


 602 030d 08       		.byte	0x8
 603 030e 7701     		.2byte	0x177
 604 0310 1A030000 		.4byte	0x31a
 605 0314 12       		.uleb128 0x12
 606 0315 1A030000 		.4byte	0x31a
 607 0319 00       		.byte	0
 608 031a 05       		.uleb128 0x5
 609 031b 04       		.byte	0x4
 610 031c 20030000 		.4byte	0x320
 611 0320 06       		.uleb128 0x6
 612 0321 9A000000 		.4byte	0x9a
 613 0325 00       		.byte	0
 614              		.section	.debug_abbrev,"",%progbits
 615              	.Ldebug_abbrev0:
 616 0000 01       		.uleb128 0x1
 617 0001 11       		.uleb128 0x11
 618 0002 01       		.byte	0x1
 619 0003 25       		.uleb128 0x25
 620 0004 0E       		.uleb128 0xe
 621 0005 13       		.uleb128 0x13
 622 0006 0B       		.uleb128 0xb
 623 0007 03       		.uleb128 0x3
 624 0008 0E       		.uleb128 0xe
 625 0009 1B       		.uleb128 0x1b
 626 000a 0E       		.uleb128 0xe
 627 000b 55       		.uleb128 0x55
 628 000c 17       		.uleb128 0x17
 629 000d 11       		.uleb128 0x11
 630 000e 01       		.uleb128 0x1
 631 000f 10       		.uleb128 0x10
 632 0010 17       		.uleb128 0x17
 633 0011 00       		.byte	0
 634 0012 00       		.byte	0
 635 0013 02       		.uleb128 0x2
 636 0014 24       		.uleb128 0x24
 637 0015 00       		.byte	0
 638 0016 0B       		.uleb128 0xb
 639 0017 0B       		.uleb128 0xb
 640 0018 3E       		.uleb128 0x3e
 641 0019 0B       		.uleb128 0xb
 642 001a 03       		.uleb128 0x3
 643 001b 0E       		.uleb128 0xe
 644 001c 00       		.byte	0
 645 001d 00       		.byte	0
 646 001e 03       		.uleb128 0x3
 647 001f 24       		.uleb128 0x24
 648 0020 00       		.byte	0
 649 0021 0B       		.uleb128 0xb
 650 0022 0B       		.uleb128 0xb
 651 0023 3E       		.uleb128 0x3e
 652 0024 0B       		.uleb128 0xb
 653 0025 03       		.uleb128 0x3
 654 0026 08       		.uleb128 0x8
 655 0027 00       		.byte	0
 656 0028 00       		.byte	0
 657 0029 04       		.uleb128 0x4
 658 002a 16       		.uleb128 0x16
ARM GAS  C:\Users\EDTRIC~1\AppData\Local\Temp\cc1Bgh9b.s 			page 14


 659 002b 00       		.byte	0
 660 002c 03       		.uleb128 0x3
 661 002d 0E       		.uleb128 0xe
 662 002e 3A       		.uleb128 0x3a
 663 002f 0B       		.uleb128 0xb
 664 0030 3B       		.uleb128 0x3b
 665 0031 0B       		.uleb128 0xb
 666 0032 49       		.uleb128 0x49
 667 0033 13       		.uleb128 0x13
 668 0034 00       		.byte	0
 669 0035 00       		.byte	0
 670 0036 05       		.uleb128 0x5
 671 0037 0F       		.uleb128 0xf
 672 0038 00       		.byte	0
 673 0039 0B       		.uleb128 0xb
 674 003a 0B       		.uleb128 0xb
 675 003b 49       		.uleb128 0x49
 676 003c 13       		.uleb128 0x13
 677 003d 00       		.byte	0
 678 003e 00       		.byte	0
 679 003f 06       		.uleb128 0x6
 680 0040 26       		.uleb128 0x26
 681 0041 00       		.byte	0
 682 0042 49       		.uleb128 0x49
 683 0043 13       		.uleb128 0x13
 684 0044 00       		.byte	0
 685 0045 00       		.byte	0
 686 0046 07       		.uleb128 0x7
 687 0047 2E       		.uleb128 0x2e
 688 0048 01       		.byte	0x1
 689 0049 3F       		.uleb128 0x3f
 690 004a 19       		.uleb128 0x19
 691 004b 03       		.uleb128 0x3
 692 004c 0E       		.uleb128 0xe
 693 004d 3A       		.uleb128 0x3a
 694 004e 0B       		.uleb128 0xb
 695 004f 3B       		.uleb128 0x3b
 696 0050 0B       		.uleb128 0xb
 697 0051 49       		.uleb128 0x49
 698 0052 13       		.uleb128 0x13
 699 0053 11       		.uleb128 0x11
 700 0054 01       		.uleb128 0x1
 701 0055 12       		.uleb128 0x12
 702 0056 06       		.uleb128 0x6
 703 0057 40       		.uleb128 0x40
 704 0058 18       		.uleb128 0x18
 705 0059 9742     		.uleb128 0x2117
 706 005b 19       		.uleb128 0x19
 707 005c 01       		.uleb128 0x1
 708 005d 13       		.uleb128 0x13
 709 005e 00       		.byte	0
 710 005f 00       		.byte	0
 711 0060 08       		.uleb128 0x8
 712 0061 34       		.uleb128 0x34
 713 0062 00       		.byte	0
 714 0063 03       		.uleb128 0x3
 715 0064 0E       		.uleb128 0xe
ARM GAS  C:\Users\EDTRIC~1\AppData\Local\Temp\cc1Bgh9b.s 			page 15


 716 0065 3A       		.uleb128 0x3a
 717 0066 0B       		.uleb128 0xb
 718 0067 3B       		.uleb128 0x3b
 719 0068 0B       		.uleb128 0xb
 720 0069 49       		.uleb128 0x49
 721 006a 13       		.uleb128 0x13
 722 006b 02       		.uleb128 0x2
 723 006c 17       		.uleb128 0x17
 724 006d 00       		.byte	0
 725 006e 00       		.byte	0
 726 006f 09       		.uleb128 0x9
 727 0070 34       		.uleb128 0x34
 728 0071 00       		.byte	0
 729 0072 03       		.uleb128 0x3
 730 0073 0E       		.uleb128 0xe
 731 0074 3A       		.uleb128 0x3a
 732 0075 0B       		.uleb128 0xb
 733 0076 3B       		.uleb128 0x3b
 734 0077 0B       		.uleb128 0xb
 735 0078 49       		.uleb128 0x49
 736 0079 13       		.uleb128 0x13
 737 007a 02       		.uleb128 0x2
 738 007b 18       		.uleb128 0x18
 739 007c 00       		.byte	0
 740 007d 00       		.byte	0
 741 007e 0A       		.uleb128 0xa
 742 007f 898201   		.uleb128 0x4109
 743 0082 00       		.byte	0
 744 0083 11       		.uleb128 0x11
 745 0084 01       		.uleb128 0x1
 746 0085 31       		.uleb128 0x31
 747 0086 13       		.uleb128 0x13
 748 0087 00       		.byte	0
 749 0088 00       		.byte	0
 750 0089 0B       		.uleb128 0xb
 751 008a 898201   		.uleb128 0x4109
 752 008d 01       		.byte	0x1
 753 008e 11       		.uleb128 0x11
 754 008f 01       		.uleb128 0x1
 755 0090 31       		.uleb128 0x31
 756 0091 13       		.uleb128 0x13
 757 0092 01       		.uleb128 0x1
 758 0093 13       		.uleb128 0x13
 759 0094 00       		.byte	0
 760 0095 00       		.byte	0
 761 0096 0C       		.uleb128 0xc
 762 0097 8A8201   		.uleb128 0x410a
 763 009a 00       		.byte	0
 764 009b 02       		.uleb128 0x2
 765 009c 18       		.uleb128 0x18
 766 009d 9142     		.uleb128 0x2111
 767 009f 18       		.uleb128 0x18
 768 00a0 00       		.byte	0
 769 00a1 00       		.byte	0
 770 00a2 0D       		.uleb128 0xd
 771 00a3 898201   		.uleb128 0x4109
 772 00a6 01       		.byte	0x1
ARM GAS  C:\Users\EDTRIC~1\AppData\Local\Temp\cc1Bgh9b.s 			page 16


 773 00a7 11       		.uleb128 0x11
 774 00a8 01       		.uleb128 0x1
 775 00a9 31       		.uleb128 0x31
 776 00aa 13       		.uleb128 0x13
 777 00ab 00       		.byte	0
 778 00ac 00       		.byte	0
 779 00ad 0E       		.uleb128 0xe
 780 00ae 01       		.uleb128 0x1
 781 00af 01       		.byte	0x1
 782 00b0 49       		.uleb128 0x49
 783 00b1 13       		.uleb128 0x13
 784 00b2 01       		.uleb128 0x1
 785 00b3 13       		.uleb128 0x13
 786 00b4 00       		.byte	0
 787 00b5 00       		.byte	0
 788 00b6 0F       		.uleb128 0xf
 789 00b7 21       		.uleb128 0x21
 790 00b8 00       		.byte	0
 791 00b9 49       		.uleb128 0x49
 792 00ba 13       		.uleb128 0x13
 793 00bb 2F       		.uleb128 0x2f
 794 00bc 0B       		.uleb128 0xb
 795 00bd 00       		.byte	0
 796 00be 00       		.byte	0
 797 00bf 10       		.uleb128 0x10
 798 00c0 2E       		.uleb128 0x2e
 799 00c1 00       		.byte	0
 800 00c2 3F       		.uleb128 0x3f
 801 00c3 19       		.uleb128 0x19
 802 00c4 03       		.uleb128 0x3
 803 00c5 0E       		.uleb128 0xe
 804 00c6 3A       		.uleb128 0x3a
 805 00c7 0B       		.uleb128 0xb
 806 00c8 3B       		.uleb128 0x3b
 807 00c9 0B       		.uleb128 0xb
 808 00ca 27       		.uleb128 0x27
 809 00cb 19       		.uleb128 0x19
 810 00cc 3C       		.uleb128 0x3c
 811 00cd 19       		.uleb128 0x19
 812 00ce 00       		.byte	0
 813 00cf 00       		.byte	0
 814 00d0 11       		.uleb128 0x11
 815 00d1 2E       		.uleb128 0x2e
 816 00d2 01       		.byte	0x1
 817 00d3 3F       		.uleb128 0x3f
 818 00d4 19       		.uleb128 0x19
 819 00d5 03       		.uleb128 0x3
 820 00d6 0E       		.uleb128 0xe
 821 00d7 3A       		.uleb128 0x3a
 822 00d8 0B       		.uleb128 0xb
 823 00d9 3B       		.uleb128 0x3b
 824 00da 0B       		.uleb128 0xb
 825 00db 27       		.uleb128 0x27
 826 00dc 19       		.uleb128 0x19
 827 00dd 3C       		.uleb128 0x3c
 828 00de 19       		.uleb128 0x19
 829 00df 01       		.uleb128 0x1
ARM GAS  C:\Users\EDTRIC~1\AppData\Local\Temp\cc1Bgh9b.s 			page 17


 830 00e0 13       		.uleb128 0x13
 831 00e1 00       		.byte	0
 832 00e2 00       		.byte	0
 833 00e3 12       		.uleb128 0x12
 834 00e4 05       		.uleb128 0x5
 835 00e5 00       		.byte	0
 836 00e6 49       		.uleb128 0x49
 837 00e7 13       		.uleb128 0x13
 838 00e8 00       		.byte	0
 839 00e9 00       		.byte	0
 840 00ea 13       		.uleb128 0x13
 841 00eb 2E       		.uleb128 0x2e
 842 00ec 01       		.byte	0x1
 843 00ed 3F       		.uleb128 0x3f
 844 00ee 19       		.uleb128 0x19
 845 00ef 03       		.uleb128 0x3
 846 00f0 0E       		.uleb128 0xe
 847 00f1 3A       		.uleb128 0x3a
 848 00f2 0B       		.uleb128 0xb
 849 00f3 3B       		.uleb128 0x3b
 850 00f4 0B       		.uleb128 0xb
 851 00f5 27       		.uleb128 0x27
 852 00f6 19       		.uleb128 0x19
 853 00f7 49       		.uleb128 0x49
 854 00f8 13       		.uleb128 0x13
 855 00f9 3C       		.uleb128 0x3c
 856 00fa 19       		.uleb128 0x19
 857 00fb 01       		.uleb128 0x1
 858 00fc 13       		.uleb128 0x13
 859 00fd 00       		.byte	0
 860 00fe 00       		.byte	0
 861 00ff 14       		.uleb128 0x14
 862 0100 18       		.uleb128 0x18
 863 0101 00       		.byte	0
 864 0102 00       		.byte	0
 865 0103 00       		.byte	0
 866 0104 15       		.uleb128 0x15
 867 0105 2E       		.uleb128 0x2e
 868 0106 01       		.byte	0x1
 869 0107 3F       		.uleb128 0x3f
 870 0108 19       		.uleb128 0x19
 871 0109 03       		.uleb128 0x3
 872 010a 0E       		.uleb128 0xe
 873 010b 3A       		.uleb128 0x3a
 874 010c 0B       		.uleb128 0xb
 875 010d 3B       		.uleb128 0x3b
 876 010e 05       		.uleb128 0x5
 877 010f 27       		.uleb128 0x27
 878 0110 19       		.uleb128 0x19
 879 0111 3C       		.uleb128 0x3c
 880 0112 19       		.uleb128 0x19
 881 0113 01       		.uleb128 0x1
 882 0114 13       		.uleb128 0x13
 883 0115 00       		.byte	0
 884 0116 00       		.byte	0
 885 0117 00       		.byte	0
 886              		.section	.debug_loc,"",%progbits
ARM GAS  C:\Users\EDTRIC~1\AppData\Local\Temp\cc1Bgh9b.s 			page 18


 887              	.Ldebug_loc0:
 888              	.LLST0:
 889 0000 2C000000 		.4byte	.LVL3
 890 0004 3A000000 		.4byte	.LVL5
 891 0008 0100     		.2byte	0x1
 892 000a 54       		.byte	0x54
 893 000b 3A000000 		.4byte	.LVL5
 894 000f 3C000000 		.4byte	.LVL6
 895 0013 0100     		.2byte	0x1
 896 0015 50       		.byte	0x50
 897 0016 3C000000 		.4byte	.LVL6
 898 001a 4A000000 		.4byte	.LVL8
 899 001e 0100     		.2byte	0x1
 900 0020 54       		.byte	0x54
 901 0021 4A000000 		.4byte	.LVL8
 902 0025 4E000000 		.4byte	.LVL9
 903 0029 0300     		.2byte	0x3
 904 002b 08       		.byte	0x8
 905 002c 64       		.byte	0x64
 906 002d 9F       		.byte	0x9f
 907 002e 4E000000 		.4byte	.LVL9
 908 0032 5C000000 		.4byte	.LVL11
 909 0036 0100     		.2byte	0x1
 910 0038 54       		.byte	0x54
 911 0039 5C000000 		.4byte	.LVL11
 912 003d 5E000000 		.4byte	.LVL12
 913 0041 0100     		.2byte	0x1
 914 0043 50       		.byte	0x50
 915 0044 5E000000 		.4byte	.LVL12
 916 0048 68000000 		.4byte	.LVL14
 917 004c 0100     		.2byte	0x1
 918 004e 54       		.byte	0x54
 919 004f 6A000000 		.4byte	.LVL15
 920 0053 78000000 		.4byte	.LVL17
 921 0057 0100     		.2byte	0x1
 922 0059 54       		.byte	0x54
 923 005a 78000000 		.4byte	.LVL17
 924 005e 7A000000 		.4byte	.LVL18
 925 0062 0100     		.2byte	0x1
 926 0064 50       		.byte	0x50
 927 0065 7A000000 		.4byte	.LVL18
 928 0069 A4000000 		.4byte	.LVL24
 929 006d 0100     		.2byte	0x1
 930 006f 54       		.byte	0x54
 931 0070 00000000 		.4byte	0
 932 0074 00000000 		.4byte	0
 933              	.LLST1:
 934 0078 8E000000 		.4byte	.LVL20
 935 007c 95000000 		.4byte	.LVL21-1
 936 0080 0100     		.2byte	0x1
 937 0082 52       		.byte	0x52
 938 0083 00000000 		.4byte	0
 939 0087 00000000 		.4byte	0
 940              		.section	.debug_aranges,"",%progbits
 941 0000 1C000000 		.4byte	0x1c
 942 0004 0200     		.2byte	0x2
 943 0006 00000000 		.4byte	.Ldebug_info0
ARM GAS  C:\Users\EDTRIC~1\AppData\Local\Temp\cc1Bgh9b.s 			page 19


 944 000a 04       		.byte	0x4
 945 000b 00       		.byte	0
 946 000c 0000     		.2byte	0
 947 000e 0000     		.2byte	0
 948 0010 00000000 		.4byte	.LFB33
 949 0014 B0000000 		.4byte	.LFE33-.LFB33
 950 0018 00000000 		.4byte	0
 951 001c 00000000 		.4byte	0
 952              		.section	.debug_ranges,"",%progbits
 953              	.Ldebug_ranges0:
 954 0000 00000000 		.4byte	.LFB33
 955 0004 B0000000 		.4byte	.LFE33
 956 0008 00000000 		.4byte	0
 957 000c 00000000 		.4byte	0
 958              		.section	.debug_line,"",%progbits
 959              	.Ldebug_line0:
 960 0000 3A010000 		.section	.debug_str,"MS",%progbits,1
 960      0200F400 
 960      00000201 
 960      FB0E0D00 
 960      01010101 
 961              	.LASF21:
 962 0000 64697374 		.ascii	"distValue\000"
 962      56616C75 
 962      6500
 963              	.LASF17:
 964 000a 6E61636B 		.ascii	"nackack\000"
 964      61636B00 
 965              	.LASF20:
 966 0012 64697374 		.ascii	"distArray\000"
 966      41727261 
 966      7900
 967              	.LASF24:
 968 001c 4932435F 		.ascii	"I2C_Start\000"
 968      53746172 
 968      7400
 969              	.LASF29:
 970 0026 55415254 		.ascii	"UART_UartPutString\000"
 970      5F556172 
 970      74507574 
 970      53747269 
 970      6E6700
 971              	.LASF22:
 972 0039 64697374 		.ascii	"distance\000"
 972      616E6365 
 972      00
 973              	.LASF12:
 974 0042 666C6F61 		.ascii	"float\000"
 974      7400
 975              	.LASF0:
 976 0048 7369676E 		.ascii	"signed char\000"
 976      65642063 
 976      68617200 
 977              	.LASF1:
 978 0054 756E7369 		.ascii	"unsigned char\000"
 978      676E6564 
 978      20636861 
ARM GAS  C:\Users\EDTRIC~1\AppData\Local\Temp\cc1Bgh9b.s 			page 20


 978      7200
 979              	.LASF32:
 980 0062 433A5C55 		.ascii	"C:\\Users\\edtriccorp\\Documents\\PSoC Creator\\LID"
 980      73657273 
 980      5C656474 
 980      72696363 
 980      6F72705C 
 981 0090 41525C4C 		.ascii	"AR\\LIDAR.cydsn\000"
 981      49444152 
 981      2E637964 
 981      736E00
 982              	.LASF14:
 983 009f 63686172 		.ascii	"char8\000"
 983      3800
 984              	.LASF5:
 985 00a5 6C6F6E67 		.ascii	"long unsigned int\000"
 985      20756E73 
 985      69676E65 
 985      6420696E 
 985      7400
 986              	.LASF25:
 987 00b7 4932435F 		.ascii	"I2C_I2CMasterWriteBuf\000"
 987      4932434D 
 987      61737465 
 987      72577269 
 987      74654275 
 988              	.LASF3:
 989 00cd 73686F72 		.ascii	"short unsigned int\000"
 989      7420756E 
 989      7369676E 
 989      65642069 
 989      6E7400
 990              	.LASF23:
 991 00e0 55415254 		.ascii	"UART_Start\000"
 991      5F537461 
 991      727400
 992              	.LASF31:
 993 00eb 2E5C6D61 		.ascii	".\\main.c\000"
 993      696E2E63 
 993      00
 994              	.LASF18:
 995 00f4 62756666 		.ascii	"buff\000"
 995      00
 996              	.LASF13:
 997 00f9 646F7562 		.ascii	"double\000"
 997      6C6500
 998              	.LASF33:
 999 0100 6D61696E 		.ascii	"main\000"
 999      00
 1000              	.LASF10:
 1001 0105 75696E74 		.ascii	"uint16\000"
 1001      313600
 1002              	.LASF11:
 1003 010c 75696E74 		.ascii	"uint32\000"
 1003      333200
 1004              	.LASF8:
 1005 0113 756E7369 		.ascii	"unsigned int\000"
ARM GAS  C:\Users\EDTRIC~1\AppData\Local\Temp\cc1Bgh9b.s 			page 21


 1005      676E6564 
 1005      20696E74 
 1005      00
 1006              	.LASF7:
 1007 0120 6C6F6E67 		.ascii	"long long unsigned int\000"
 1007      206C6F6E 
 1007      6720756E 
 1007      7369676E 
 1007      65642069 
 1008              	.LASF30:
 1009 0137 474E5520 		.ascii	"GNU C 4.8.4 20140526 (release) [ARM/embedded-4_8-br"
 1009      4320342E 
 1009      382E3420 
 1009      32303134 
 1009      30353236 
 1010 016a 616E6368 		.ascii	"anch revision 211358] -mcpu=cortex-m0 -mthumb -g -O"
 1010      20726576 
 1010      6973696F 
 1010      6E203231 
 1010      31333538 
 1011 019d 67202D66 		.ascii	"g -ffunction-sections\000"
 1011      66756E63 
 1011      74696F6E 
 1011      2D736563 
 1011      74696F6E 
 1012              	.LASF16:
 1013 01b3 73697A65 		.ascii	"sizetype\000"
 1013      74797065 
 1013      00
 1014              	.LASF6:
 1015 01bc 6C6F6E67 		.ascii	"long long int\000"
 1015      206C6F6E 
 1015      6720696E 
 1015      7400
 1016              	.LASF15:
 1017 01ca 63686172 		.ascii	"char\000"
 1017      00
 1018              	.LASF2:
 1019 01cf 73686F72 		.ascii	"short int\000"
 1019      7420696E 
 1019      7400
 1020              	.LASF9:
 1021 01d9 75696E74 		.ascii	"uint8\000"
 1021      3800
 1022              	.LASF4:
 1023 01df 6C6F6E67 		.ascii	"long int\000"
 1023      20696E74 
 1023      00
 1024              	.LASF19:
 1025 01e8 72656164 		.ascii	"readbuff\000"
 1025      62756666 
 1025      00
 1026              	.LASF26:
 1027 01f1 4932435F 		.ascii	"I2C_I2CMasterReadBuf\000"
 1027      4932434D 
 1027      61737465 
 1027      72526561 
ARM GAS  C:\Users\EDTRIC~1\AppData\Local\Temp\cc1Bgh9b.s 			page 22


 1027      64427566 
 1028              	.LASF27:
 1029 0206 73707269 		.ascii	"sprintf\000"
 1029      6E746600 
 1030              	.LASF28:
 1031 020e 43794465 		.ascii	"CyDelay\000"
 1031      6C617900 
 1032              		.ident	"GCC: (GNU Tools for ARM Embedded Processors) 4.8.4 20140526 (release) [ARM/embedded-4_8-br
