ARM GAS  C:\Users\EDTRIC~1\AppData\Local\Temp\ccQR24Nh.s 			page 1


   1              		.cpu cortex-m0
   2              		.fpu softvfp
   3              		.eabi_attribute 20, 1
   4              		.eabi_attribute 21, 1
   5              		.eabi_attribute 23, 3
   6              		.eabi_attribute 24, 1
   7              		.eabi_attribute 25, 1
   8              		.eabi_attribute 26, 1
   9              		.eabi_attribute 30, 1
  10              		.eabi_attribute 34, 0
  11              		.eabi_attribute 18, 4
  12              		.code	16
  13              		.file	"LIDAR_Lite.c"
  14              		.text
  15              	.Ltext0:
  16              		.cfi_sections	.debug_frame
  17              		.section	.text.getDistance,"ax",%progbits
  18              		.align	2
  19              		.global	getDistance
  20              		.code	16
  21              		.thumb_func
  22              		.type	getDistance, %function
  23              	getDistance:
  24              	.LFB33:
  25              		.file 1 ".\\LIDAR_Lite.c"
   1:.\LIDAR_Lite.c **** /* ========================================
   2:.\LIDAR_Lite.c ****  *
   3:.\LIDAR_Lite.c ****  * Copyright YOUR COMPANY, THE YEAR
   4:.\LIDAR_Lite.c ****  * All Rights Reserved
   5:.\LIDAR_Lite.c ****  * UNPUBLISHED, LICENSED SOFTWARE.
   6:.\LIDAR_Lite.c ****  *
   7:.\LIDAR_Lite.c ****  * CONFIDENTIAL AND PROPRIETARY INFORMATION
   8:.\LIDAR_Lite.c ****  * WHICH IS THE PROPERTY OF your company.
   9:.\LIDAR_Lite.c ****  *
  10:.\LIDAR_Lite.c ****  * ========================================
  11:.\LIDAR_Lite.c **** */
  12:.\LIDAR_Lite.c **** 
  13:.\LIDAR_Lite.c **** #include "LIDAR_Lite.h"
  14:.\LIDAR_Lite.c **** 
  15:.\LIDAR_Lite.c **** 
  16:.\LIDAR_Lite.c ****     uint8 buf[2] = { RegisterMeasure , MeasureValue };
  17:.\LIDAR_Lite.c ****     uint8 readbuf[1] = { RegisterHighLowB };
  18:.\LIDAR_Lite.c ****     uint8 distArray[2];
  19:.\LIDAR_Lite.c **** 
  20:.\LIDAR_Lite.c **** uint16 getDistance( void )
  21:.\LIDAR_Lite.c **** {
  26              		.loc 1 21 0
  27              		.cfi_startproc
  28 0000 08B5     		push	{r3, lr}
  29              		.cfi_def_cfa_offset 8
  30              		.cfi_offset 3, -8
  31              		.cfi_offset 14, -4
  22:.\LIDAR_Lite.c ****     uint16 distValue;
  23:.\LIDAR_Lite.c ****     nackack = 100;
  32              		.loc 1 23 0
  33 0002 6422     		mov	r2, #100
  34 0004 214B     		ldr	r3, .L8
ARM GAS  C:\Users\EDTRIC~1\AppData\Local\Temp\ccQR24Nh.s 			page 2


  35 0006 1A70     		strb	r2, [r3]
  24:.\LIDAR_Lite.c ****     while( nackack != 0 )
  36              		.loc 1 24 0
  37 0008 0AE0     		b	.L2
  38              	.L3:
  25:.\LIDAR_Lite.c ****     {
  26:.\LIDAR_Lite.c ****         nackack = I2C_I2CMasterWriteBuf( LIDARLite_ADDRESS , buf , 2 , I2C_I2C_MODE_REPEAT_START );
  39              		.loc 1 26 0
  40 000a 6220     		mov	r0, #98
  41 000c 2049     		ldr	r1, .L8+4
  42 000e 0222     		mov	r2, #2
  43 0010 0123     		mov	r3, #1
  44 0012 FFF7FEFF 		bl	I2C_I2CMasterWriteBuf
  45              	.LVL0:
  46 0016 1D4B     		ldr	r3, .L8
  47 0018 1870     		strb	r0, [r3]
  27:.\LIDAR_Lite.c ****         CyDelay(1);
  48              		.loc 1 27 0
  49 001a 0120     		mov	r0, #1
  50 001c FFF7FEFF 		bl	CyDelay
  51              	.LVL1:
  52              	.L2:
  24:.\LIDAR_Lite.c ****     while( nackack != 0 )
  53              		.loc 1 24 0
  54 0020 1A4B     		ldr	r3, .L8
  55 0022 1B78     		ldrb	r3, [r3]
  56 0024 002B     		cmp	r3, #0
  57 0026 F0D1     		bne	.L3
  28:.\LIDAR_Lite.c ****     }
  29:.\LIDAR_Lite.c ****     
  30:.\LIDAR_Lite.c ****     CyDelay(20);
  58              		.loc 1 30 0
  59 0028 1420     		mov	r0, #20
  60 002a FFF7FEFF 		bl	CyDelay
  61              	.LVL2:
  31:.\LIDAR_Lite.c ****     
  32:.\LIDAR_Lite.c ****     nackack = 100;
  62              		.loc 1 32 0
  63 002e 6422     		mov	r2, #100
  64 0030 164B     		ldr	r3, .L8
  65 0032 1A70     		strb	r2, [r3]
  33:.\LIDAR_Lite.c ****     while( nackack != 0 )
  66              		.loc 1 33 0
  67 0034 0BE0     		b	.L4
  68              	.L5:
  34:.\LIDAR_Lite.c ****     {
  35:.\LIDAR_Lite.c ****         nackack = I2C_I2CMasterWriteBuf( LIDARLite_ADDRESS , readbuf , 1 , I2C_I2C_MODE_REPEAT_STAR
  69              		.loc 1 35 0
  70 0036 6220     		mov	r0, #98
  71 0038 1549     		ldr	r1, .L8+4
  72 003a 0431     		add	r1, r1, #4
  73 003c 0122     		mov	r2, #1
  74 003e 0123     		mov	r3, #1
  75 0040 FFF7FEFF 		bl	I2C_I2CMasterWriteBuf
  76              	.LVL3:
  77 0044 114B     		ldr	r3, .L8
  78 0046 1870     		strb	r0, [r3]
ARM GAS  C:\Users\EDTRIC~1\AppData\Local\Temp\ccQR24Nh.s 			page 3


  36:.\LIDAR_Lite.c ****         CyDelay(1);
  79              		.loc 1 36 0
  80 0048 0120     		mov	r0, #1
  81 004a FFF7FEFF 		bl	CyDelay
  82              	.LVL4:
  83              	.L4:
  33:.\LIDAR_Lite.c ****     while( nackack != 0 )
  84              		.loc 1 33 0
  85 004e 0F4B     		ldr	r3, .L8
  86 0050 1B78     		ldrb	r3, [r3]
  87 0052 002B     		cmp	r3, #0
  88 0054 EFD1     		bne	.L5
  37:.\LIDAR_Lite.c ****     }
  38:.\LIDAR_Lite.c ****     
  39:.\LIDAR_Lite.c ****     nackack = 100;
  89              		.loc 1 39 0
  90 0056 6422     		mov	r2, #100
  91 0058 0C4B     		ldr	r3, .L8
  92 005a 1A70     		strb	r2, [r3]
  40:.\LIDAR_Lite.c ****     while( nackack != 0 )
  93              		.loc 1 40 0
  94 005c 0AE0     		b	.L6
  95              	.L7:
  41:.\LIDAR_Lite.c ****     {
  42:.\LIDAR_Lite.c ****         nackack = I2C_I2CMasterReadBuf( LIDARLite_ADDRESS , distArray , 2 , I2C_I2C_MODE_REPEAT_STA
  96              		.loc 1 42 0
  97 005e 6220     		mov	r0, #98
  98 0060 0C49     		ldr	r1, .L8+8
  99 0062 0222     		mov	r2, #2
 100 0064 0123     		mov	r3, #1
 101 0066 FFF7FEFF 		bl	I2C_I2CMasterReadBuf
 102              	.LVL5:
 103 006a 084B     		ldr	r3, .L8
 104 006c 1870     		strb	r0, [r3]
  43:.\LIDAR_Lite.c ****         CyDelay(1);
 105              		.loc 1 43 0
 106 006e 0120     		mov	r0, #1
 107 0070 FFF7FEFF 		bl	CyDelay
 108              	.LVL6:
 109              	.L6:
  40:.\LIDAR_Lite.c ****     while( nackack != 0 )
 110              		.loc 1 40 0
 111 0074 054B     		ldr	r3, .L8
 112 0076 1B78     		ldrb	r3, [r3]
 113 0078 002B     		cmp	r3, #0
 114 007a F0D1     		bne	.L7
  44:.\LIDAR_Lite.c ****     }
  45:.\LIDAR_Lite.c ****     
  46:.\LIDAR_Lite.c ****     return distValue = ( distArray[0] << 8 ) + distArray[1];
 115              		.loc 1 46 0
 116 007c 054B     		ldr	r3, .L8+8
 117 007e 1878     		ldrb	r0, [r3]
 118 0080 5B78     		ldrb	r3, [r3, #1]
 119 0082 0002     		lsl	r0, r0, #8
 120 0084 C018     		add	r0, r0, r3
 121 0086 80B2     		uxth	r0, r0
 122              	.LVL7:
ARM GAS  C:\Users\EDTRIC~1\AppData\Local\Temp\ccQR24Nh.s 			page 4


  47:.\LIDAR_Lite.c **** }
 123              		.loc 1 47 0
 124              		@ sp needed
 125 0088 08BD     		pop	{r3, pc}
 126              	.L9:
 127 008a C046     		.align	2
 128              	.L8:
 129 008c 00000000 		.word	nackack
 130 0090 00000000 		.word	.LANCHOR0
 131 0094 00000000 		.word	distArray
 132              		.cfi_endproc
 133              	.LFE33:
 134              		.size	getDistance, .-getDistance
 135              		.comm	distArray,2,4
 136              		.global	readbuf
 137              		.global	buf
 138              		.comm	distance,5,4
 139              		.comm	nackack,1,1
 140              		.data
 141              		.align	2
 142              		.set	.LANCHOR0,. + 0
 143              		.type	buf, %object
 144              		.size	buf, 2
 145              	buf:
 146 0000 00       		.byte	0
 147 0001 04       		.byte	4
 148 0002 0000     		.space	2
 149              		.type	readbuf, %object
 150              		.size	readbuf, 1
 151              	readbuf:
 152 0004 8F       		.byte	-113
 153 0005 000000   		.text
 154              	.Letext0:
 155              		.file 2 "Generated_Source\\PSoC4/cytypes.h"
 156              		.file 3 ".\\LIDAR_Lite.h"
 157              		.file 4 "Generated_Source\\PSoC4/CyLib.h"
 158              		.file 5 "Generated_Source\\PSoC4/I2C_I2C.h"
 159              		.section	.debug_info,"",%progbits
 160              	.Ldebug_info0:
 161 0000 69020000 		.4byte	0x269
 162 0004 0400     		.2byte	0x4
 163 0006 00000000 		.4byte	.Ldebug_abbrev0
 164 000a 04       		.byte	0x4
 165 000b 01       		.uleb128 0x1
 166 000c F6000000 		.4byte	.LASF22
 167 0010 01       		.byte	0x1
 168 0011 22000000 		.4byte	.LASF23
 169 0015 3B000000 		.4byte	.LASF24
 170 0019 00000000 		.4byte	.Ldebug_ranges0+0
 171 001d 00000000 		.4byte	0
 172 0021 00000000 		.4byte	.Ldebug_line0
 173 0025 02       		.uleb128 0x2
 174 0026 01       		.byte	0x1
 175 0027 06       		.byte	0x6
 176 0028 B7010000 		.4byte	.LASF0
 177 002c 02       		.uleb128 0x2
 178 002d 01       		.byte	0x1
ARM GAS  C:\Users\EDTRIC~1\AppData\Local\Temp\ccQR24Nh.s 			page 5


 179 002e 08       		.byte	0x8
 180 002f 84010000 		.4byte	.LASF1
 181 0033 02       		.uleb128 0x2
 182 0034 02       		.byte	0x2
 183 0035 05       		.byte	0x5
 184 0036 D5010000 		.4byte	.LASF2
 185 003a 02       		.uleb128 0x2
 186 003b 02       		.byte	0x2
 187 003c 07       		.byte	0x7
 188 003d C4000000 		.4byte	.LASF3
 189 0041 02       		.uleb128 0x2
 190 0042 04       		.byte	0x4
 191 0043 05       		.byte	0x5
 192 0044 97010000 		.4byte	.LASF4
 193 0048 02       		.uleb128 0x2
 194 0049 04       		.byte	0x4
 195 004a 07       		.byte	0x7
 196 004b 86000000 		.4byte	.LASF5
 197 004f 02       		.uleb128 0x2
 198 0050 08       		.byte	0x8
 199 0051 05       		.byte	0x5
 200 0052 00000000 		.4byte	.LASF6
 201 0056 02       		.uleb128 0x2
 202 0057 08       		.byte	0x8
 203 0058 07       		.byte	0x7
 204 0059 98000000 		.4byte	.LASF7
 205 005d 03       		.uleb128 0x3
 206 005e 04       		.byte	0x4
 207 005f 05       		.byte	0x5
 208 0060 696E7400 		.ascii	"int\000"
 209 0064 02       		.uleb128 0x2
 210 0065 04       		.byte	0x4
 211 0066 07       		.byte	0x7
 212 0067 15000000 		.4byte	.LASF8
 213 006b 04       		.uleb128 0x4
 214 006c 80000000 		.4byte	.LASF9
 215 0070 02       		.byte	0x2
 216 0071 B3       		.byte	0xb3
 217 0072 2C000000 		.4byte	0x2c
 218 0076 04       		.uleb128 0x4
 219 0077 DF010000 		.4byte	.LASF10
 220 007b 02       		.byte	0x2
 221 007c B4       		.byte	0xb4
 222 007d 3A000000 		.4byte	0x3a
 223 0081 04       		.uleb128 0x4
 224 0082 0E000000 		.4byte	.LASF11
 225 0086 02       		.byte	0x2
 226 0087 B5       		.byte	0xb5
 227 0088 48000000 		.4byte	0x48
 228 008c 02       		.uleb128 0x2
 229 008d 04       		.byte	0x4
 230 008e 04       		.byte	0x4
 231 008f CF010000 		.4byte	.LASF12
 232 0093 02       		.uleb128 0x2
 233 0094 08       		.byte	0x8
 234 0095 04       		.byte	0x4
 235 0096 A0010000 		.4byte	.LASF13
ARM GAS  C:\Users\EDTRIC~1\AppData\Local\Temp\ccQR24Nh.s 			page 6


 236 009a 02       		.uleb128 0x2
 237 009b 01       		.byte	0x1
 238 009c 08       		.byte	0x8
 239 009d 92010000 		.4byte	.LASF14
 240 00a1 02       		.uleb128 0x2
 241 00a2 04       		.byte	0x4
 242 00a3 07       		.byte	0x7
 243 00a4 F0010000 		.4byte	.LASF15
 244 00a8 05       		.uleb128 0x5
 245 00a9 04       		.byte	0x4
 246 00aa 6B000000 		.4byte	0x6b
 247 00ae 06       		.uleb128 0x6
 248 00af C3010000 		.4byte	.LASF25
 249 00b3 01       		.byte	0x1
 250 00b4 14       		.byte	0x14
 251 00b5 76000000 		.4byte	0x76
 252 00b9 00000000 		.4byte	.LFB33
 253 00bd 98000000 		.4byte	.LFE33-.LFB33
 254 00c1 01       		.uleb128 0x1
 255 00c2 9C       		.byte	0x9c
 256 00c3 92010000 		.4byte	0x192
 257 00c7 07       		.uleb128 0x7
 258 00c8 31000000 		.4byte	.LASF26
 259 00cc 01       		.byte	0x1
 260 00cd 16       		.byte	0x16
 261 00ce 76000000 		.4byte	0x76
 262 00d2 01       		.uleb128 0x1
 263 00d3 50       		.byte	0x50
 264 00d4 08       		.uleb128 0x8
 265 00d5 16000000 		.4byte	.LVL0
 266 00d9 17020000 		.4byte	0x217
 267 00dd FB000000 		.4byte	0xfb
 268 00e1 09       		.uleb128 0x9
 269 00e2 01       		.uleb128 0x1
 270 00e3 53       		.byte	0x53
 271 00e4 01       		.uleb128 0x1
 272 00e5 31       		.byte	0x31
 273 00e6 09       		.uleb128 0x9
 274 00e7 01       		.uleb128 0x1
 275 00e8 52       		.byte	0x52
 276 00e9 01       		.uleb128 0x1
 277 00ea 32       		.byte	0x32
 278 00eb 09       		.uleb128 0x9
 279 00ec 01       		.uleb128 0x1
 280 00ed 51       		.byte	0x51
 281 00ee 05       		.uleb128 0x5
 282 00ef 03       		.byte	0x3
 283 00f0 00000000 		.4byte	.LANCHOR0
 284 00f4 09       		.uleb128 0x9
 285 00f5 01       		.uleb128 0x1
 286 00f6 50       		.byte	0x50
 287 00f7 02       		.uleb128 0x2
 288 00f8 08       		.byte	0x8
 289 00f9 62       		.byte	0x62
 290 00fa 00       		.byte	0
 291 00fb 08       		.uleb128 0x8
 292 00fc 20000000 		.4byte	.LVL1
ARM GAS  C:\Users\EDTRIC~1\AppData\Local\Temp\ccQR24Nh.s 			page 7


 293 0100 3B020000 		.4byte	0x23b
 294 0104 0E010000 		.4byte	0x10e
 295 0108 09       		.uleb128 0x9
 296 0109 01       		.uleb128 0x1
 297 010a 50       		.byte	0x50
 298 010b 01       		.uleb128 0x1
 299 010c 31       		.byte	0x31
 300 010d 00       		.byte	0
 301 010e 08       		.uleb128 0x8
 302 010f 2E000000 		.4byte	.LVL2
 303 0113 3B020000 		.4byte	0x23b
 304 0117 21010000 		.4byte	0x121
 305 011b 09       		.uleb128 0x9
 306 011c 01       		.uleb128 0x1
 307 011d 50       		.byte	0x50
 308 011e 01       		.uleb128 0x1
 309 011f 44       		.byte	0x44
 310 0120 00       		.byte	0
 311 0121 08       		.uleb128 0x8
 312 0122 44000000 		.4byte	.LVL3
 313 0126 17020000 		.4byte	0x217
 314 012a 48010000 		.4byte	0x148
 315 012e 09       		.uleb128 0x9
 316 012f 01       		.uleb128 0x1
 317 0130 53       		.byte	0x53
 318 0131 01       		.uleb128 0x1
 319 0132 31       		.byte	0x31
 320 0133 09       		.uleb128 0x9
 321 0134 01       		.uleb128 0x1
 322 0135 52       		.byte	0x52
 323 0136 01       		.uleb128 0x1
 324 0137 31       		.byte	0x31
 325 0138 09       		.uleb128 0x9
 326 0139 01       		.uleb128 0x1
 327 013a 51       		.byte	0x51
 328 013b 05       		.uleb128 0x5
 329 013c 03       		.byte	0x3
 330 013d 04000000 		.4byte	.LANCHOR0+4
 331 0141 09       		.uleb128 0x9
 332 0142 01       		.uleb128 0x1
 333 0143 50       		.byte	0x50
 334 0144 02       		.uleb128 0x2
 335 0145 08       		.byte	0x8
 336 0146 62       		.byte	0x62
 337 0147 00       		.byte	0
 338 0148 08       		.uleb128 0x8
 339 0149 4E000000 		.4byte	.LVL4
 340 014d 3B020000 		.4byte	0x23b
 341 0151 5B010000 		.4byte	0x15b
 342 0155 09       		.uleb128 0x9
 343 0156 01       		.uleb128 0x1
 344 0157 50       		.byte	0x50
 345 0158 01       		.uleb128 0x1
 346 0159 31       		.byte	0x31
 347 015a 00       		.byte	0
 348 015b 08       		.uleb128 0x8
 349 015c 6A000000 		.4byte	.LVL5
ARM GAS  C:\Users\EDTRIC~1\AppData\Local\Temp\ccQR24Nh.s 			page 8


 350 0160 4C020000 		.4byte	0x24c
 351 0164 82010000 		.4byte	0x182
 352 0168 09       		.uleb128 0x9
 353 0169 01       		.uleb128 0x1
 354 016a 53       		.byte	0x53
 355 016b 01       		.uleb128 0x1
 356 016c 31       		.byte	0x31
 357 016d 09       		.uleb128 0x9
 358 016e 01       		.uleb128 0x1
 359 016f 52       		.byte	0x52
 360 0170 01       		.uleb128 0x1
 361 0171 32       		.byte	0x32
 362 0172 09       		.uleb128 0x9
 363 0173 01       		.uleb128 0x1
 364 0174 51       		.byte	0x51
 365 0175 05       		.uleb128 0x5
 366 0176 03       		.byte	0x3
 367 0177 00000000 		.4byte	distArray
 368 017b 09       		.uleb128 0x9
 369 017c 01       		.uleb128 0x1
 370 017d 50       		.byte	0x50
 371 017e 02       		.uleb128 0x2
 372 017f 08       		.byte	0x8
 373 0180 62       		.byte	0x62
 374 0181 00       		.byte	0
 375 0182 0A       		.uleb128 0xa
 376 0183 74000000 		.4byte	.LVL6
 377 0187 3B020000 		.4byte	0x23b
 378 018b 09       		.uleb128 0x9
 379 018c 01       		.uleb128 0x1
 380 018d 50       		.byte	0x50
 381 018e 01       		.uleb128 0x1
 382 018f 31       		.byte	0x31
 383 0190 00       		.byte	0
 384 0191 00       		.byte	0
 385 0192 0B       		.uleb128 0xb
 386 0193 AF010000 		.4byte	.LASF16
 387 0197 03       		.byte	0x3
 388 0198 18       		.byte	0x18
 389 0199 6B000000 		.4byte	0x6b
 390 019d 05       		.uleb128 0x5
 391 019e 03       		.byte	0x3
 392 019f 00000000 		.4byte	nackack
 393 01a3 0C       		.uleb128 0xc
 394 01a4 9A000000 		.4byte	0x9a
 395 01a8 B3010000 		.4byte	0x1b3
 396 01ac 0D       		.uleb128 0xd
 397 01ad A1000000 		.4byte	0xa1
 398 01b1 04       		.byte	0x4
 399 01b2 00       		.byte	0
 400 01b3 0B       		.uleb128 0xb
 401 01b4 ED000000 		.4byte	.LASF17
 402 01b8 03       		.byte	0x3
 403 01b9 19       		.byte	0x19
 404 01ba A3010000 		.4byte	0x1a3
 405 01be 05       		.uleb128 0x5
 406 01bf 03       		.byte	0x3
ARM GAS  C:\Users\EDTRIC~1\AppData\Local\Temp\ccQR24Nh.s 			page 9


 407 01c0 00000000 		.4byte	distance
 408 01c4 0C       		.uleb128 0xc
 409 01c5 6B000000 		.4byte	0x6b
 410 01c9 D4010000 		.4byte	0x1d4
 411 01cd 0D       		.uleb128 0xd
 412 01ce A1000000 		.4byte	0xa1
 413 01d2 01       		.byte	0x1
 414 01d3 00       		.byte	0
 415 01d4 0E       		.uleb128 0xe
 416 01d5 62756600 		.ascii	"buf\000"
 417 01d9 01       		.byte	0x1
 418 01da 10       		.byte	0x10
 419 01db C4010000 		.4byte	0x1c4
 420 01df 05       		.uleb128 0x5
 421 01e0 03       		.byte	0x3
 422 01e1 00000000 		.4byte	buf
 423 01e5 0C       		.uleb128 0xc
 424 01e6 6B000000 		.4byte	0x6b
 425 01ea F5010000 		.4byte	0x1f5
 426 01ee 0D       		.uleb128 0xd
 427 01ef A1000000 		.4byte	0xa1
 428 01f3 00       		.byte	0
 429 01f4 00       		.byte	0
 430 01f5 0B       		.uleb128 0xb
 431 01f6 A7010000 		.4byte	.LASF18
 432 01fa 01       		.byte	0x1
 433 01fb 11       		.byte	0x11
 434 01fc E5010000 		.4byte	0x1e5
 435 0200 05       		.uleb128 0x5
 436 0201 03       		.byte	0x3
 437 0202 00000000 		.4byte	readbuf
 438 0206 0B       		.uleb128 0xb
 439 0207 E6010000 		.4byte	.LASF19
 440 020b 01       		.byte	0x1
 441 020c 12       		.byte	0x12
 442 020d C4010000 		.4byte	0x1c4
 443 0211 05       		.uleb128 0x5
 444 0212 03       		.byte	0x3
 445 0213 00000000 		.4byte	distArray
 446 0217 0F       		.uleb128 0xf
 447 0218 D7000000 		.4byte	.LASF27
 448 021c 05       		.byte	0x5
 449 021d C4       		.byte	0xc4
 450 021e 81000000 		.4byte	0x81
 451 0222 3B020000 		.4byte	0x23b
 452 0226 10       		.uleb128 0x10
 453 0227 81000000 		.4byte	0x81
 454 022b 10       		.uleb128 0x10
 455 022c A8000000 		.4byte	0xa8
 456 0230 10       		.uleb128 0x10
 457 0231 81000000 		.4byte	0x81
 458 0235 10       		.uleb128 0x10
 459 0236 81000000 		.4byte	0x81
 460 023a 00       		.byte	0
 461 023b 11       		.uleb128 0x11
 462 023c 78000000 		.4byte	.LASF20
 463 0240 04       		.byte	0x4
ARM GAS  C:\Users\EDTRIC~1\AppData\Local\Temp\ccQR24Nh.s 			page 10


 464 0241 57       		.byte	0x57
 465 0242 4C020000 		.4byte	0x24c
 466 0246 10       		.uleb128 0x10
 467 0247 81000000 		.4byte	0x81
 468 024b 00       		.byte	0
 469 024c 12       		.uleb128 0x12
 470 024d AF000000 		.4byte	.LASF21
 471 0251 05       		.byte	0x5
 472 0252 C5       		.byte	0xc5
 473 0253 81000000 		.4byte	0x81
 474 0257 10       		.uleb128 0x10
 475 0258 81000000 		.4byte	0x81
 476 025c 10       		.uleb128 0x10
 477 025d A8000000 		.4byte	0xa8
 478 0261 10       		.uleb128 0x10
 479 0262 81000000 		.4byte	0x81
 480 0266 10       		.uleb128 0x10
 481 0267 81000000 		.4byte	0x81
 482 026b 00       		.byte	0
 483 026c 00       		.byte	0
 484              		.section	.debug_abbrev,"",%progbits
 485              	.Ldebug_abbrev0:
 486 0000 01       		.uleb128 0x1
 487 0001 11       		.uleb128 0x11
 488 0002 01       		.byte	0x1
 489 0003 25       		.uleb128 0x25
 490 0004 0E       		.uleb128 0xe
 491 0005 13       		.uleb128 0x13
 492 0006 0B       		.uleb128 0xb
 493 0007 03       		.uleb128 0x3
 494 0008 0E       		.uleb128 0xe
 495 0009 1B       		.uleb128 0x1b
 496 000a 0E       		.uleb128 0xe
 497 000b 55       		.uleb128 0x55
 498 000c 17       		.uleb128 0x17
 499 000d 11       		.uleb128 0x11
 500 000e 01       		.uleb128 0x1
 501 000f 10       		.uleb128 0x10
 502 0010 17       		.uleb128 0x17
 503 0011 00       		.byte	0
 504 0012 00       		.byte	0
 505 0013 02       		.uleb128 0x2
 506 0014 24       		.uleb128 0x24
 507 0015 00       		.byte	0
 508 0016 0B       		.uleb128 0xb
 509 0017 0B       		.uleb128 0xb
 510 0018 3E       		.uleb128 0x3e
 511 0019 0B       		.uleb128 0xb
 512 001a 03       		.uleb128 0x3
 513 001b 0E       		.uleb128 0xe
 514 001c 00       		.byte	0
 515 001d 00       		.byte	0
 516 001e 03       		.uleb128 0x3
 517 001f 24       		.uleb128 0x24
 518 0020 00       		.byte	0
 519 0021 0B       		.uleb128 0xb
 520 0022 0B       		.uleb128 0xb
ARM GAS  C:\Users\EDTRIC~1\AppData\Local\Temp\ccQR24Nh.s 			page 11


 521 0023 3E       		.uleb128 0x3e
 522 0024 0B       		.uleb128 0xb
 523 0025 03       		.uleb128 0x3
 524 0026 08       		.uleb128 0x8
 525 0027 00       		.byte	0
 526 0028 00       		.byte	0
 527 0029 04       		.uleb128 0x4
 528 002a 16       		.uleb128 0x16
 529 002b 00       		.byte	0
 530 002c 03       		.uleb128 0x3
 531 002d 0E       		.uleb128 0xe
 532 002e 3A       		.uleb128 0x3a
 533 002f 0B       		.uleb128 0xb
 534 0030 3B       		.uleb128 0x3b
 535 0031 0B       		.uleb128 0xb
 536 0032 49       		.uleb128 0x49
 537 0033 13       		.uleb128 0x13
 538 0034 00       		.byte	0
 539 0035 00       		.byte	0
 540 0036 05       		.uleb128 0x5
 541 0037 0F       		.uleb128 0xf
 542 0038 00       		.byte	0
 543 0039 0B       		.uleb128 0xb
 544 003a 0B       		.uleb128 0xb
 545 003b 49       		.uleb128 0x49
 546 003c 13       		.uleb128 0x13
 547 003d 00       		.byte	0
 548 003e 00       		.byte	0
 549 003f 06       		.uleb128 0x6
 550 0040 2E       		.uleb128 0x2e
 551 0041 01       		.byte	0x1
 552 0042 3F       		.uleb128 0x3f
 553 0043 19       		.uleb128 0x19
 554 0044 03       		.uleb128 0x3
 555 0045 0E       		.uleb128 0xe
 556 0046 3A       		.uleb128 0x3a
 557 0047 0B       		.uleb128 0xb
 558 0048 3B       		.uleb128 0x3b
 559 0049 0B       		.uleb128 0xb
 560 004a 27       		.uleb128 0x27
 561 004b 19       		.uleb128 0x19
 562 004c 49       		.uleb128 0x49
 563 004d 13       		.uleb128 0x13
 564 004e 11       		.uleb128 0x11
 565 004f 01       		.uleb128 0x1
 566 0050 12       		.uleb128 0x12
 567 0051 06       		.uleb128 0x6
 568 0052 40       		.uleb128 0x40
 569 0053 18       		.uleb128 0x18
 570 0054 9742     		.uleb128 0x2117
 571 0056 19       		.uleb128 0x19
 572 0057 01       		.uleb128 0x1
 573 0058 13       		.uleb128 0x13
 574 0059 00       		.byte	0
 575 005a 00       		.byte	0
 576 005b 07       		.uleb128 0x7
 577 005c 34       		.uleb128 0x34
ARM GAS  C:\Users\EDTRIC~1\AppData\Local\Temp\ccQR24Nh.s 			page 12


 578 005d 00       		.byte	0
 579 005e 03       		.uleb128 0x3
 580 005f 0E       		.uleb128 0xe
 581 0060 3A       		.uleb128 0x3a
 582 0061 0B       		.uleb128 0xb
 583 0062 3B       		.uleb128 0x3b
 584 0063 0B       		.uleb128 0xb
 585 0064 49       		.uleb128 0x49
 586 0065 13       		.uleb128 0x13
 587 0066 02       		.uleb128 0x2
 588 0067 18       		.uleb128 0x18
 589 0068 00       		.byte	0
 590 0069 00       		.byte	0
 591 006a 08       		.uleb128 0x8
 592 006b 898201   		.uleb128 0x4109
 593 006e 01       		.byte	0x1
 594 006f 11       		.uleb128 0x11
 595 0070 01       		.uleb128 0x1
 596 0071 31       		.uleb128 0x31
 597 0072 13       		.uleb128 0x13
 598 0073 01       		.uleb128 0x1
 599 0074 13       		.uleb128 0x13
 600 0075 00       		.byte	0
 601 0076 00       		.byte	0
 602 0077 09       		.uleb128 0x9
 603 0078 8A8201   		.uleb128 0x410a
 604 007b 00       		.byte	0
 605 007c 02       		.uleb128 0x2
 606 007d 18       		.uleb128 0x18
 607 007e 9142     		.uleb128 0x2111
 608 0080 18       		.uleb128 0x18
 609 0081 00       		.byte	0
 610 0082 00       		.byte	0
 611 0083 0A       		.uleb128 0xa
 612 0084 898201   		.uleb128 0x4109
 613 0087 01       		.byte	0x1
 614 0088 11       		.uleb128 0x11
 615 0089 01       		.uleb128 0x1
 616 008a 31       		.uleb128 0x31
 617 008b 13       		.uleb128 0x13
 618 008c 00       		.byte	0
 619 008d 00       		.byte	0
 620 008e 0B       		.uleb128 0xb
 621 008f 34       		.uleb128 0x34
 622 0090 00       		.byte	0
 623 0091 03       		.uleb128 0x3
 624 0092 0E       		.uleb128 0xe
 625 0093 3A       		.uleb128 0x3a
 626 0094 0B       		.uleb128 0xb
 627 0095 3B       		.uleb128 0x3b
 628 0096 0B       		.uleb128 0xb
 629 0097 49       		.uleb128 0x49
 630 0098 13       		.uleb128 0x13
 631 0099 3F       		.uleb128 0x3f
 632 009a 19       		.uleb128 0x19
 633 009b 02       		.uleb128 0x2
 634 009c 18       		.uleb128 0x18
ARM GAS  C:\Users\EDTRIC~1\AppData\Local\Temp\ccQR24Nh.s 			page 13


 635 009d 00       		.byte	0
 636 009e 00       		.byte	0
 637 009f 0C       		.uleb128 0xc
 638 00a0 01       		.uleb128 0x1
 639 00a1 01       		.byte	0x1
 640 00a2 49       		.uleb128 0x49
 641 00a3 13       		.uleb128 0x13
 642 00a4 01       		.uleb128 0x1
 643 00a5 13       		.uleb128 0x13
 644 00a6 00       		.byte	0
 645 00a7 00       		.byte	0
 646 00a8 0D       		.uleb128 0xd
 647 00a9 21       		.uleb128 0x21
 648 00aa 00       		.byte	0
 649 00ab 49       		.uleb128 0x49
 650 00ac 13       		.uleb128 0x13
 651 00ad 2F       		.uleb128 0x2f
 652 00ae 0B       		.uleb128 0xb
 653 00af 00       		.byte	0
 654 00b0 00       		.byte	0
 655 00b1 0E       		.uleb128 0xe
 656 00b2 34       		.uleb128 0x34
 657 00b3 00       		.byte	0
 658 00b4 03       		.uleb128 0x3
 659 00b5 08       		.uleb128 0x8
 660 00b6 3A       		.uleb128 0x3a
 661 00b7 0B       		.uleb128 0xb
 662 00b8 3B       		.uleb128 0x3b
 663 00b9 0B       		.uleb128 0xb
 664 00ba 49       		.uleb128 0x49
 665 00bb 13       		.uleb128 0x13
 666 00bc 3F       		.uleb128 0x3f
 667 00bd 19       		.uleb128 0x19
 668 00be 02       		.uleb128 0x2
 669 00bf 18       		.uleb128 0x18
 670 00c0 00       		.byte	0
 671 00c1 00       		.byte	0
 672 00c2 0F       		.uleb128 0xf
 673 00c3 2E       		.uleb128 0x2e
 674 00c4 01       		.byte	0x1
 675 00c5 3F       		.uleb128 0x3f
 676 00c6 19       		.uleb128 0x19
 677 00c7 03       		.uleb128 0x3
 678 00c8 0E       		.uleb128 0xe
 679 00c9 3A       		.uleb128 0x3a
 680 00ca 0B       		.uleb128 0xb
 681 00cb 3B       		.uleb128 0x3b
 682 00cc 0B       		.uleb128 0xb
 683 00cd 27       		.uleb128 0x27
 684 00ce 19       		.uleb128 0x19
 685 00cf 49       		.uleb128 0x49
 686 00d0 13       		.uleb128 0x13
 687 00d1 3C       		.uleb128 0x3c
 688 00d2 19       		.uleb128 0x19
 689 00d3 01       		.uleb128 0x1
 690 00d4 13       		.uleb128 0x13
 691 00d5 00       		.byte	0
ARM GAS  C:\Users\EDTRIC~1\AppData\Local\Temp\ccQR24Nh.s 			page 14


 692 00d6 00       		.byte	0
 693 00d7 10       		.uleb128 0x10
 694 00d8 05       		.uleb128 0x5
 695 00d9 00       		.byte	0
 696 00da 49       		.uleb128 0x49
 697 00db 13       		.uleb128 0x13
 698 00dc 00       		.byte	0
 699 00dd 00       		.byte	0
 700 00de 11       		.uleb128 0x11
 701 00df 2E       		.uleb128 0x2e
 702 00e0 01       		.byte	0x1
 703 00e1 3F       		.uleb128 0x3f
 704 00e2 19       		.uleb128 0x19
 705 00e3 03       		.uleb128 0x3
 706 00e4 0E       		.uleb128 0xe
 707 00e5 3A       		.uleb128 0x3a
 708 00e6 0B       		.uleb128 0xb
 709 00e7 3B       		.uleb128 0x3b
 710 00e8 0B       		.uleb128 0xb
 711 00e9 27       		.uleb128 0x27
 712 00ea 19       		.uleb128 0x19
 713 00eb 3C       		.uleb128 0x3c
 714 00ec 19       		.uleb128 0x19
 715 00ed 01       		.uleb128 0x1
 716 00ee 13       		.uleb128 0x13
 717 00ef 00       		.byte	0
 718 00f0 00       		.byte	0
 719 00f1 12       		.uleb128 0x12
 720 00f2 2E       		.uleb128 0x2e
 721 00f3 01       		.byte	0x1
 722 00f4 3F       		.uleb128 0x3f
 723 00f5 19       		.uleb128 0x19
 724 00f6 03       		.uleb128 0x3
 725 00f7 0E       		.uleb128 0xe
 726 00f8 3A       		.uleb128 0x3a
 727 00f9 0B       		.uleb128 0xb
 728 00fa 3B       		.uleb128 0x3b
 729 00fb 0B       		.uleb128 0xb
 730 00fc 27       		.uleb128 0x27
 731 00fd 19       		.uleb128 0x19
 732 00fe 49       		.uleb128 0x49
 733 00ff 13       		.uleb128 0x13
 734 0100 3C       		.uleb128 0x3c
 735 0101 19       		.uleb128 0x19
 736 0102 00       		.byte	0
 737 0103 00       		.byte	0
 738 0104 00       		.byte	0
 739              		.section	.debug_aranges,"",%progbits
 740 0000 1C000000 		.4byte	0x1c
 741 0004 0200     		.2byte	0x2
 742 0006 00000000 		.4byte	.Ldebug_info0
 743 000a 04       		.byte	0x4
 744 000b 00       		.byte	0
 745 000c 0000     		.2byte	0
 746 000e 0000     		.2byte	0
 747 0010 00000000 		.4byte	.LFB33
 748 0014 98000000 		.4byte	.LFE33-.LFB33
ARM GAS  C:\Users\EDTRIC~1\AppData\Local\Temp\ccQR24Nh.s 			page 15


 749 0018 00000000 		.4byte	0
 750 001c 00000000 		.4byte	0
 751              		.section	.debug_ranges,"",%progbits
 752              	.Ldebug_ranges0:
 753 0000 00000000 		.4byte	.LFB33
 754 0004 98000000 		.4byte	.LFE33
 755 0008 00000000 		.4byte	0
 756 000c 00000000 		.4byte	0
 757              		.section	.debug_line,"",%progbits
 758              	.Ldebug_line0:
 759 0000 9A000000 		.section	.debug_str,"MS",%progbits,1
 759      02007300 
 759      00000201 
 759      FB0E0D00 
 759      01010101 
 760              	.LASF6:
 761 0000 6C6F6E67 		.ascii	"long long int\000"
 761      206C6F6E 
 761      6720696E 
 761      7400
 762              	.LASF11:
 763 000e 75696E74 		.ascii	"uint32\000"
 763      333200
 764              	.LASF8:
 765 0015 756E7369 		.ascii	"unsigned int\000"
 765      676E6564 
 765      20696E74 
 765      00
 766              	.LASF23:
 767 0022 2E5C4C49 		.ascii	".\\LIDAR_Lite.c\000"
 767      4441525F 
 767      4C697465 
 767      2E6300
 768              	.LASF26:
 769 0031 64697374 		.ascii	"distValue\000"
 769      56616C75 
 769      6500
 770              	.LASF24:
 771 003b 433A5C55 		.ascii	"C:\\Users\\edtriccorp\\Documents\\PSoC Creator\\LID"
 771      73657273 
 771      5C656474 
 771      72696363 
 771      6F72705C 
 772 0069 41525C4C 		.ascii	"AR\\LIDAR.cydsn\000"
 772      49444152 
 772      2E637964 
 772      736E00
 773              	.LASF20:
 774 0078 43794465 		.ascii	"CyDelay\000"
 774      6C617900 
 775              	.LASF9:
 776 0080 75696E74 		.ascii	"uint8\000"
 776      3800
 777              	.LASF5:
 778 0086 6C6F6E67 		.ascii	"long unsigned int\000"
 778      20756E73 
 778      69676E65 
ARM GAS  C:\Users\EDTRIC~1\AppData\Local\Temp\ccQR24Nh.s 			page 16


 778      6420696E 
 778      7400
 779              	.LASF7:
 780 0098 6C6F6E67 		.ascii	"long long unsigned int\000"
 780      206C6F6E 
 780      6720756E 
 780      7369676E 
 780      65642069 
 781              	.LASF21:
 782 00af 4932435F 		.ascii	"I2C_I2CMasterReadBuf\000"
 782      4932434D 
 782      61737465 
 782      72526561 
 782      64427566 
 783              	.LASF3:
 784 00c4 73686F72 		.ascii	"short unsigned int\000"
 784      7420756E 
 784      7369676E 
 784      65642069 
 784      6E7400
 785              	.LASF27:
 786 00d7 4932435F 		.ascii	"I2C_I2CMasterWriteBuf\000"
 786      4932434D 
 786      61737465 
 786      72577269 
 786      74654275 
 787              	.LASF17:
 788 00ed 64697374 		.ascii	"distance\000"
 788      616E6365 
 788      00
 789              	.LASF22:
 790 00f6 474E5520 		.ascii	"GNU C 4.9.3 20150303 (release) [ARM/embedded-4_9-br"
 790      4320342E 
 790      392E3320 
 790      32303135 
 790      30333033 
 791 0129 616E6368 		.ascii	"anch revision 221220] -mcpu=cortex-m0 -mthumb -g -O"
 791      20726576 
 791      6973696F 
 791      6E203232 
 791      31323230 
 792 015c 67202D66 		.ascii	"g -ffunction-sections -ffat-lto-objects\000"
 792      66756E63 
 792      74696F6E 
 792      2D736563 
 792      74696F6E 
 793              	.LASF1:
 794 0184 756E7369 		.ascii	"unsigned char\000"
 794      676E6564 
 794      20636861 
 794      7200
 795              	.LASF14:
 796 0192 63686172 		.ascii	"char\000"
 796      00
 797              	.LASF4:
 798 0197 6C6F6E67 		.ascii	"long int\000"
 798      20696E74 
ARM GAS  C:\Users\EDTRIC~1\AppData\Local\Temp\ccQR24Nh.s 			page 17


 798      00
 799              	.LASF13:
 800 01a0 646F7562 		.ascii	"double\000"
 800      6C6500
 801              	.LASF18:
 802 01a7 72656164 		.ascii	"readbuf\000"
 802      62756600 
 803              	.LASF16:
 804 01af 6E61636B 		.ascii	"nackack\000"
 804      61636B00 
 805              	.LASF0:
 806 01b7 7369676E 		.ascii	"signed char\000"
 806      65642063 
 806      68617200 
 807              	.LASF25:
 808 01c3 67657444 		.ascii	"getDistance\000"
 808      69737461 
 808      6E636500 
 809              	.LASF12:
 810 01cf 666C6F61 		.ascii	"float\000"
 810      7400
 811              	.LASF2:
 812 01d5 73686F72 		.ascii	"short int\000"
 812      7420696E 
 812      7400
 813              	.LASF10:
 814 01df 75696E74 		.ascii	"uint16\000"
 814      313600
 815              	.LASF19:
 816 01e6 64697374 		.ascii	"distArray\000"
 816      41727261 
 816      7900
 817              	.LASF15:
 818 01f0 73697A65 		.ascii	"sizetype\000"
 818      74797065 
 818      00
 819              		.ident	"GCC: (GNU Tools for ARM Embedded Processors) 4.9.3 20150303 (release) [ARM/embedded-4_9-br
